2025-07-12T17:06:37.652Z CLI info     Config : {"userName":"dattatryamore_0u49W6","accessKey":"1x2oGUWPujQYuc8s9ZjD","projectName":"spd.com","buildName":"spd-e2e","buildIdentifier":"${BUILD_NUMBER}","consoleLogs":"info","platforms":[{"browserName":"chrome","os":"Windows","osVersion":10,"browserVersion":120}]}
2025-07-12T17:06:37.658Z CLI info [testhub:module]  [dattatryamore_0u49W6]   [47b2dcd4-676c-48d2-8a0f-458dd1d5d77a]  Starting testhub from 13306:0
2025-07-12T17:06:37.658Z CLI info [testhub:module]  [dattatryamore_0u49W6]   [47b2dcd4-676c-48d2-8a0f-458dd1d5d77a]  startBuild: payload=

{"started_at":"2025-07-12T17:06:37.658Z","host_info":{"hostname":"SHI58495EU11C1E","platform":"linux","type":"Linux","version":"#1 SMP Fri Mar 29 23:14:13 UTC 2024","arch":"x64"},"ci_info":{"build_number":null},"version_control":{"name":"git","sha":"6456911e1d188cb812b8507b428d6ce9a5b5e629","short_sha":"6456911e1d","branch":"main","tag":null,"committer":"Dattatrya More <dattatrya.more@transformco.com>","committer_date":"2025-07-12T16:51:40.000Z","author":"Dattatrya More <dattatrya.more@transformco.com>","author_date":"2025-07-11T17:43:04.000Z","commit_message":"updated github workflow","root":"/home/dmore/project/playwright-browserstack-typescript","common_git_dir":"/home/dmore/project/playwright-browserstack-typescript/.git","worktree_git_dir":"/home/dmore/project/playwright-browserstack-typescript/.git","last_tag":null,"commits_since_last_tag":null,"remotes":[{"name":"origin","url":"git@github.com:qadatta/playwright-browserstack-typescript.git"}]},"project_name":"spd.com","name":"spd-e2e","build_identifier":"20","build_run_identifier":null,"description":"","tags":[],"failed_tests_rerun":false,"accessibility":{"settings":{}},"framework_details":{"frameworkName":"Playwright","frameworkVersion":"1.50.1","sdkVersion":"1.36.7","cliVersion":"1.5.6","language":"javascript","testFramework":{"name":"Playwright","version":"1.50.1"}},"product_map":{"observability":true,"accessibility":null,"percy":false,"automate":true,"app_automate":false},"browserstackAutomation":true}
2025-07-12T17:06:37.659Z CLI info  [dattatryamore_0u49W6]   [47b2dcd4-676c-48d2-8a0f-458dd1d5d77a]  [PRODUCTION] Making POST request to https://collector-observability.browserstack.com
2025-07-12T17:06:38.978Z CLI info [testhub:module]  [dattatryamore_0u49W6]   [47b2dcd4-676c-48d2-8a0f-458dd1d5d77a]  startBuild: response=gdfirvwsveju6kdalvmurgjfllt4k5wz4feu9l30
2025-07-12T17:06:38.980Z CLI info  [dattatryamore_0u49W6]  [gdfirvwsveju6kdalvmurgjfllt4k5wz4feu9l30]  [47b2dcd4-676c-48d2-8a0f-458dd1d5d77a]  [PRODUCTION] Making POST request to https://api.browserstack.com
2025-07-12T17:06:40.453Z CLI info  [dattatryamore_0u49W6]  [gdfirvwsveju6kdalvmurgjfllt4k5wz4feu9l30]  [47b2dcd4-676c-48d2-8a0f-458dd1d5d77a]  [PRODUCTION] Making GET request to https://hub.browserstack.com
2025-07-12T17:06:40.544Z CLI info  [dattatryamore_0u49W6]  [gdfirvwsveju6kdalvmurgjfllt4k5wz4feu9l30]  [47b2dcd4-676c-48d2-8a0f-458dd1d5d77a]  [PRODUCTION] Making GET request to https://hub-aps.browserstack.com
2025-07-12T17:06:40.545Z CLI info  [dattatryamore_0u49W6]  [gdfirvwsveju6kdalvmurgjfllt4k5wz4feu9l30]  [47b2dcd4-676c-48d2-8a0f-458dd1d5d77a]  [PRODUCTION] Making GET request to https://hub-euw.browserstack.com
2025-07-12T17:06:40.545Z CLI info  [dattatryamore_0u49W6]  [gdfirvwsveju6kdalvmurgjfllt4k5wz4feu9l30]  [47b2dcd4-676c-48d2-8a0f-458dd1d5d77a]  [PRODUCTION] Making GET request to https://hub-apse.browserstack.com
2025-07-12T17:06:40.696Z CLI info  [dattatryamore_0u49W6]  [gdfirvwsveju6kdalvmurgjfllt4k5wz4feu9l30]  [47b2dcd4-676c-48d2-8a0f-458dd1d5d77a]  [PRODUCTION] Making PUT request to https://collector-observability.browserstack.com
2025-07-12T17:06:41.544Z CLI info [testhub:module]  [dattatryamore_0u49W6]  [gdfirvwsveju6kdalvmurgjfllt4k5wz4feu9l30]  [47b2dcd4-676c-48d2-8a0f-458dd1d5d77a]  stopBuild: gdfirvwsveju6kdalvmurgjfllt4k5wz4feu9l30 request={"finished_at":"2025-07-12T17:06:40.696Z","finished_metadata":[],"custom_metadata":{}} response={"data":""}
2025-07-12T17:06:41.545Z CLI info  [dattatryamore_0u49W6]  [gdfirvwsveju6kdalvmurgjfllt4k5wz4feu9l30]  [47b2dcd4-676c-48d2-8a0f-458dd1d5d77a]  [PRODUCTION] Making POST request to https://api.browserstack.com
2025-07-12T17:06:41.546Z CLI info [observability:module]  [dattatryamore_0u49W6]  [gdfirvwsveju6kdalvmurgjfllt4k5wz4feu9l30]  [47b2dcd4-676c-48d2-8a0f-458dd1d5d77a]  Visit https://observability.browserstack.com/builds/gdfirvwsveju6kdalvmurgjfllt4k5wz4feu9l30 to view build report, insights, and many more debugging information all at one place!
2025-07-12T17:06:41.547Z CLI info  [dattatryamore_0u49W6]  [gdfirvwsveju6kdalvmurgjfllt4k5wz4feu9l30]  [47b2dcd4-676c-48d2-8a0f-458dd1d5d77a]  [PRODUCTION] Making GET request to https://api.browserstack.com
2025-07-12T17:06:41.929Z CLI info  [dattatryamore_0u49W6]  [gdfirvwsveju6kdalvmurgjfllt4k5wz4feu9l30]  [47b2dcd4-676c-48d2-8a0f-458dd1d5d77a]  [PRODUCTION] Making POST request to https://eds.browserstack.com
2025-07-12T17:06:51.949Z CLI info [main]  [dattatryamore_0u49W6]  [gdfirvwsveju6kdalvmurgjfllt4k5wz4feu9l30]  [47b2dcd4-676c-48d2-8a0f-458dd1d5d77a]  Received graceful signal termination, performing cleanup
2025-07-12T17:08:05.078Z CLI info     Config : {"userName":"dattatryamore_0u49W6","accessKey":"1x2oGUWPujQYuc8s9ZjD","projectName":"spd.com","buildName":"spd-e2e","buildIdentifier":"${BUILD_NUMBER}","consoleLogs":"info","platforms":[{"browserName":"chrome","os":"Windows","osVersion":10,"browserVersion":120}]}
2025-07-12T17:08:05.086Z CLI info [testhub:module]  [dattatryamore_0u49W6]   [4e35a4b5-7073-42df-b3ea-b929cf565050]  Starting testhub from 14299:0
2025-07-12T17:08:05.086Z CLI info [testhub:module]  [dattatryamore_0u49W6]   [4e35a4b5-7073-42df-b3ea-b929cf565050]  startBuild: payload=

{"started_at":"2025-07-12T17:08:05.086Z","host_info":{"hostname":"SHI58495EU11C1E","platform":"linux","type":"Linux","version":"#1 SMP Fri Mar 29 23:14:13 UTC 2024","arch":"x64"},"ci_info":{"build_number":null},"version_control":{"name":"git","sha":"6456911e1d188cb812b8507b428d6ce9a5b5e629","short_sha":"6456911e1d","branch":"main","tag":null,"committer":"Dattatrya More <dattatrya.more@transformco.com>","committer_date":"2025-07-12T16:51:40.000Z","author":"Dattatrya More <dattatrya.more@transformco.com>","author_date":"2025-07-11T17:43:04.000Z","commit_message":"updated github workflow","root":"/home/dmore/project/playwright-browserstack-typescript","common_git_dir":"/home/dmore/project/playwright-browserstack-typescript/.git","worktree_git_dir":"/home/dmore/project/playwright-browserstack-typescript/.git","last_tag":null,"commits_since_last_tag":null,"remotes":[{"name":"origin","url":"git@github.com:qadatta/playwright-browserstack-typescript.git"}]},"project_name":"spd.com","name":"spd-e2e","build_identifier":"21","build_run_identifier":null,"description":"","tags":[],"failed_tests_rerun":false,"accessibility":{"settings":{}},"framework_details":{"frameworkName":"Playwright","frameworkVersion":"1.50.1","sdkVersion":"1.36.7","cliVersion":"1.5.6","language":"javascript","testFramework":{"name":"Playwright","version":"1.50.1"}},"product_map":{"observability":true,"accessibility":null,"percy":false,"automate":true,"app_automate":false},"browserstackAutomation":true}
2025-07-12T17:08:05.086Z CLI info  [dattatryamore_0u49W6]   [4e35a4b5-7073-42df-b3ea-b929cf565050]  [PRODUCTION] Making POST request to https://collector-observability.browserstack.com
2025-07-12T17:08:06.077Z CLI info [testhub:module]  [dattatryamore_0u49W6]   [4e35a4b5-7073-42df-b3ea-b929cf565050]  startBuild: response=nnwwyoidyyub8sdjvrpfyhpixu7vgstrkazy1nyr
2025-07-12T17:08:06.078Z CLI info  [dattatryamore_0u49W6]  [nnwwyoidyyub8sdjvrpfyhpixu7vgstrkazy1nyr]  [4e35a4b5-7073-42df-b3ea-b929cf565050]  [PRODUCTION] Making POST request to https://api.browserstack.com
2025-07-12T17:08:07.405Z CLI info  [dattatryamore_0u49W6]  [nnwwyoidyyub8sdjvrpfyhpixu7vgstrkazy1nyr]  [4e35a4b5-7073-42df-b3ea-b929cf565050]  [PRODUCTION] Making GET request to https://hub.browserstack.com
2025-07-12T17:08:07.516Z CLI info  [dattatryamore_0u49W6]  [nnwwyoidyyub8sdjvrpfyhpixu7vgstrkazy1nyr]  [4e35a4b5-7073-42df-b3ea-b929cf565050]  [PRODUCTION] Making GET request to https://hub-aps.browserstack.com
2025-07-12T17:08:07.517Z CLI info  [dattatryamore_0u49W6]  [nnwwyoidyyub8sdjvrpfyhpixu7vgstrkazy1nyr]  [4e35a4b5-7073-42df-b3ea-b929cf565050]  [PRODUCTION] Making GET request to https://hub-euw.browserstack.com
2025-07-12T17:08:07.517Z CLI info  [dattatryamore_0u49W6]  [nnwwyoidyyub8sdjvrpfyhpixu7vgstrkazy1nyr]  [4e35a4b5-7073-42df-b3ea-b929cf565050]  [PRODUCTION] Making GET request to https://hub-apse.browserstack.com
2025-07-12T17:08:08.642Z CLI info [testhub:request-queue-handler]  [dattatryamore_0u49W6]  [nnwwyoidyyub8sdjvrpfyhpixu7vgstrkazy1nyr]  [4e35a4b5-7073-42df-b3ea-b929cf565050]  Added the event {
  event_type: 'TestRunStarted',
  logs: undefined,
  test_run: {
    type: 'test',
    framework: 'Playwright',
    uuid: '48bfa57e-da41-4f53-9f52-eef1e3ad0201',
    name: 'e2e test - 1',
    body: {
      lang: 'javascript',
      code: 'async ({\n' +
        '  homePage\n' +
        '}) => {\n' +
        '  await homePage.goto("https://playwright.dev/");\n' +
        '\n' +
        '  // Expect a title "to contain" a substring.\n' +
        '  //await expect(page).toHaveTitle(/Playwright/);\n' +
        '  await homePage.verify();\n' +
        '}'
    },
    identifier: 'e2e test - 1',
    scope: 'e2e test - 1',
    scopes: [],
    custom_metadata: undefined,
    file_name: 'tests/spec/example-pom-fixture.spec.ts',
    vc_filepath: 'tests/spec/example-pom-fixture.spec.ts',
    location: 'tests/spec/example-pom-fixture.spec.ts',
    result: 'pending',
    duration_in_ms: null,
    started_at: '2025-07-12T17:08:08.622Z',
    failure: undefined,
    failure_type: undefined,
    failure_reason: null,
    retry_of: null,
    tags: [],
    customRerunParam: {
      rerun_name: ' -120:Windows 10-browserstack spec/example-pom-fixture.spec.ts e2e test - 1'
    },
    hooks: [],
    product_map: {
      observability: true,
      accessibility: false,
      percy: false,
      automate: true,
      app_automate: false
    }
  }
} to 14299:0
2025-07-12T17:08:10.081Z CLI info [testhub:request-queue-handler]  [dattatryamore_0u49W6]  [nnwwyoidyyub8sdjvrpfyhpixu7vgstrkazy1nyr]  [4e35a4b5-7073-42df-b3ea-b929cf565050]  Processing batch event [
  {
    event_type: 'TestRunStarted',
    logs: undefined,
    test_run: {
      type: 'test',
      framework: 'Playwright',
      uuid: '48bfa57e-da41-4f53-9f52-eef1e3ad0201',
      name: 'e2e test - 1',
      body: [Object],
      identifier: 'e2e test - 1',
      scope: 'e2e test - 1',
      scopes: [],
      custom_metadata: undefined,
      file_name: 'tests/spec/example-pom-fixture.spec.ts',
      vc_filepath: 'tests/spec/example-pom-fixture.spec.ts',
      location: 'tests/spec/example-pom-fixture.spec.ts',
      result: 'pending',
      duration_in_ms: null,
      started_at: '2025-07-12T17:08:08.622Z',
      failure: undefined,
      failure_type: undefined,
      failure_reason: null,
      retry_of: null,
      tags: [],
      customRerunParam: [Object],
      hooks: [],
      product_map: [Object]
    }
  }
] to 14299:0
2025-07-12T17:08:10.082Z CLI info  [dattatryamore_0u49W6]  [nnwwyoidyyub8sdjvrpfyhpixu7vgstrkazy1nyr]  [4e35a4b5-7073-42df-b3ea-b929cf565050]  [PRODUCTION] Making POST request to https://collector-observability.browserstack.com
2025-07-12T17:08:18.341Z CLI info [testhub:request-queue-handler]  [dattatryamore_0u49W6]  [nnwwyoidyyub8sdjvrpfyhpixu7vgstrkazy1nyr]  [4e35a4b5-7073-42df-b3ea-b929cf565050]  Added the event {
  event_type: 'TestRunFinished',
  logs: [
    {
      kind: 'TEST_ATTACHMENT',
      timestamp: '2025-07-12T17:08:18.330Z',
      test_run_uuid: '48bfa57e-da41-4f53-9f52-eef1e3ad0201',
      file_name: 'trace.zip',
      file_size: 1211101,
      attachment_type: 'PLAYWRIGHT_TRACE_LOGS'
    }
  ],
  test_run: {
    type: 'test',
    framework: 'Playwright',
    uuid: '48bfa57e-da41-4f53-9f52-eef1e3ad0201',
    name: 'e2e test - 1',
    body: {
      lang: 'javascript',
      code: 'async ({\n' +
        '  homePage\n' +
        '}) => {\n' +
        '  await homePage.goto("https://playwright.dev/");\n' +
        '\n' +
        '  // Expect a title "to contain" a substring.\n' +
        '  //await expect(page).toHaveTitle(/Playwright/);\n' +
        '  await homePage.verify();\n' +
        '}'
    },
    identifier: 'e2e test - 1',
    scope: 'e2e test - 1',
    scopes: [],
    custom_metadata: {},
    file_name: 'tests/spec/example-pom-fixture.spec.ts',
    vc_filepath: 'tests/spec/example-pom-fixture.spec.ts',
    location: 'tests/spec/example-pom-fixture.spec.ts',
    result: 'passed',
    duration_in_ms: 3992,
    started_at: '2025-07-12T17:08:08.622Z',
    finished_at: '2025-07-12T17:08:12.614Z',
    failure: null,
    failure_type: undefined,
    failure_reason: null,
    retry_of: null,
    tags: [],
    customRerunParam: {
      rerun_name: ' -120:Windows 10-browserstack spec/example-pom-fixture.spec.ts e2e test - 1'
    },
    hooks: [],
    product_map: {
      observability: true,
      accessibility: false,
      percy: false,
      automate: true,
      app_automate: false
    }
  }
} to 14299:0
2025-07-12T17:08:18.350Z CLI info [observability:node]  [dattatryamore_0u49W6]  [nnwwyoidyyub8sdjvrpfyhpixu7vgstrkazy1nyr]  [4e35a4b5-7073-42df-b3ea-b929cf565050]  uploadAttachmentEvents: attachmentEvents=[{"testFrameworkName":"Playwright","testFrameworkVersion":"1.50.1","testFrameworkState":"TEST","timestamp":"2025-07-12T17:08:18.334Z","uuid":"48bfa57e-da41-4f53-9f52-eef1e3ad0201","kind":"TEST_ATTACHMENT","message":"{\"kind\":\"TEST_ATTACHMENT\",\"timestamp\":\"2025-07-12T17:08:18.334Z\",\"test_run_uuid\":\"48bfa57e-da41-4f53-9f52-eef1e3ad0201\",\"fileName\":\"trace.zip\",\"filePath\":\"/home/dmore/project/playwright-browserstack-typescript/test-results/spec-example-pom-fixture-e2e-test---1--120-Windows-10-browserstack/trace.zip\",\"fileSize\":1211101,\"attachment_type\":\"PLAYWRIGHT_TRACE_LOGS\"}","fileName":"trace.zip","fileSize":{"low":1211101,"high":0,"unsigned":false},"filePath":"/home/dmore/project/playwright-browserstack-typescript/test-results/spec-example-pom-fixture-e2e-test---1--120-Windows-10-browserstack/trace.zip","attachmentType":"PLAYWRIGHT_TRACE_LOGS","test_run_uuid":"48bfa57e-da41-4f53-9f52-eef1e3ad0201"}]
2025-07-12T17:08:18.350Z CLI info [testhub:request-queue-handler]  [dattatryamore_0u49W6]  [nnwwyoidyyub8sdjvrpfyhpixu7vgstrkazy1nyr]  [4e35a4b5-7073-42df-b3ea-b929cf565050]  Added the event {
  event_type: 'LogCreated',
  logs: [
    {
      testFrameworkName: 'Playwright',
      testFrameworkVersion: '1.50.1',
      testFrameworkState: 'TEST',
      timestamp: '2025-07-12T17:08:15.195Z',
      uuid: '48bfa57e-da41-4f53-9f52-eef1e3ad0201',
      kind: 'TEST_STEP',
      message: 'page.goto(https://playwright.dev/)',
      level: 'passed',
      fileName: '',
      fileSize: [Long],
      filePath: '',
      attachmentType: '',
      test_run_uuid: '48bfa57e-da41-4f53-9f52-eef1e3ad0201'
    },
    {
      testFrameworkName: 'Playwright',
      testFrameworkVersion: '1.50.1',
      testFrameworkState: 'TEST',
      timestamp: '2025-07-12T17:08:16.119Z',
      uuid: '48bfa57e-da41-4f53-9f52-eef1e3ad0201',
      kind: 'TEST_STEP',
      message: 'expect.toHaveTitle',
      level: 'passed',
      fileName: '',
      fileSize: [Long],
      filePath: '',
      attachmentType: '',
      test_run_uuid: '48bfa57e-da41-4f53-9f52-eef1e3ad0201'
    }
  ]
} to 14299:0
2025-07-12T17:08:18.350Z CLI info  [dattatryamore_0u49W6]  [nnwwyoidyyub8sdjvrpfyhpixu7vgstrkazy1nyr]  [4e35a4b5-7073-42df-b3ea-b929cf565050]  [PRODUCTION] Making POST request to https://collector-observability.browserstack.com
2025-07-12T17:08:18.351Z CLI info [observability:node]  [dattatryamore_0u49W6]  [nnwwyoidyyub8sdjvrpfyhpixu7vgstrkazy1nyr]  [4e35a4b5-7073-42df-b3ea-b929cf565050]  uploadAttachmentEvents: transformedEvents=[{"kind":"TEST_ATTACHMENT","data":{"fd":null,"path":"/home/dmore/project/playwright-browserstack-typescript/test-results/spec-example-pom-fixture-e2e-test---1--120-Windows-10-browserstack/trace.zip","flags":"r","mode":438,"end":null,"bytesRead":0,"_readableState":{"state":6176,"highWaterMark":65536,"buffer":{"head":null,"tail":null,"length":0},"length":0,"pipes":[],"flowing":null,"errored":null,"defaultEncoding":"utf8","awaitDrainWriters":null,"decoder":null,"encoding":null},"_events":{},"_eventsCount":1},"timestamp":"2025-07-12T17:08:18.334Z","fileName":"trace.zip","fileSize":1211101,"attachmentType":"PLAYWRIGHT_TRACE_LOGS","test_run_uuid":"48bfa57e-da41-4f53-9f52-eef1e3ad0201"}]
2025-07-12T17:08:18.352Z CLI info  [dattatryamore_0u49W6]  [nnwwyoidyyub8sdjvrpfyhpixu7vgstrkazy1nyr]  [4e35a4b5-7073-42df-b3ea-b929cf565050]  [PRODUCTION] Making POST request to https://collector-observability.browserstack.com
2025-07-12T17:08:23.042Z CLI info [testhub:request-queue-handler]  [dattatryamore_0u49W6]  [nnwwyoidyyub8sdjvrpfyhpixu7vgstrkazy1nyr]  [4e35a4b5-7073-42df-b3ea-b929cf565050]  Processing batch event [
  {
    event_type: 'TestRunFinished',
    logs: [ [Object] ],
    test_run: {
      type: 'test',
      framework: 'Playwright',
      uuid: '48bfa57e-da41-4f53-9f52-eef1e3ad0201',
      name: 'e2e test - 1',
      body: [Object],
      identifier: 'e2e test - 1',
      scope: 'e2e test - 1',
      scopes: [],
      custom_metadata: {},
      file_name: 'tests/spec/example-pom-fixture.spec.ts',
      vc_filepath: 'tests/spec/example-pom-fixture.spec.ts',
      location: 'tests/spec/example-pom-fixture.spec.ts',
      result: 'passed',
      duration_in_ms: 3992,
      started_at: '2025-07-12T17:08:08.622Z',
      finished_at: '2025-07-12T17:08:12.614Z',
      failure: null,
      failure_type: undefined,
      failure_reason: null,
      retry_of: null,
      tags: [],
      customRerunParam: [Object],
      hooks: [],
      product_map: [Object]
    }
  },
  { event_type: 'LogCreated', logs: [ [Object], [Object] ] }
] to 14299:0
2025-07-12T17:08:23.043Z CLI info  [dattatryamore_0u49W6]  [nnwwyoidyyub8sdjvrpfyhpixu7vgstrkazy1nyr]  [4e35a4b5-7073-42df-b3ea-b929cf565050]  [PRODUCTION] Making POST request to https://collector-observability.browserstack.com
2025-07-12T17:08:26.002Z CLI info  [dattatryamore_0u49W6]  [nnwwyoidyyub8sdjvrpfyhpixu7vgstrkazy1nyr]  [4e35a4b5-7073-42df-b3ea-b929cf565050]  [PRODUCTION] Making PUT request to https://collector-observability.browserstack.com
2025-07-12T17:08:26.746Z CLI info [testhub:module]  [dattatryamore_0u49W6]  [nnwwyoidyyub8sdjvrpfyhpixu7vgstrkazy1nyr]  [4e35a4b5-7073-42df-b3ea-b929cf565050]  stopBuild: nnwwyoidyyub8sdjvrpfyhpixu7vgstrkazy1nyr request={"finished_at":"2025-07-12T17:08:21.370Z","finished_metadata":[],"custom_metadata":{}} response={"data":""}
2025-07-12T17:08:26.748Z CLI info  [dattatryamore_0u49W6]  [nnwwyoidyyub8sdjvrpfyhpixu7vgstrkazy1nyr]  [4e35a4b5-7073-42df-b3ea-b929cf565050]  [PRODUCTION] Making POST request to https://api.browserstack.com
2025-07-12T17:08:26.750Z CLI info [observability:module]  [dattatryamore_0u49W6]  [nnwwyoidyyub8sdjvrpfyhpixu7vgstrkazy1nyr]  [4e35a4b5-7073-42df-b3ea-b929cf565050]  Visit https://observability.browserstack.com/builds/nnwwyoidyyub8sdjvrpfyhpixu7vgstrkazy1nyr to view build report, insights, and many more debugging information all at one place!
2025-07-12T17:08:26.754Z CLI info  [dattatryamore_0u49W6]  [nnwwyoidyyub8sdjvrpfyhpixu7vgstrkazy1nyr]  [4e35a4b5-7073-42df-b3ea-b929cf565050]  [PRODUCTION] Making GET request to https://api.browserstack.com
2025-07-12T17:08:27.161Z CLI info  [dattatryamore_0u49W6]  [nnwwyoidyyub8sdjvrpfyhpixu7vgstrkazy1nyr]  [4e35a4b5-7073-42df-b3ea-b929cf565050]  [PRODUCTION] Making POST request to https://eds.browserstack.com
2025-07-12T17:08:37.196Z CLI info [main]  [dattatryamore_0u49W6]  [nnwwyoidyyub8sdjvrpfyhpixu7vgstrkazy1nyr]  [4e35a4b5-7073-42df-b3ea-b929cf565050]  Received graceful signal termination, performing cleanup
2025-07-12T17:09:26.055Z CLI info     Config : {"userName":"dattatryamore_0u49W6","accessKey":"1x2oGUWPujQYuc8s9ZjD","projectName":"spd.com","buildName":"spd-e2e","buildIdentifier":"${BUILD_NUMBER}","consoleLogs":"info","platforms":[{"browserName":"chrome","os":"Windows","osVersion":10,"browserVersion":120},{"browserName":"playwright-webkit","os":"OS X","osVersion":"Monterey","browserVersion":18},{"browserName":"chrome","osVersion":12,"deviceName":"Samsung Galaxy S22 Ultra"}]}
2025-07-12T17:09:26.062Z CLI info [testhub:module]  [dattatryamore_0u49W6]   [a02fe7e5-d4ef-4ddc-8293-2078f9a50561]  Starting testhub from 15451:0
2025-07-12T17:09:26.062Z CLI info [testhub:module]  [dattatryamore_0u49W6]   [a02fe7e5-d4ef-4ddc-8293-2078f9a50561]  startBuild: payload=

{"started_at":"2025-07-12T17:09:26.062Z","host_info":{"hostname":"SHI58495EU11C1E","platform":"linux","type":"Linux","version":"#1 SMP Fri Mar 29 23:14:13 UTC 2024","arch":"x64"},"ci_info":{"build_number":null},"version_control":{"name":"git","sha":"6456911e1d188cb812b8507b428d6ce9a5b5e629","short_sha":"6456911e1d","branch":"main","tag":null,"committer":"Dattatrya More <dattatrya.more@transformco.com>","committer_date":"2025-07-12T16:51:40.000Z","author":"Dattatrya More <dattatrya.more@transformco.com>","author_date":"2025-07-11T17:43:04.000Z","commit_message":"updated github workflow","root":"/home/dmore/project/playwright-browserstack-typescript","common_git_dir":"/home/dmore/project/playwright-browserstack-typescript/.git","worktree_git_dir":"/home/dmore/project/playwright-browserstack-typescript/.git","last_tag":null,"commits_since_last_tag":null,"remotes":[{"name":"origin","url":"git@github.com:qadatta/playwright-browserstack-typescript.git"}]},"project_name":"spd.com","name":"spd-e2e","build_identifier":"22","build_run_identifier":null,"description":"","tags":[],"failed_tests_rerun":false,"accessibility":{"settings":{}},"framework_details":{"frameworkName":"Playwright","frameworkVersion":"1.50.1","sdkVersion":"1.36.7","cliVersion":"1.5.6","language":"javascript","testFramework":{"name":"Playwright","version":"1.50.1"}},"product_map":{"observability":true,"accessibility":null,"percy":false,"automate":true,"app_automate":false},"browserstackAutomation":true}
2025-07-12T17:09:26.062Z CLI info  [dattatryamore_0u49W6]   [a02fe7e5-d4ef-4ddc-8293-2078f9a50561]  [PRODUCTION] Making POST request to https://collector-observability.browserstack.com
2025-07-12T17:09:27.071Z CLI info [testhub:module]  [dattatryamore_0u49W6]   [a02fe7e5-d4ef-4ddc-8293-2078f9a50561]  startBuild: response=9daazgeqrp4ksohuicwvmu6acictnt1tvhzrpsyu
2025-07-12T17:09:27.073Z CLI info  [dattatryamore_0u49W6]  [9daazgeqrp4ksohuicwvmu6acictnt1tvhzrpsyu]  [a02fe7e5-d4ef-4ddc-8293-2078f9a50561]  [PRODUCTION] Making POST request to https://api.browserstack.com
2025-07-12T17:09:28.261Z CLI info  [dattatryamore_0u49W6]  [9daazgeqrp4ksohuicwvmu6acictnt1tvhzrpsyu]  [a02fe7e5-d4ef-4ddc-8293-2078f9a50561]  [PRODUCTION] Making GET request to https://hub.browserstack.com
2025-07-12T17:09:28.326Z CLI info  [dattatryamore_0u49W6]  [9daazgeqrp4ksohuicwvmu6acictnt1tvhzrpsyu]  [a02fe7e5-d4ef-4ddc-8293-2078f9a50561]  [PRODUCTION] Making GET request to https://hub-aps.browserstack.com
2025-07-12T17:09:28.327Z CLI info  [dattatryamore_0u49W6]  [9daazgeqrp4ksohuicwvmu6acictnt1tvhzrpsyu]  [a02fe7e5-d4ef-4ddc-8293-2078f9a50561]  [PRODUCTION] Making GET request to https://hub-euw.browserstack.com
2025-07-12T17:09:28.327Z CLI info  [dattatryamore_0u49W6]  [9daazgeqrp4ksohuicwvmu6acictnt1tvhzrpsyu]  [a02fe7e5-d4ef-4ddc-8293-2078f9a50561]  [PRODUCTION] Making GET request to https://hub-apse.browserstack.com
2025-07-12T17:09:28.471Z CLI info  [dattatryamore_0u49W6]  [9daazgeqrp4ksohuicwvmu6acictnt1tvhzrpsyu]  [a02fe7e5-d4ef-4ddc-8293-2078f9a50561]  [PRODUCTION] Making PUT request to https://collector-observability.browserstack.com
2025-07-12T17:09:32.157Z CLI info [testhub:module]  [dattatryamore_0u49W6]  [9daazgeqrp4ksohuicwvmu6acictnt1tvhzrpsyu]  [a02fe7e5-d4ef-4ddc-8293-2078f9a50561]  stopBuild: 9daazgeqrp4ksohuicwvmu6acictnt1tvhzrpsyu request={"finished_at":"2025-07-12T17:09:28.471Z","finished_metadata":[],"custom_metadata":{}} response={"data":""}
2025-07-12T17:09:32.158Z CLI info  [dattatryamore_0u49W6]  [9daazgeqrp4ksohuicwvmu6acictnt1tvhzrpsyu]  [a02fe7e5-d4ef-4ddc-8293-2078f9a50561]  [PRODUCTION] Making POST request to https://api.browserstack.com
2025-07-12T17:09:32.158Z CLI info [observability:module]  [dattatryamore_0u49W6]  [9daazgeqrp4ksohuicwvmu6acictnt1tvhzrpsyu]  [a02fe7e5-d4ef-4ddc-8293-2078f9a50561]  Visit https://observability.browserstack.com/builds/9daazgeqrp4ksohuicwvmu6acictnt1tvhzrpsyu to view build report, insights, and many more debugging information all at one place!
2025-07-12T17:09:32.160Z CLI info  [dattatryamore_0u49W6]  [9daazgeqrp4ksohuicwvmu6acictnt1tvhzrpsyu]  [a02fe7e5-d4ef-4ddc-8293-2078f9a50561]  [PRODUCTION] Making GET request to https://api.browserstack.com
2025-07-12T17:09:32.499Z CLI info  [dattatryamore_0u49W6]  [9daazgeqrp4ksohuicwvmu6acictnt1tvhzrpsyu]  [a02fe7e5-d4ef-4ddc-8293-2078f9a50561]  [PRODUCTION] Making POST request to https://eds.browserstack.com
2025-07-12T17:10:23.867Z CLI info     Config : {"userName":"dattatryamore_0u49W6","accessKey":"1x2oGUWPujQYuc8s9ZjD","projectName":"spd.com","buildName":"spd-e2e","buildIdentifier":"${BUILD_NUMBER}","consoleLogs":"info","platforms":[{"browserName":"chrome","os":"Windows","osVersion":10,"browserVersion":120},{"browserName":"playwright-webkit","os":"OS X","osVersion":"Monterey","browserVersion":18},{"browserName":"chrome","osVersion":12,"deviceName":"Samsung Galaxy S22 Ultra"}]}
2025-07-12T17:10:23.874Z CLI info [testhub:module]  [dattatryamore_0u49W6]   [8f35e668-a0c6-43f1-9726-f0de5f3cdd50]  Starting testhub from 16766:0
2025-07-12T17:10:23.875Z CLI info [testhub:module]  [dattatryamore_0u49W6]   [8f35e668-a0c6-43f1-9726-f0de5f3cdd50]  startBuild: payload=

{"started_at":"2025-07-12T17:10:23.874Z","host_info":{"hostname":"SHI58495EU11C1E","platform":"linux","type":"Linux","version":"#1 SMP Fri Mar 29 23:14:13 UTC 2024","arch":"x64"},"ci_info":{"build_number":null},"version_control":{"name":"git","sha":"6456911e1d188cb812b8507b428d6ce9a5b5e629","short_sha":"6456911e1d","branch":"main","tag":null,"committer":"Dattatrya More <dattatrya.more@transformco.com>","committer_date":"2025-07-12T16:51:40.000Z","author":"Dattatrya More <dattatrya.more@transformco.com>","author_date":"2025-07-11T17:43:04.000Z","commit_message":"updated github workflow","root":"/home/dmore/project/playwright-browserstack-typescript","common_git_dir":"/home/dmore/project/playwright-browserstack-typescript/.git","worktree_git_dir":"/home/dmore/project/playwright-browserstack-typescript/.git","last_tag":null,"commits_since_last_tag":null,"remotes":[{"name":"origin","url":"git@github.com:qadatta/playwright-browserstack-typescript.git"}]},"project_name":"spd.com","name":"spd-e2e","build_identifier":"23","build_run_identifier":null,"description":"","tags":[],"failed_tests_rerun":false,"accessibility":{"settings":{}},"framework_details":{"frameworkName":"Playwright","frameworkVersion":"1.50.1","sdkVersion":"1.36.7","cliVersion":"1.5.6","language":"javascript","testFramework":{"name":"Playwright","version":"1.50.1"}},"product_map":{"observability":true,"accessibility":null,"percy":false,"automate":true,"app_automate":false},"browserstackAutomation":true}
2025-07-12T17:10:23.875Z CLI info  [dattatryamore_0u49W6]   [8f35e668-a0c6-43f1-9726-f0de5f3cdd50]  [PRODUCTION] Making POST request to https://collector-observability.browserstack.com
2025-07-12T17:10:24.870Z CLI info [testhub:module]  [dattatryamore_0u49W6]   [8f35e668-a0c6-43f1-9726-f0de5f3cdd50]  startBuild: response=fmbccyncdfhp2yqzogjrgcwgz9d9jauga9v5ksyi
2025-07-12T17:10:24.871Z CLI info  [dattatryamore_0u49W6]  [fmbccyncdfhp2yqzogjrgcwgz9d9jauga9v5ksyi]  [8f35e668-a0c6-43f1-9726-f0de5f3cdd50]  [PRODUCTION] Making POST request to https://api.browserstack.com
2025-07-12T17:10:26.407Z CLI info  [dattatryamore_0u49W6]  [fmbccyncdfhp2yqzogjrgcwgz9d9jauga9v5ksyi]  [8f35e668-a0c6-43f1-9726-f0de5f3cdd50]  [PRODUCTION] Making GET request to https://hub.browserstack.com
2025-07-12T17:10:26.489Z CLI info  [dattatryamore_0u49W6]  [fmbccyncdfhp2yqzogjrgcwgz9d9jauga9v5ksyi]  [8f35e668-a0c6-43f1-9726-f0de5f3cdd50]  [PRODUCTION] Making GET request to https://hub-aps.browserstack.com
2025-07-12T17:10:26.489Z CLI info  [dattatryamore_0u49W6]  [fmbccyncdfhp2yqzogjrgcwgz9d9jauga9v5ksyi]  [8f35e668-a0c6-43f1-9726-f0de5f3cdd50]  [PRODUCTION] Making GET request to https://hub-euw.browserstack.com
2025-07-12T17:10:26.489Z CLI info  [dattatryamore_0u49W6]  [fmbccyncdfhp2yqzogjrgcwgz9d9jauga9v5ksyi]  [8f35e668-a0c6-43f1-9726-f0de5f3cdd50]  [PRODUCTION] Making GET request to https://hub-apse.browserstack.com
2025-07-12T17:10:27.641Z CLI info [testhub:request-queue-handler]  [dattatryamore_0u49W6]  [fmbccyncdfhp2yqzogjrgcwgz9d9jauga9v5ksyi]  [8f35e668-a0c6-43f1-9726-f0de5f3cdd50]  Added the event {
  event_type: 'TestRunStarted',
  logs: undefined,
  test_run: {
    type: 'test',
    framework: 'Playwright',
    uuid: 'e12514cd-01ef-473b-b377-be9a93089d1b',
    name: 'e2e test - 1',
    body: {
      lang: 'javascript',
      code: 'async ({\n' +
        '  homePage\n' +
        '}) => {\n' +
        '  await homePage.goto("https://playwright.dev/");\n' +
        '\n' +
        '  // Expect a title "to contain" a substring.\n' +
        '  //await expect(page).toHaveTitle(/Playwright/);\n' +
        '  await homePage.verify();\n' +
        '}'
    },
    identifier: 'e2e test - 1',
    scope: 'e2e test - 1',
    scopes: [],
    custom_metadata: undefined,
    file_name: 'tests/spec/example-pom-fixture.spec.ts',
    vc_filepath: 'tests/spec/example-pom-fixture.spec.ts',
    location: 'tests/spec/example-pom-fixture.spec.ts',
    result: 'pending',
    duration_in_ms: null,
    started_at: '2025-07-12T17:10:27.625Z',
    failure: undefined,
    failure_type: undefined,
    failure_reason: null,
    retry_of: null,
    tags: [],
    customRerunParam: {
      rerun_name: ' -Samsung Galaxy S22 Ultra:12-browserstack-mobile spec/example-pom-fixture.spec.ts e2e test - 1'
    },
    hooks: [],
    product_map: {
      observability: true,
      accessibility: false,
      percy: false,
      automate: true,
      app_automate: false
    }
  }
} to 16766:0
2025-07-12T17:10:28.872Z CLI info [testhub:request-queue-handler]  [dattatryamore_0u49W6]  [fmbccyncdfhp2yqzogjrgcwgz9d9jauga9v5ksyi]  [8f35e668-a0c6-43f1-9726-f0de5f3cdd50]  Processing batch event [
  {
    event_type: 'TestRunStarted',
    logs: undefined,
    test_run: {
      type: 'test',
      framework: 'Playwright',
      uuid: 'e12514cd-01ef-473b-b377-be9a93089d1b',
      name: 'e2e test - 1',
      body: [Object],
      identifier: 'e2e test - 1',
      scope: 'e2e test - 1',
      scopes: [],
      custom_metadata: undefined,
      file_name: 'tests/spec/example-pom-fixture.spec.ts',
      vc_filepath: 'tests/spec/example-pom-fixture.spec.ts',
      location: 'tests/spec/example-pom-fixture.spec.ts',
      result: 'pending',
      duration_in_ms: null,
      started_at: '2025-07-12T17:10:27.625Z',
      failure: undefined,
      failure_type: undefined,
      failure_reason: null,
      retry_of: null,
      tags: [],
      customRerunParam: [Object],
      hooks: [],
      product_map: [Object]
    }
  }
] to 16766:0
2025-07-12T17:10:28.874Z CLI info  [dattatryamore_0u49W6]  [fmbccyncdfhp2yqzogjrgcwgz9d9jauga9v5ksyi]  [8f35e668-a0c6-43f1-9726-f0de5f3cdd50]  [PRODUCTION] Making POST request to https://collector-observability.browserstack.com
2025-07-12T17:10:34.455Z CLI info [testhub:request-queue-handler]  [dattatryamore_0u49W6]  [fmbccyncdfhp2yqzogjrgcwgz9d9jauga9v5ksyi]  [8f35e668-a0c6-43f1-9726-f0de5f3cdd50]  Added the event {
  event_type: 'TestRunFinished',
  logs: [
    {
      kind: 'TEST_ATTACHMENT',
      timestamp: '2025-07-12T17:10:34.435Z',
      test_run_uuid: 'e12514cd-01ef-473b-b377-be9a93089d1b',
      file_name: 'trace.zip',
      file_size: 1302,
      attachment_type: 'PLAYWRIGHT_TRACE_LOGS'
    }
  ],
  test_run: {
    type: 'test',
    framework: 'Playwright',
    uuid: 'e12514cd-01ef-473b-b377-be9a93089d1b',
    name: 'e2e test - 1',
    body: {
      lang: 'javascript',
      code: 'async ({\n' +
        '  homePage\n' +
        '}) => {\n' +
        '  await homePage.goto("https://playwright.dev/");\n' +
        '\n' +
        '  // Expect a title "to contain" a substring.\n' +
        '  //await expect(page).toHaveTitle(/Playwright/);\n' +
        '  await homePage.verify();\n' +
        '}'
    },
    identifier: 'e2e test - 1',
    scope: 'e2e test - 1',
    scopes: [],
    custom_metadata: {},
    file_name: 'tests/spec/example-pom-fixture.spec.ts',
    vc_filepath: 'tests/spec/example-pom-fixture.spec.ts',
    location: 'tests/spec/example-pom-fixture.spec.ts',
    result: 'failed',
    duration_in_ms: 8,
    started_at: '2025-07-12T17:10:27.625Z',
    finished_at: '2025-07-12T17:10:27.633Z',
    failure: [ [Object] ],
    failure_type: 'UnhandledError',
    failure_reason: null,
    retry_of: null,
    tags: [],
    customRerunParam: {
      rerun_name: ' -Samsung Galaxy S22 Ultra:12-browserstack-mobile spec/example-pom-fixture.spec.ts e2e test - 1'
    },
    hooks: [],
    product_map: {
      observability: true,
      accessibility: false,
      percy: false,
      automate: true,
      app_automate: false
    }
  }
} to 16766:0
2025-07-12T17:10:34.457Z CLI info [observability:node]  [dattatryamore_0u49W6]  [fmbccyncdfhp2yqzogjrgcwgz9d9jauga9v5ksyi]  [8f35e668-a0c6-43f1-9726-f0de5f3cdd50]  uploadAttachmentEvents: attachmentEvents=[{"testFrameworkName":"Playwright","testFrameworkVersion":"1.50.1","testFrameworkState":"TEST","timestamp":"2025-07-12T17:10:34.441Z","uuid":"e12514cd-01ef-473b-b377-be9a93089d1b","kind":"TEST_ATTACHMENT","message":"{\"kind\":\"TEST_ATTACHMENT\",\"timestamp\":\"2025-07-12T17:10:34.441Z\",\"test_run_uuid\":\"e12514cd-01ef-473b-b377-be9a93089d1b\",\"fileName\":\"trace.zip\",\"filePath\":\"/home/dmore/project/playwright-browserstack-typescript/test-results/spec-example-pom-fixture-e2e-test---1--Samsung-Galaxy-S22-Ultra-12-browserstack-mobile/trace.zip\",\"fileSize\":1302,\"attachment_type\":\"PLAYWRIGHT_TRACE_LOGS\"}","fileName":"trace.zip","fileSize":{"low":1302,"high":0,"unsigned":false},"filePath":"/home/dmore/project/playwright-browserstack-typescript/test-results/spec-example-pom-fixture-e2e-test---1--Samsung-Galaxy-S22-Ultra-12-browserstack-mobile/trace.zip","attachmentType":"PLAYWRIGHT_TRACE_LOGS","test_run_uuid":"e12514cd-01ef-473b-b377-be9a93089d1b"}]
2025-07-12T17:10:34.460Z CLI info [testhub:request-queue-handler]  [dattatryamore_0u49W6]  [fmbccyncdfhp2yqzogjrgcwgz9d9jauga9v5ksyi]  [8f35e668-a0c6-43f1-9726-f0de5f3cdd50]  Added the event {
  event_type: 'LogCreated',
  logs: [
    {
      testFrameworkName: 'Playwright',
      testFrameworkVersion: '1.50.1',
      testFrameworkState: 'TEST',
      timestamp: '2025-07-12T17:10:34.412Z',
      uuid: 'e12514cd-01ef-473b-b377-be9a93089d1b',
      kind: 'TEST_STEP',
      message: 'fixture: browser',
      level: 'passed',
      fileName: '',
      fileSize: [Long],
      filePath: '',
      attachmentType: '',
      test_run_uuid: 'e12514cd-01ef-473b-b377-be9a93089d1b'
    }
  ]
} to 16766:0
2025-07-12T17:10:34.461Z CLI info [observability:node]  [dattatryamore_0u49W6]  [fmbccyncdfhp2yqzogjrgcwgz9d9jauga9v5ksyi]  [8f35e668-a0c6-43f1-9726-f0de5f3cdd50]  uploadAttachmentEvents: transformedEvents=[{"kind":"TEST_ATTACHMENT","data":{"fd":null,"path":"/home/dmore/project/playwright-browserstack-typescript/test-results/spec-example-pom-fixture-e2e-test---1--Samsung-Galaxy-S22-Ultra-12-browserstack-mobile/trace.zip","flags":"r","mode":438,"end":null,"bytesRead":0,"_readableState":{"state":6176,"highWaterMark":65536,"buffer":{"head":null,"tail":null,"length":0},"length":0,"pipes":[],"flowing":null,"errored":null,"defaultEncoding":"utf8","awaitDrainWriters":null,"decoder":null,"encoding":null},"_events":{},"_eventsCount":1},"timestamp":"2025-07-12T17:10:34.441Z","fileName":"trace.zip","fileSize":1302,"attachmentType":"PLAYWRIGHT_TRACE_LOGS","test_run_uuid":"e12514cd-01ef-473b-b377-be9a93089d1b"}]
2025-07-12T17:10:34.461Z CLI info  [dattatryamore_0u49W6]  [fmbccyncdfhp2yqzogjrgcwgz9d9jauga9v5ksyi]  [8f35e668-a0c6-43f1-9726-f0de5f3cdd50]  [PRODUCTION] Making POST request to https://collector-observability.browserstack.com
2025-07-12T17:10:34.874Z CLI info [testhub:request-queue-handler]  [dattatryamore_0u49W6]  [fmbccyncdfhp2yqzogjrgcwgz9d9jauga9v5ksyi]  [8f35e668-a0c6-43f1-9726-f0de5f3cdd50]  Processing batch event [
  {
    event_type: 'TestRunFinished',
    logs: [ [Object] ],
    test_run: {
      type: 'test',
      framework: 'Playwright',
      uuid: 'e12514cd-01ef-473b-b377-be9a93089d1b',
      name: 'e2e test - 1',
      body: [Object],
      identifier: 'e2e test - 1',
      scope: 'e2e test - 1',
      scopes: [],
      custom_metadata: {},
      file_name: 'tests/spec/example-pom-fixture.spec.ts',
      vc_filepath: 'tests/spec/example-pom-fixture.spec.ts',
      location: 'tests/spec/example-pom-fixture.spec.ts',
      result: 'failed',
      duration_in_ms: 8,
      started_at: '2025-07-12T17:10:27.625Z',
      finished_at: '2025-07-12T17:10:27.633Z',
      failure: [Array],
      failure_type: 'UnhandledError',
      failure_reason: null,
      retry_of: null,
      tags: [],
      customRerunParam: [Object],
      hooks: [],
      product_map: [Object]
    }
  },
  { event_type: 'LogCreated', logs: [ [Object] ] }
] to 16766:0
2025-07-12T17:10:34.874Z CLI info  [dattatryamore_0u49W6]  [fmbccyncdfhp2yqzogjrgcwgz9d9jauga9v5ksyi]  [8f35e668-a0c6-43f1-9726-f0de5f3cdd50]  [PRODUCTION] Making POST request to https://collector-observability.browserstack.com
2025-07-12T17:11:24.415Z CLI info [main]  [dattatryamore_0u49W6]  [fmbccyncdfhp2yqzogjrgcwgz9d9jauga9v5ksyi]  [8f35e668-a0c6-43f1-9726-f0de5f3cdd50]  Received graceful signal termination, performing cleanup
2025-07-12T17:11:24.418Z CLI info  [dattatryamore_0u49W6]  [fmbccyncdfhp2yqzogjrgcwgz9d9jauga9v5ksyi]  [8f35e668-a0c6-43f1-9726-f0de5f3cdd50]  [PRODUCTION] Making PUT request to https://collector-observability.browserstack.com
2025-07-12T17:11:24.433Z CLI info  [dattatryamore_0u49W6]  [fmbccyncdfhp2yqzogjrgcwgz9d9jauga9v5ksyi]  [8f35e668-a0c6-43f1-9726-f0de5f3cdd50]  [PRODUCTION] Making PUT request to https://collector-observability.browserstack.com
2025-07-12T17:11:24.436Z CLI info  [dattatryamore_0u49W6]  [fmbccyncdfhp2yqzogjrgcwgz9d9jauga9v5ksyi]  [8f35e668-a0c6-43f1-9726-f0de5f3cdd50]  [PRODUCTION] Making PUT request to https://collector-observability.browserstack.com
2025-07-12T17:11:25.136Z CLI info [testhub:module]  [dattatryamore_0u49W6]  [fmbccyncdfhp2yqzogjrgcwgz9d9jauga9v5ksyi]  [8f35e668-a0c6-43f1-9726-f0de5f3cdd50]  stopBuild: fmbccyncdfhp2yqzogjrgcwgz9d9jauga9v5ksyi request={"finished_at":"2025-07-12T17:11:24.433Z","finished_metadata":[],"custom_metadata":{}} response={"data":""}
2025-07-12T17:11:25.138Z CLI info  [dattatryamore_0u49W6]  [fmbccyncdfhp2yqzogjrgcwgz9d9jauga9v5ksyi]  [8f35e668-a0c6-43f1-9726-f0de5f3cdd50]  [PRODUCTION] Making POST request to https://api.browserstack.com
2025-07-12T17:11:25.142Z CLI info [observability:module]  [dattatryamore_0u49W6]  [fmbccyncdfhp2yqzogjrgcwgz9d9jauga9v5ksyi]  [8f35e668-a0c6-43f1-9726-f0de5f3cdd50]  Visit https://observability.browserstack.com/builds/fmbccyncdfhp2yqzogjrgcwgz9d9jauga9v5ksyi to view build report, insights, and many more debugging information all at one place!
2025-07-12T17:11:25.146Z CLI info  [dattatryamore_0u49W6]  [fmbccyncdfhp2yqzogjrgcwgz9d9jauga9v5ksyi]  [8f35e668-a0c6-43f1-9726-f0de5f3cdd50]  [PRODUCTION] Making GET request to https://api.browserstack.com
2025-07-12T17:12:09.094Z CLI info     Config : {"userName":"dattatryamore_0u49W6","accessKey":"1x2oGUWPujQYuc8s9ZjD","projectName":"spd.com","buildName":"spd-e2e","buildIdentifier":"${BUILD_NUMBER}","consoleLogs":"info","platforms":[{"browserName":"chrome","os":"Windows","osVersion":10,"browserVersion":120},{"browserName":"playwright-webkit","os":"OS X","osVersion":"Monterey","browserVersion":18},{"browserName":"chrome","osVersion":12,"deviceName":"Samsung Galaxy S22 Ultra"}]}
2025-07-12T17:12:09.101Z CLI info [testhub:module]  [dattatryamore_0u49W6]   [ee7bf7bb-4690-4d01-8078-895f1501113e]  Starting testhub from 18014:0
2025-07-12T17:12:09.102Z CLI info [testhub:module]  [dattatryamore_0u49W6]   [ee7bf7bb-4690-4d01-8078-895f1501113e]  startBuild: payload=

{"started_at":"2025-07-12T17:12:09.102Z","host_info":{"hostname":"SHI58495EU11C1E","platform":"linux","type":"Linux","version":"#1 SMP Fri Mar 29 23:14:13 UTC 2024","arch":"x64"},"ci_info":{"build_number":null},"version_control":{"name":"git","sha":"6456911e1d188cb812b8507b428d6ce9a5b5e629","short_sha":"6456911e1d","branch":"main","tag":null,"committer":"Dattatrya More <dattatrya.more@transformco.com>","committer_date":"2025-07-12T16:51:40.000Z","author":"Dattatrya More <dattatrya.more@transformco.com>","author_date":"2025-07-11T17:43:04.000Z","commit_message":"updated github workflow","root":"/home/dmore/project/playwright-browserstack-typescript","common_git_dir":"/home/dmore/project/playwright-browserstack-typescript/.git","worktree_git_dir":"/home/dmore/project/playwright-browserstack-typescript/.git","last_tag":null,"commits_since_last_tag":null,"remotes":[{"name":"origin","url":"git@github.com:qadatta/playwright-browserstack-typescript.git"}]},"project_name":"spd.com","name":"spd-e2e","build_identifier":"24","build_run_identifier":null,"description":"","tags":[],"failed_tests_rerun":false,"accessibility":{"settings":{}},"framework_details":{"frameworkName":"Playwright","frameworkVersion":"1.50.1","sdkVersion":"1.36.7","cliVersion":"1.5.6","language":"javascript","testFramework":{"name":"Playwright","version":"1.50.1"}},"product_map":{"observability":true,"accessibility":null,"percy":false,"automate":true,"app_automate":false},"browserstackAutomation":true}
2025-07-12T17:12:09.102Z CLI info  [dattatryamore_0u49W6]   [ee7bf7bb-4690-4d01-8078-895f1501113e]  [PRODUCTION] Making POST request to https://collector-observability.browserstack.com
2025-07-12T17:12:10.158Z CLI info [testhub:module]  [dattatryamore_0u49W6]   [ee7bf7bb-4690-4d01-8078-895f1501113e]  startBuild: response=ljr13mz76wjfb5zsygnyjlcepxfr7bwsiyqduaor
2025-07-12T17:12:10.160Z CLI info  [dattatryamore_0u49W6]  [ljr13mz76wjfb5zsygnyjlcepxfr7bwsiyqduaor]  [ee7bf7bb-4690-4d01-8078-895f1501113e]  [PRODUCTION] Making POST request to https://api.browserstack.com
2025-07-12T17:12:11.377Z CLI info  [dattatryamore_0u49W6]  [ljr13mz76wjfb5zsygnyjlcepxfr7bwsiyqduaor]  [ee7bf7bb-4690-4d01-8078-895f1501113e]  [PRODUCTION] Making GET request to https://hub.browserstack.com
2025-07-12T17:12:11.443Z CLI info  [dattatryamore_0u49W6]  [ljr13mz76wjfb5zsygnyjlcepxfr7bwsiyqduaor]  [ee7bf7bb-4690-4d01-8078-895f1501113e]  [PRODUCTION] Making GET request to https://hub-aps.browserstack.com
2025-07-12T17:12:11.444Z CLI info  [dattatryamore_0u49W6]  [ljr13mz76wjfb5zsygnyjlcepxfr7bwsiyqduaor]  [ee7bf7bb-4690-4d01-8078-895f1501113e]  [PRODUCTION] Making GET request to https://hub-euw.browserstack.com
2025-07-12T17:12:11.444Z CLI info  [dattatryamore_0u49W6]  [ljr13mz76wjfb5zsygnyjlcepxfr7bwsiyqduaor]  [ee7bf7bb-4690-4d01-8078-895f1501113e]  [PRODUCTION] Making GET request to https://hub-apse.browserstack.com
2025-07-12T17:12:12.424Z CLI info [testhub:request-queue-handler]  [dattatryamore_0u49W6]  [ljr13mz76wjfb5zsygnyjlcepxfr7bwsiyqduaor]  [ee7bf7bb-4690-4d01-8078-895f1501113e]  Added the event {
  event_type: 'TestRunStarted',
  logs: undefined,
  test_run: {
    type: 'test',
    framework: 'Playwright',
    uuid: 'a806277c-1a41-4290-96d4-6c58c04c7980',
    name: 'e2e test - 1',
    body: {
      lang: 'javascript',
      code: 'async ({\n' +
        '  homePage\n' +
        '}) => {\n' +
        '  await homePage.goto("https://playwright.dev/");\n' +
        '\n' +
        '  // Expect a title "to contain" a substring.\n' +
        '  //await expect(page).toHaveTitle(/Playwright/);\n' +
        '  await homePage.verify();\n' +
        '}'
    },
    identifier: 'e2e test - 1',
    scope: 'e2e test - 1',
    scopes: [],
    custom_metadata: undefined,
    file_name: 'tests/spec/example-pom-fixture.spec.ts',
    vc_filepath: 'tests/spec/example-pom-fixture.spec.ts',
    location: 'tests/spec/example-pom-fixture.spec.ts',
    result: 'pending',
    duration_in_ms: null,
    started_at: '2025-07-12T17:12:12.408Z',
    failure: undefined,
    failure_type: undefined,
    failure_reason: null,
    retry_of: null,
    tags: [],
    customRerunParam: {
      rerun_name: ' -18:OSX Monterey-browserstack spec/example-pom-fixture.spec.ts e2e test - 1'
    },
    hooks: [],
    product_map: {
      observability: true,
      accessibility: false,
      percy: false,
      automate: true,
      app_automate: false
    }
  }
} to 18014:0
2025-07-12T17:12:14.161Z CLI info [testhub:request-queue-handler]  [dattatryamore_0u49W6]  [ljr13mz76wjfb5zsygnyjlcepxfr7bwsiyqduaor]  [ee7bf7bb-4690-4d01-8078-895f1501113e]  Processing batch event [
  {
    event_type: 'TestRunStarted',
    logs: undefined,
    test_run: {
      type: 'test',
      framework: 'Playwright',
      uuid: 'a806277c-1a41-4290-96d4-6c58c04c7980',
      name: 'e2e test - 1',
      body: [Object],
      identifier: 'e2e test - 1',
      scope: 'e2e test - 1',
      scopes: [],
      custom_metadata: undefined,
      file_name: 'tests/spec/example-pom-fixture.spec.ts',
      vc_filepath: 'tests/spec/example-pom-fixture.spec.ts',
      location: 'tests/spec/example-pom-fixture.spec.ts',
      result: 'pending',
      duration_in_ms: null,
      started_at: '2025-07-12T17:12:12.408Z',
      failure: undefined,
      failure_type: undefined,
      failure_reason: null,
      retry_of: null,
      tags: [],
      customRerunParam: [Object],
      hooks: [],
      product_map: [Object]
    }
  }
] to 18014:0
2025-07-12T17:12:14.162Z CLI info  [dattatryamore_0u49W6]  [ljr13mz76wjfb5zsygnyjlcepxfr7bwsiyqduaor]  [ee7bf7bb-4690-4d01-8078-895f1501113e]  [PRODUCTION] Making POST request to https://collector-observability.browserstack.com
2025-07-12T17:12:20.336Z CLI info [testhub:request-queue-handler]  [dattatryamore_0u49W6]  [ljr13mz76wjfb5zsygnyjlcepxfr7bwsiyqduaor]  [ee7bf7bb-4690-4d01-8078-895f1501113e]  Added the event {
  event_type: 'TestRunFinished',
  logs: [
    {
      kind: 'TEST_ATTACHMENT',
      timestamp: '2025-07-12T17:12:20.328Z',
      test_run_uuid: 'a806277c-1a41-4290-96d4-6c58c04c7980',
      file_name: 'trace.zip',
      file_size: 1179096,
      attachment_type: 'PLAYWRIGHT_TRACE_LOGS'
    }
  ],
  test_run: {
    type: 'test',
    framework: 'Playwright',
    uuid: 'a806277c-1a41-4290-96d4-6c58c04c7980',
    name: 'e2e test - 1',
    body: {
      lang: 'javascript',
      code: 'async ({\n' +
        '  homePage\n' +
        '}) => {\n' +
        '  await homePage.goto("https://playwright.dev/");\n' +
        '\n' +
        '  // Expect a title "to contain" a substring.\n' +
        '  //await expect(page).toHaveTitle(/Playwright/);\n' +
        '  await homePage.verify();\n' +
        '}'
    },
    identifier: 'e2e test - 1',
    scope: 'e2e test - 1',
    scopes: [],
    custom_metadata: {},
    file_name: 'tests/spec/example-pom-fixture.spec.ts',
    vc_filepath: 'tests/spec/example-pom-fixture.spec.ts',
    location: 'tests/spec/example-pom-fixture.spec.ts',
    result: 'passed',
    duration_in_ms: 4099,
    started_at: '2025-07-12T17:12:12.408Z',
    finished_at: '2025-07-12T17:12:16.507Z',
    failure: null,
    failure_type: undefined,
    failure_reason: null,
    retry_of: null,
    tags: [],
    customRerunParam: {
      rerun_name: ' -18:OSX Monterey-browserstack spec/example-pom-fixture.spec.ts e2e test - 1'
    },
    hooks: [],
    product_map: {
      observability: true,
      accessibility: false,
      percy: false,
      automate: true,
      app_automate: false
    }
  }
} to 18014:0
2025-07-12T17:12:20.342Z CLI info [observability:node]  [dattatryamore_0u49W6]  [ljr13mz76wjfb5zsygnyjlcepxfr7bwsiyqduaor]  [ee7bf7bb-4690-4d01-8078-895f1501113e]  uploadAttachmentEvents: attachmentEvents=[{"testFrameworkName":"Playwright","testFrameworkVersion":"1.50.1","testFrameworkState":"TEST","timestamp":"2025-07-12T17:12:20.332Z","uuid":"a806277c-1a41-4290-96d4-6c58c04c7980","kind":"TEST_ATTACHMENT","message":"{\"kind\":\"TEST_ATTACHMENT\",\"timestamp\":\"2025-07-12T17:12:20.332Z\",\"test_run_uuid\":\"a806277c-1a41-4290-96d4-6c58c04c7980\",\"fileName\":\"trace.zip\",\"filePath\":\"/home/dmore/project/playwright-browserstack-typescript/test-results/spec-example-pom-fixture-e2e-test---1--18-OSX-Monterey-browserstack/trace.zip\",\"fileSize\":1179096,\"attachment_type\":\"PLAYWRIGHT_TRACE_LOGS\"}","fileName":"trace.zip","fileSize":{"low":1179096,"high":0,"unsigned":false},"filePath":"/home/dmore/project/playwright-browserstack-typescript/test-results/spec-example-pom-fixture-e2e-test---1--18-OSX-Monterey-browserstack/trace.zip","attachmentType":"PLAYWRIGHT_TRACE_LOGS","test_run_uuid":"a806277c-1a41-4290-96d4-6c58c04c7980"}]
2025-07-12T17:12:20.342Z CLI info [testhub:request-queue-handler]  [dattatryamore_0u49W6]  [ljr13mz76wjfb5zsygnyjlcepxfr7bwsiyqduaor]  [ee7bf7bb-4690-4d01-8078-895f1501113e]  Added the event {
  event_type: 'LogCreated',
  logs: [
    {
      testFrameworkName: 'Playwright',
      testFrameworkVersion: '1.50.1',
      testFrameworkState: 'TEST',
      timestamp: '2025-07-12T17:12:17.366Z',
      uuid: 'a806277c-1a41-4290-96d4-6c58c04c7980',
      kind: 'TEST_STEP',
      message: 'page.goto(https://playwright.dev/)',
      level: 'passed',
      fileName: '',
      fileSize: [Long],
      filePath: '',
      attachmentType: '',
      test_run_uuid: 'a806277c-1a41-4290-96d4-6c58c04c7980'
    },
    {
      testFrameworkName: 'Playwright',
      testFrameworkVersion: '1.50.1',
      testFrameworkState: 'TEST',
      timestamp: '2025-07-12T17:12:18.266Z',
      uuid: 'a806277c-1a41-4290-96d4-6c58c04c7980',
      kind: 'TEST_STEP',
      message: 'expect.toHaveTitle',
      level: 'passed',
      fileName: '',
      fileSize: [Long],
      filePath: '',
      attachmentType: '',
      test_run_uuid: 'a806277c-1a41-4290-96d4-6c58c04c7980'
    }
  ]
} to 18014:0
2025-07-12T17:12:20.342Z CLI info  [dattatryamore_0u49W6]  [ljr13mz76wjfb5zsygnyjlcepxfr7bwsiyqduaor]  [ee7bf7bb-4690-4d01-8078-895f1501113e]  [PRODUCTION] Making POST request to https://collector-observability.browserstack.com
2025-07-12T17:12:20.343Z CLI info [observability:node]  [dattatryamore_0u49W6]  [ljr13mz76wjfb5zsygnyjlcepxfr7bwsiyqduaor]  [ee7bf7bb-4690-4d01-8078-895f1501113e]  uploadAttachmentEvents: transformedEvents=[{"kind":"TEST_ATTACHMENT","data":{"fd":null,"path":"/home/dmore/project/playwright-browserstack-typescript/test-results/spec-example-pom-fixture-e2e-test---1--18-OSX-Monterey-browserstack/trace.zip","flags":"r","mode":438,"end":null,"bytesRead":0,"_readableState":{"state":6176,"highWaterMark":65536,"buffer":{"head":null,"tail":null,"length":0},"length":0,"pipes":[],"flowing":null,"errored":null,"defaultEncoding":"utf8","awaitDrainWriters":null,"decoder":null,"encoding":null},"_events":{},"_eventsCount":1},"timestamp":"2025-07-12T17:12:20.332Z","fileName":"trace.zip","fileSize":1179096,"attachmentType":"PLAYWRIGHT_TRACE_LOGS","test_run_uuid":"a806277c-1a41-4290-96d4-6c58c04c7980"}]
2025-07-12T17:12:20.344Z CLI info  [dattatryamore_0u49W6]  [ljr13mz76wjfb5zsygnyjlcepxfr7bwsiyqduaor]  [ee7bf7bb-4690-4d01-8078-895f1501113e]  [PRODUCTION] Making POST request to https://collector-observability.browserstack.com
2025-07-12T17:12:22.164Z CLI info [testhub:request-queue-handler]  [dattatryamore_0u49W6]  [ljr13mz76wjfb5zsygnyjlcepxfr7bwsiyqduaor]  [ee7bf7bb-4690-4d01-8078-895f1501113e]  Processing batch event [
  {
    event_type: 'TestRunFinished',
    logs: [ [Object] ],
    test_run: {
      type: 'test',
      framework: 'Playwright',
      uuid: 'a806277c-1a41-4290-96d4-6c58c04c7980',
      name: 'e2e test - 1',
      body: [Object],
      identifier: 'e2e test - 1',
      scope: 'e2e test - 1',
      scopes: [],
      custom_metadata: {},
      file_name: 'tests/spec/example-pom-fixture.spec.ts',
      vc_filepath: 'tests/spec/example-pom-fixture.spec.ts',
      location: 'tests/spec/example-pom-fixture.spec.ts',
      result: 'passed',
      duration_in_ms: 4099,
      started_at: '2025-07-12T17:12:12.408Z',
      finished_at: '2025-07-12T17:12:16.507Z',
      failure: null,
      failure_type: undefined,
      failure_reason: null,
      retry_of: null,
      tags: [],
      customRerunParam: [Object],
      hooks: [],
      product_map: [Object]
    }
  },
  { event_type: 'LogCreated', logs: [ [Object], [Object] ] }
] to 18014:0
2025-07-12T17:12:22.165Z CLI info  [dattatryamore_0u49W6]  [ljr13mz76wjfb5zsygnyjlcepxfr7bwsiyqduaor]  [ee7bf7bb-4690-4d01-8078-895f1501113e]  [PRODUCTION] Making POST request to https://collector-observability.browserstack.com
2025-07-12T17:12:23.324Z CLI info  [dattatryamore_0u49W6]  [ljr13mz76wjfb5zsygnyjlcepxfr7bwsiyqduaor]  [ee7bf7bb-4690-4d01-8078-895f1501113e]  [PRODUCTION] Making PUT request to https://collector-observability.browserstack.com
2025-07-12T17:12:24.077Z CLI info [testhub:module]  [dattatryamore_0u49W6]  [ljr13mz76wjfb5zsygnyjlcepxfr7bwsiyqduaor]  [ee7bf7bb-4690-4d01-8078-895f1501113e]  stopBuild: ljr13mz76wjfb5zsygnyjlcepxfr7bwsiyqduaor request={"finished_at":"2025-07-12T17:12:20.394Z","finished_metadata":[],"custom_metadata":{}} response={"data":""}
2025-07-12T17:12:24.079Z CLI info  [dattatryamore_0u49W6]  [ljr13mz76wjfb5zsygnyjlcepxfr7bwsiyqduaor]  [ee7bf7bb-4690-4d01-8078-895f1501113e]  [PRODUCTION] Making POST request to https://api.browserstack.com
2025-07-12T17:12:24.080Z CLI info [observability:module]  [dattatryamore_0u49W6]  [ljr13mz76wjfb5zsygnyjlcepxfr7bwsiyqduaor]  [ee7bf7bb-4690-4d01-8078-895f1501113e]  Visit https://observability.browserstack.com/builds/ljr13mz76wjfb5zsygnyjlcepxfr7bwsiyqduaor to view build report, insights, and many more debugging information all at one place!
2025-07-12T17:12:24.083Z CLI info  [dattatryamore_0u49W6]  [ljr13mz76wjfb5zsygnyjlcepxfr7bwsiyqduaor]  [ee7bf7bb-4690-4d01-8078-895f1501113e]  [PRODUCTION] Making GET request to https://api.browserstack.com
2025-07-12T17:12:24.396Z CLI info  [dattatryamore_0u49W6]  [ljr13mz76wjfb5zsygnyjlcepxfr7bwsiyqduaor]  [ee7bf7bb-4690-4d01-8078-895f1501113e]  [PRODUCTION] Making POST request to https://eds.browserstack.com
2025-07-12T17:14:21.941Z CLI info     Config : {"userName":"dattatryamore_0u49W6","accessKey":"1x2oGUWPujQYuc8s9ZjD","projectName":"spd.com","buildName":"spd-e2e","buildIdentifier":"${BUILD_NUMBER}","consoleLogs":"info","platforms":[{"browserName":"chrome","os":"Windows","osVersion":10,"browserVersion":120},{"browserName":"playwright-webkit","os":"OS X","osVersion":"Monterey","browserVersion":18},{"browserName":"chrome","osVersion":12,"deviceName":"Samsung Galaxy S22 Ultra"},{"browserName":"safari","osVersion":16.6,"deviceName":"iPhone SE 2020"}]}
2025-07-12T17:14:21.949Z CLI info [testhub:module]  [dattatryamore_0u49W6]   [adcb1563-ca59-4ba7-8a00-f933d1750281]  Starting testhub from 19335:0
2025-07-12T17:14:21.949Z CLI info [testhub:module]  [dattatryamore_0u49W6]   [adcb1563-ca59-4ba7-8a00-f933d1750281]  startBuild: payload=

{"started_at":"2025-07-12T17:14:21.949Z","host_info":{"hostname":"SHI58495EU11C1E","platform":"linux","type":"Linux","version":"#1 SMP Fri Mar 29 23:14:13 UTC 2024","arch":"x64"},"ci_info":{"build_number":null},"version_control":{"name":"git","sha":"6456911e1d188cb812b8507b428d6ce9a5b5e629","short_sha":"6456911e1d","branch":"main","tag":null,"committer":"Dattatrya More <dattatrya.more@transformco.com>","committer_date":"2025-07-12T16:51:40.000Z","author":"Dattatrya More <dattatrya.more@transformco.com>","author_date":"2025-07-11T17:43:04.000Z","commit_message":"updated github workflow","root":"/home/dmore/project/playwright-browserstack-typescript","common_git_dir":"/home/dmore/project/playwright-browserstack-typescript/.git","worktree_git_dir":"/home/dmore/project/playwright-browserstack-typescript/.git","last_tag":null,"commits_since_last_tag":null,"remotes":[{"name":"origin","url":"git@github.com:qadatta/playwright-browserstack-typescript.git"}]},"project_name":"spd.com","name":"spd-e2e","build_identifier":"25","build_run_identifier":null,"description":"","tags":[],"failed_tests_rerun":false,"accessibility":{"settings":{}},"framework_details":{"frameworkName":"Playwright","frameworkVersion":"1.50.1","sdkVersion":"1.36.7","cliVersion":"1.5.6","language":"javascript","testFramework":{"name":"Playwright","version":"1.50.1"}},"product_map":{"observability":true,"accessibility":null,"percy":false,"automate":true,"app_automate":false},"browserstackAutomation":true}
2025-07-12T17:14:21.950Z CLI info  [dattatryamore_0u49W6]   [adcb1563-ca59-4ba7-8a00-f933d1750281]  [PRODUCTION] Making POST request to https://collector-observability.browserstack.com
2025-07-12T17:14:22.941Z CLI info [testhub:module]  [dattatryamore_0u49W6]   [adcb1563-ca59-4ba7-8a00-f933d1750281]  startBuild: response=2ao9o6bwtgnxsgmgw44gweniyjjpaxtengnrwuvk
2025-07-12T17:14:22.943Z CLI info  [dattatryamore_0u49W6]  [2ao9o6bwtgnxsgmgw44gweniyjjpaxtengnrwuvk]  [adcb1563-ca59-4ba7-8a00-f933d1750281]  [PRODUCTION] Making POST request to https://api.browserstack.com
2025-07-12T17:14:24.101Z CLI info  [dattatryamore_0u49W6]  [2ao9o6bwtgnxsgmgw44gweniyjjpaxtengnrwuvk]  [adcb1563-ca59-4ba7-8a00-f933d1750281]  [PRODUCTION] Making GET request to https://hub.browserstack.com
2025-07-12T17:14:24.170Z CLI info  [dattatryamore_0u49W6]  [2ao9o6bwtgnxsgmgw44gweniyjjpaxtengnrwuvk]  [adcb1563-ca59-4ba7-8a00-f933d1750281]  [PRODUCTION] Making GET request to https://hub-aps.browserstack.com
2025-07-12T17:14:24.170Z CLI info  [dattatryamore_0u49W6]  [2ao9o6bwtgnxsgmgw44gweniyjjpaxtengnrwuvk]  [adcb1563-ca59-4ba7-8a00-f933d1750281]  [PRODUCTION] Making GET request to https://hub-euw.browserstack.com
2025-07-12T17:14:24.170Z CLI info  [dattatryamore_0u49W6]  [2ao9o6bwtgnxsgmgw44gweniyjjpaxtengnrwuvk]  [adcb1563-ca59-4ba7-8a00-f933d1750281]  [PRODUCTION] Making GET request to https://hub-apse.browserstack.com
2025-07-12T17:14:24.293Z CLI info  [dattatryamore_0u49W6]  [2ao9o6bwtgnxsgmgw44gweniyjjpaxtengnrwuvk]  [adcb1563-ca59-4ba7-8a00-f933d1750281]  [PRODUCTION] Making PUT request to https://collector-observability.browserstack.com
2025-07-12T17:14:24.951Z CLI info [testhub:module]  [dattatryamore_0u49W6]  [2ao9o6bwtgnxsgmgw44gweniyjjpaxtengnrwuvk]  [adcb1563-ca59-4ba7-8a00-f933d1750281]  stopBuild: 2ao9o6bwtgnxsgmgw44gweniyjjpaxtengnrwuvk request={"finished_at":"2025-07-12T17:14:24.293Z","finished_metadata":[],"custom_metadata":{}} response={"data":""}
2025-07-12T17:14:24.952Z CLI info  [dattatryamore_0u49W6]  [2ao9o6bwtgnxsgmgw44gweniyjjpaxtengnrwuvk]  [adcb1563-ca59-4ba7-8a00-f933d1750281]  [PRODUCTION] Making POST request to https://api.browserstack.com
2025-07-12T17:14:24.952Z CLI info [observability:module]  [dattatryamore_0u49W6]  [2ao9o6bwtgnxsgmgw44gweniyjjpaxtengnrwuvk]  [adcb1563-ca59-4ba7-8a00-f933d1750281]  Visit https://observability.browserstack.com/builds/2ao9o6bwtgnxsgmgw44gweniyjjpaxtengnrwuvk to view build report, insights, and many more debugging information all at one place!
2025-07-12T17:14:24.954Z CLI info  [dattatryamore_0u49W6]  [2ao9o6bwtgnxsgmgw44gweniyjjpaxtengnrwuvk]  [adcb1563-ca59-4ba7-8a00-f933d1750281]  [PRODUCTION] Making GET request to https://api.browserstack.com
2025-07-12T17:14:25.233Z CLI info  [dattatryamore_0u49W6]  [2ao9o6bwtgnxsgmgw44gweniyjjpaxtengnrwuvk]  [adcb1563-ca59-4ba7-8a00-f933d1750281]  [PRODUCTION] Making POST request to https://eds.browserstack.com
2025-07-12T17:15:06.144Z CLI info     Config : {"userName":"dattatryamore_0u49W6","accessKey":"1x2oGUWPujQYuc8s9ZjD","projectName":"spd.com","buildName":"spd-e2e","buildIdentifier":"${BUILD_NUMBER}","consoleLogs":"info","platforms":[{"browserName":"chrome","os":"Windows","osVersion":10,"browserVersion":120},{"browserName":"playwright-webkit","os":"OS X","osVersion":"Monterey","browserVersion":18},{"browserName":"chrome","osVersion":12,"deviceName":"Samsung Galaxy S22 Ultra"},{"browserName":"safari","osVersion":16.6,"deviceName":"iPhone SE 2020"}]}
2025-07-12T17:15:06.149Z CLI info [testhub:module]  [dattatryamore_0u49W6]   [b2365d30-360d-4111-ae1e-5fbbdf10e174]  Starting testhub from 20034:0
2025-07-12T17:15:06.150Z CLI info [testhub:module]  [dattatryamore_0u49W6]   [b2365d30-360d-4111-ae1e-5fbbdf10e174]  startBuild: payload=

{"started_at":"2025-07-12T17:15:06.150Z","host_info":{"hostname":"SHI58495EU11C1E","platform":"linux","type":"Linux","version":"#1 SMP Fri Mar 29 23:14:13 UTC 2024","arch":"x64"},"ci_info":{"build_number":null},"version_control":{"name":"git","sha":"6456911e1d188cb812b8507b428d6ce9a5b5e629","short_sha":"6456911e1d","branch":"main","tag":null,"committer":"Dattatrya More <dattatrya.more@transformco.com>","committer_date":"2025-07-12T16:51:40.000Z","author":"Dattatrya More <dattatrya.more@transformco.com>","author_date":"2025-07-11T17:43:04.000Z","commit_message":"updated github workflow","root":"/home/dmore/project/playwright-browserstack-typescript","common_git_dir":"/home/dmore/project/playwright-browserstack-typescript/.git","worktree_git_dir":"/home/dmore/project/playwright-browserstack-typescript/.git","last_tag":null,"commits_since_last_tag":null,"remotes":[{"name":"origin","url":"git@github.com:qadatta/playwright-browserstack-typescript.git"}]},"project_name":"spd.com","name":"spd-e2e","build_identifier":"26","build_run_identifier":null,"description":"","tags":[],"failed_tests_rerun":false,"accessibility":{"settings":{}},"framework_details":{"frameworkName":"Playwright","frameworkVersion":"1.50.1","sdkVersion":"1.36.7","cliVersion":"1.5.6","language":"javascript","testFramework":{"name":"Playwright","version":"1.50.1"}},"product_map":{"observability":true,"accessibility":null,"percy":false,"automate":true,"app_automate":false},"browserstackAutomation":true}
2025-07-12T17:15:06.150Z CLI info  [dattatryamore_0u49W6]   [b2365d30-360d-4111-ae1e-5fbbdf10e174]  [PRODUCTION] Making POST request to https://collector-observability.browserstack.com
2025-07-12T17:15:07.089Z CLI info [testhub:module]  [dattatryamore_0u49W6]   [b2365d30-360d-4111-ae1e-5fbbdf10e174]  startBuild: response=uufjpqrpaxibzgwwnimdre2liap9fpu1kj7polm0
2025-07-12T17:15:07.090Z CLI info  [dattatryamore_0u49W6]  [uufjpqrpaxibzgwwnimdre2liap9fpu1kj7polm0]  [b2365d30-360d-4111-ae1e-5fbbdf10e174]  [PRODUCTION] Making POST request to https://api.browserstack.com
2025-07-12T17:15:08.245Z CLI info  [dattatryamore_0u49W6]  [uufjpqrpaxibzgwwnimdre2liap9fpu1kj7polm0]  [b2365d30-360d-4111-ae1e-5fbbdf10e174]  [PRODUCTION] Making GET request to https://hub.browserstack.com
2025-07-12T17:15:08.337Z CLI info  [dattatryamore_0u49W6]  [uufjpqrpaxibzgwwnimdre2liap9fpu1kj7polm0]  [b2365d30-360d-4111-ae1e-5fbbdf10e174]  [PRODUCTION] Making GET request to https://hub-aps.browserstack.com
2025-07-12T17:15:08.337Z CLI info  [dattatryamore_0u49W6]  [uufjpqrpaxibzgwwnimdre2liap9fpu1kj7polm0]  [b2365d30-360d-4111-ae1e-5fbbdf10e174]  [PRODUCTION] Making GET request to https://hub-euw.browserstack.com
2025-07-12T17:15:08.337Z CLI info  [dattatryamore_0u49W6]  [uufjpqrpaxibzgwwnimdre2liap9fpu1kj7polm0]  [b2365d30-360d-4111-ae1e-5fbbdf10e174]  [PRODUCTION] Making GET request to https://hub-apse.browserstack.com
2025-07-12T17:15:09.304Z CLI info [testhub:request-queue-handler]  [dattatryamore_0u49W6]  [uufjpqrpaxibzgwwnimdre2liap9fpu1kj7polm0]  [b2365d30-360d-4111-ae1e-5fbbdf10e174]  Added the event {
  event_type: 'TestRunStarted',
  logs: undefined,
  test_run: {
    type: 'test',
    framework: 'Playwright',
    uuid: '00ba7e59-5e8a-4c74-b854-229de047fc23',
    name: 'e2e test - 1',
    body: {
      lang: 'javascript',
      code: 'async ({\n' +
        '  homePage\n' +
        '}) => {\n' +
        '  await homePage.goto("https://playwright.dev/");\n' +
        '\n' +
        '  // Expect a title "to contain" a substring.\n' +
        '  //await expect(page).toHaveTitle(/Playwright/);\n' +
        '  await homePage.verify();\n' +
        '}'
    },
    identifier: 'e2e test - 1',
    scope: 'e2e test - 1',
    scopes: [],
    custom_metadata: undefined,
    file_name: 'tests/spec/example-pom-fixture.spec.ts',
    vc_filepath: 'tests/spec/example-pom-fixture.spec.ts',
    location: 'tests/spec/example-pom-fixture.spec.ts',
    result: 'pending',
    duration_in_ms: null,
    started_at: '2025-07-12T17:15:09.281Z',
    failure: undefined,
    failure_type: undefined,
    failure_reason: null,
    retry_of: null,
    tags: [],
    customRerunParam: {
      rerun_name: ' -iPhone SE 2020:16.6-browserstack-mobile spec/example-pom-fixture.spec.ts e2e test - 1'
    },
    hooks: [],
    product_map: {
      observability: true,
      accessibility: false,
      percy: false,
      automate: true,
      app_automate: false
    }
  }
} to 20034:0
2025-07-12T17:15:11.092Z CLI info [testhub:request-queue-handler]  [dattatryamore_0u49W6]  [uufjpqrpaxibzgwwnimdre2liap9fpu1kj7polm0]  [b2365d30-360d-4111-ae1e-5fbbdf10e174]  Processing batch event [
  {
    event_type: 'TestRunStarted',
    logs: undefined,
    test_run: {
      type: 'test',
      framework: 'Playwright',
      uuid: '00ba7e59-5e8a-4c74-b854-229de047fc23',
      name: 'e2e test - 1',
      body: [Object],
      identifier: 'e2e test - 1',
      scope: 'e2e test - 1',
      scopes: [],
      custom_metadata: undefined,
      file_name: 'tests/spec/example-pom-fixture.spec.ts',
      vc_filepath: 'tests/spec/example-pom-fixture.spec.ts',
      location: 'tests/spec/example-pom-fixture.spec.ts',
      result: 'pending',
      duration_in_ms: null,
      started_at: '2025-07-12T17:15:09.281Z',
      failure: undefined,
      failure_type: undefined,
      failure_reason: null,
      retry_of: null,
      tags: [],
      customRerunParam: [Object],
      hooks: [],
      product_map: [Object]
    }
  }
] to 20034:0
2025-07-12T17:15:11.093Z CLI info  [dattatryamore_0u49W6]  [uufjpqrpaxibzgwwnimdre2liap9fpu1kj7polm0]  [b2365d30-360d-4111-ae1e-5fbbdf10e174]  [PRODUCTION] Making POST request to https://collector-observability.browserstack.com
2025-07-12T17:15:31.568Z CLI info [testhub:request-queue-handler]  [dattatryamore_0u49W6]  [uufjpqrpaxibzgwwnimdre2liap9fpu1kj7polm0]  [b2365d30-360d-4111-ae1e-5fbbdf10e174]  Added the event {
  event_type: 'TestRunFinished',
  logs: [
    {
      kind: 'TEST_ATTACHMENT',
      timestamp: '2025-07-12T17:15:31.542Z',
      test_run_uuid: '00ba7e59-5e8a-4c74-b854-229de047fc23',
      file_name: 'trace.zip',
      file_size: 1737,
      attachment_type: 'PLAYWRIGHT_TRACE_LOGS'
    }
  ],
  test_run: {
    type: 'test',
    framework: 'Playwright',
    uuid: '00ba7e59-5e8a-4c74-b854-229de047fc23',
    name: 'e2e test - 1',
    body: {
      lang: 'javascript',
      code: 'async ({\n' +
        '  homePage\n' +
        '}) => {\n' +
        '  await homePage.goto("https://playwright.dev/");\n' +
        '\n' +
        '  // Expect a title "to contain" a substring.\n' +
        '  //await expect(page).toHaveTitle(/Playwright/);\n' +
        '  await homePage.verify();\n' +
        '}'
    },
    identifier: 'e2e test - 1',
    scope: 'e2e test - 1',
    scopes: [],
    custom_metadata: {},
    file_name: 'tests/spec/example-pom-fixture.spec.ts',
    vc_filepath: 'tests/spec/example-pom-fixture.spec.ts',
    location: 'tests/spec/example-pom-fixture.spec.ts',
    result: 'failed',
    duration_in_ms: 2715,
    started_at: '2025-07-12T17:15:09.281Z',
    finished_at: '2025-07-12T17:15:11.996Z',
    failure: [ [Object] ],
    failure_type: 'UnhandledError',
    failure_reason: null,
    retry_of: null,
    tags: [],
    customRerunParam: {
      rerun_name: ' -iPhone SE 2020:16.6-browserstack-mobile spec/example-pom-fixture.spec.ts e2e test - 1'
    },
    hooks: [],
    product_map: {
      observability: true,
      accessibility: false,
      percy: false,
      automate: true,
      app_automate: false
    }
  }
} to 20034:0
2025-07-12T17:15:31.570Z CLI info [observability:node]  [dattatryamore_0u49W6]  [uufjpqrpaxibzgwwnimdre2liap9fpu1kj7polm0]  [b2365d30-360d-4111-ae1e-5fbbdf10e174]  uploadAttachmentEvents: attachmentEvents=[{"testFrameworkName":"Playwright","testFrameworkVersion":"1.50.1","testFrameworkState":"TEST","timestamp":"2025-07-12T17:15:31.558Z","uuid":"00ba7e59-5e8a-4c74-b854-229de047fc23","kind":"TEST_ATTACHMENT","message":"{\"kind\":\"TEST_ATTACHMENT\",\"timestamp\":\"2025-07-12T17:15:31.558Z\",\"test_run_uuid\":\"00ba7e59-5e8a-4c74-b854-229de047fc23\",\"fileName\":\"trace.zip\",\"filePath\":\"/home/dmore/project/playwright-browserstack-typescript/test-results/spec-example-pom-fixture-e2e-test---1--iPhone-SE-2020-16-6-browserstack-mobile/trace.zip\",\"fileSize\":1737,\"attachment_type\":\"PLAYWRIGHT_TRACE_LOGS\"}","fileName":"trace.zip","fileSize":{"low":1737,"high":0,"unsigned":false},"filePath":"/home/dmore/project/playwright-browserstack-typescript/test-results/spec-example-pom-fixture-e2e-test---1--iPhone-SE-2020-16-6-browserstack-mobile/trace.zip","attachmentType":"PLAYWRIGHT_TRACE_LOGS","test_run_uuid":"00ba7e59-5e8a-4c74-b854-229de047fc23"}]
2025-07-12T17:15:31.570Z CLI info [testhub:request-queue-handler]  [dattatryamore_0u49W6]  [uufjpqrpaxibzgwwnimdre2liap9fpu1kj7polm0]  [b2365d30-360d-4111-ae1e-5fbbdf10e174]  Added the event {
  event_type: 'LogCreated',
  logs: [
    {
      testFrameworkName: 'Playwright',
      testFrameworkVersion: '1.50.1',
      testFrameworkState: 'TEST',
      timestamp: '2025-07-12T17:15:31.530Z',
      uuid: '00ba7e59-5e8a-4c74-b854-229de047fc23',
      kind: 'TEST_STEP',
      message: 'fixture: browser',
      level: 'passed',
      fileName: '',
      fileSize: [Long],
      filePath: '',
      attachmentType: '',
      test_run_uuid: '00ba7e59-5e8a-4c74-b854-229de047fc23'
    }
  ]
} to 20034:0
2025-07-12T17:15:31.570Z CLI info [observability:node]  [dattatryamore_0u49W6]  [uufjpqrpaxibzgwwnimdre2liap9fpu1kj7polm0]  [b2365d30-360d-4111-ae1e-5fbbdf10e174]  uploadAttachmentEvents: transformedEvents=[{"kind":"TEST_ATTACHMENT","data":{"fd":null,"path":"/home/dmore/project/playwright-browserstack-typescript/test-results/spec-example-pom-fixture-e2e-test---1--iPhone-SE-2020-16-6-browserstack-mobile/trace.zip","flags":"r","mode":438,"end":null,"bytesRead":0,"_readableState":{"state":6176,"highWaterMark":65536,"buffer":{"head":null,"tail":null,"length":0},"length":0,"pipes":[],"flowing":null,"errored":null,"defaultEncoding":"utf8","awaitDrainWriters":null,"decoder":null,"encoding":null},"_events":{},"_eventsCount":1},"timestamp":"2025-07-12T17:15:31.558Z","fileName":"trace.zip","fileSize":1737,"attachmentType":"PLAYWRIGHT_TRACE_LOGS","test_run_uuid":"00ba7e59-5e8a-4c74-b854-229de047fc23"}]
2025-07-12T17:15:31.571Z CLI info  [dattatryamore_0u49W6]  [uufjpqrpaxibzgwwnimdre2liap9fpu1kj7polm0]  [b2365d30-360d-4111-ae1e-5fbbdf10e174]  [PRODUCTION] Making POST request to https://collector-observability.browserstack.com
2025-07-12T17:15:32.022Z CLI info [testhub:request-queue-handler]  [dattatryamore_0u49W6]  [uufjpqrpaxibzgwwnimdre2liap9fpu1kj7polm0]  [b2365d30-360d-4111-ae1e-5fbbdf10e174]  Processing batch event [
  {
    event_type: 'TestRunFinished',
    logs: [ [Object] ],
    test_run: {
      type: 'test',
      framework: 'Playwright',
      uuid: '00ba7e59-5e8a-4c74-b854-229de047fc23',
      name: 'e2e test - 1',
      body: [Object],
      identifier: 'e2e test - 1',
      scope: 'e2e test - 1',
      scopes: [],
      custom_metadata: {},
      file_name: 'tests/spec/example-pom-fixture.spec.ts',
      vc_filepath: 'tests/spec/example-pom-fixture.spec.ts',
      location: 'tests/spec/example-pom-fixture.spec.ts',
      result: 'failed',
      duration_in_ms: 2715,
      started_at: '2025-07-12T17:15:09.281Z',
      finished_at: '2025-07-12T17:15:11.996Z',
      failure: [Array],
      failure_type: 'UnhandledError',
      failure_reason: null,
      retry_of: null,
      tags: [],
      customRerunParam: [Object],
      hooks: [],
      product_map: [Object]
    }
  },
  { event_type: 'LogCreated', logs: [ [Object] ] }
] to 20034:0
2025-07-12T17:15:32.023Z CLI info  [dattatryamore_0u49W6]  [uufjpqrpaxibzgwwnimdre2liap9fpu1kj7polm0]  [b2365d30-360d-4111-ae1e-5fbbdf10e174]  [PRODUCTION] Making POST request to https://collector-observability.browserstack.com
2025-07-12T17:16:48.279Z CLI info [main]  [dattatryamore_0u49W6]  [uufjpqrpaxibzgwwnimdre2liap9fpu1kj7polm0]  [b2365d30-360d-4111-ae1e-5fbbdf10e174]  Received graceful signal termination, performing cleanup
2025-07-12T17:16:48.281Z CLI info  [dattatryamore_0u49W6]  [uufjpqrpaxibzgwwnimdre2liap9fpu1kj7polm0]  [b2365d30-360d-4111-ae1e-5fbbdf10e174]  [PRODUCTION] Making PUT request to https://collector-observability.browserstack.com
2025-07-12T17:16:48.313Z CLI info  [dattatryamore_0u49W6]  [uufjpqrpaxibzgwwnimdre2liap9fpu1kj7polm0]  [b2365d30-360d-4111-ae1e-5fbbdf10e174]  [PRODUCTION] Making PUT request to https://collector-observability.browserstack.com
2025-07-12T17:16:48.319Z CLI info  [dattatryamore_0u49W6]  [uufjpqrpaxibzgwwnimdre2liap9fpu1kj7polm0]  [b2365d30-360d-4111-ae1e-5fbbdf10e174]  [PRODUCTION] Making PUT request to https://collector-observability.browserstack.com
2025-07-12T17:16:49.035Z CLI info [testhub:module]  [dattatryamore_0u49W6]  [uufjpqrpaxibzgwwnimdre2liap9fpu1kj7polm0]  [b2365d30-360d-4111-ae1e-5fbbdf10e174]  stopBuild: uufjpqrpaxibzgwwnimdre2liap9fpu1kj7polm0 request={"finished_at":"2025-07-12T17:16:48.281Z","finished_metadata":[],"custom_metadata":null} response={"data":""}
2025-07-12T17:17:40.579Z CLI info     Config : {"userName":"dattatryamore_0u49W6","accessKey":"1x2oGUWPujQYuc8s9ZjD","projectName":"spd.com","buildName":"spd-e2e","buildIdentifier":"${BUILD_NUMBER}","consoleLogs":"info","platforms":[{"browserName":"chrome","os":"Windows","osVersion":10,"browserVersion":120},{"browserName":"playwright-webkit","os":"OS X","osVersion":"Monterey","browserVersion":18},{"browserName":"chrome","osVersion":12,"deviceName":"Samsung Galaxy S22 Ultra"},{"browserName":"safari","osVersion":16.6,"deviceName":"iPhone SE 2020"}]}
2025-07-12T17:17:40.587Z CLI info [testhub:module]  [dattatryamore_0u49W6]   [5f612b3d-dfa2-4a1c-a217-3d6212d6de7e]  Starting testhub from 21565:0
2025-07-12T17:17:40.588Z CLI info [testhub:module]  [dattatryamore_0u49W6]   [5f612b3d-dfa2-4a1c-a217-3d6212d6de7e]  startBuild: payload=

{"started_at":"2025-07-12T17:17:40.588Z","host_info":{"hostname":"SHI58495EU11C1E","platform":"linux","type":"Linux","version":"#1 SMP Fri Mar 29 23:14:13 UTC 2024","arch":"x64"},"ci_info":{"build_number":null},"version_control":{"name":"git","sha":"6456911e1d188cb812b8507b428d6ce9a5b5e629","short_sha":"6456911e1d","branch":"main","tag":null,"committer":"Dattatrya More <dattatrya.more@transformco.com>","committer_date":"2025-07-12T16:51:40.000Z","author":"Dattatrya More <dattatrya.more@transformco.com>","author_date":"2025-07-11T17:43:04.000Z","commit_message":"updated github workflow","root":"/home/dmore/project/playwright-browserstack-typescript","common_git_dir":"/home/dmore/project/playwright-browserstack-typescript/.git","worktree_git_dir":"/home/dmore/project/playwright-browserstack-typescript/.git","last_tag":null,"commits_since_last_tag":null,"remotes":[{"name":"origin","url":"git@github.com:qadatta/playwright-browserstack-typescript.git"}]},"project_name":"spd.com","name":"spd-e2e","build_identifier":"27","build_run_identifier":null,"description":"","tags":[],"failed_tests_rerun":false,"accessibility":{"settings":{}},"framework_details":{"frameworkName":"Playwright","frameworkVersion":"1.50.1","sdkVersion":"1.36.7","cliVersion":"1.5.6","language":"javascript","testFramework":{"name":"Playwright","version":"1.50.1"}},"product_map":{"observability":true,"accessibility":null,"percy":false,"automate":true,"app_automate":false},"browserstackAutomation":true}
2025-07-12T17:17:40.588Z CLI info  [dattatryamore_0u49W6]   [5f612b3d-dfa2-4a1c-a217-3d6212d6de7e]  [PRODUCTION] Making POST request to https://collector-observability.browserstack.com
2025-07-12T17:17:44.558Z CLI info [testhub:module]  [dattatryamore_0u49W6]   [5f612b3d-dfa2-4a1c-a217-3d6212d6de7e]  startBuild: response=jopnpvfteb1yojhm3vqh5klffwmodvvdkyynvdbx
2025-07-12T17:17:44.559Z CLI info  [dattatryamore_0u49W6]  [jopnpvfteb1yojhm3vqh5klffwmodvvdkyynvdbx]  [5f612b3d-dfa2-4a1c-a217-3d6212d6de7e]  [PRODUCTION] Making POST request to https://api.browserstack.com
2025-07-12T17:17:45.820Z CLI info  [dattatryamore_0u49W6]  [jopnpvfteb1yojhm3vqh5klffwmodvvdkyynvdbx]  [5f612b3d-dfa2-4a1c-a217-3d6212d6de7e]  [PRODUCTION] Making GET request to https://hub.browserstack.com
2025-07-12T17:17:45.878Z CLI info  [dattatryamore_0u49W6]  [jopnpvfteb1yojhm3vqh5klffwmodvvdkyynvdbx]  [5f612b3d-dfa2-4a1c-a217-3d6212d6de7e]  [PRODUCTION] Making GET request to https://hub-aps.browserstack.com
2025-07-12T17:17:45.878Z CLI info  [dattatryamore_0u49W6]  [jopnpvfteb1yojhm3vqh5klffwmodvvdkyynvdbx]  [5f612b3d-dfa2-4a1c-a217-3d6212d6de7e]  [PRODUCTION] Making GET request to https://hub-euw.browserstack.com
2025-07-12T17:17:45.878Z CLI info  [dattatryamore_0u49W6]  [jopnpvfteb1yojhm3vqh5klffwmodvvdkyynvdbx]  [5f612b3d-dfa2-4a1c-a217-3d6212d6de7e]  [PRODUCTION] Making GET request to https://hub-apse.browserstack.com
2025-07-12T17:17:46.002Z CLI info  [dattatryamore_0u49W6]  [jopnpvfteb1yojhm3vqh5klffwmodvvdkyynvdbx]  [5f612b3d-dfa2-4a1c-a217-3d6212d6de7e]  [PRODUCTION] Making PUT request to https://collector-observability.browserstack.com
2025-07-12T17:17:46.653Z CLI info [testhub:module]  [dattatryamore_0u49W6]  [jopnpvfteb1yojhm3vqh5klffwmodvvdkyynvdbx]  [5f612b3d-dfa2-4a1c-a217-3d6212d6de7e]  stopBuild: jopnpvfteb1yojhm3vqh5klffwmodvvdkyynvdbx request={"finished_at":"2025-07-12T17:17:46.002Z","finished_metadata":[],"custom_metadata":{}} response={"data":""}
2025-07-12T17:17:46.654Z CLI info  [dattatryamore_0u49W6]  [jopnpvfteb1yojhm3vqh5klffwmodvvdkyynvdbx]  [5f612b3d-dfa2-4a1c-a217-3d6212d6de7e]  [PRODUCTION] Making POST request to https://api.browserstack.com
2025-07-12T17:17:46.655Z CLI info [observability:module]  [dattatryamore_0u49W6]  [jopnpvfteb1yojhm3vqh5klffwmodvvdkyynvdbx]  [5f612b3d-dfa2-4a1c-a217-3d6212d6de7e]  Visit https://observability.browserstack.com/builds/jopnpvfteb1yojhm3vqh5klffwmodvvdkyynvdbx to view build report, insights, and many more debugging information all at one place!
2025-07-12T17:17:46.658Z CLI info  [dattatryamore_0u49W6]  [jopnpvfteb1yojhm3vqh5klffwmodvvdkyynvdbx]  [5f612b3d-dfa2-4a1c-a217-3d6212d6de7e]  [PRODUCTION] Making GET request to https://api.browserstack.com
2025-07-12T17:17:46.986Z CLI info  [dattatryamore_0u49W6]  [jopnpvfteb1yojhm3vqh5klffwmodvvdkyynvdbx]  [5f612b3d-dfa2-4a1c-a217-3d6212d6de7e]  [PRODUCTION] Making POST request to https://eds.browserstack.com
2025-07-12T17:17:57.011Z CLI info [main]  [dattatryamore_0u49W6]  [jopnpvfteb1yojhm3vqh5klffwmodvvdkyynvdbx]  [5f612b3d-dfa2-4a1c-a217-3d6212d6de7e]  Received graceful signal termination, performing cleanup
