2025-07-12 17:06:32 - [32minfo[39m: Reading configs from /home/dmore/project/playwright-browserstack-typescript/browserstack.yml
2025-07-12 17:06:32 - [32minfo[39m: Log Directory has been set to /home/dmore/project/playwright-browserstack-typescript/log
2025-07-12 17:06:32 - [32minfo[39m: Log Directory has been set to /home/dmore/project/playwright-browserstack-typescript/log
2025-07-12 17:06:32 - [32minfo[39m: Running SDK with args /home/dmore/.nvm/versions/node/v20.18.0/bin/node /home/dmore/project/playwright-browserstack-typescript/node_modules/.bin/browserstack-node-sdk playwright test --config playwright.config.ts example-pom-fixture.spec.ts --project=chrome --workers=2
2025-07-12 17:06:32 - [32minfo[39m: SDK run started with id: 0eb2e100-265a-471d-81b1-a73f45e89c2e
2025-07-12 17:06:32 - [32minfo[39m: Project and debug logs are captured by default. To disable, set disableAutoCaptureLogs: true in config.
2025-07-12 17:06:32 - [32minfo[39m: Running SDK with args /home/dmore/.nvm/versions/node/v20.18.0/bin/node /home/dmore/project/playwright-browserstack-typescript/node_modules/.bin/browserstack-node-sdk playwright test --config playwright.config.ts example-pom-fixture.spec.ts --project=chrome --workers=2
2025-07-12 17:06:32 - [32minfo[39m: SDK run started with id: 0eb2e100-265a-471d-81b1-a73f45e89c2e
2025-07-12 17:06:32 - [32minfo[39m: Project and debug logs are captured by default. To disable, set disableAutoCaptureLogs: true in config.
2025-07-12 17:06:36 - [32minfo[39m: [BrowserstackCLI] startMain: Starting main process
2025-07-12 17:06:36 - [32minfo[39m: [BrowserstackCLI] startMain: Starting main process
2025-07-12 17:06:36 - [32minfo[39m: [CLIUtils] Current CLI Path Found: /home/dmore/.browserstack/cli/binary-linuxstatic-x64
2025-07-12 17:06:36 - [32minfo[39m: [CLIUtils] Current CLI Path Found: /home/dmore/.browserstack/cli/binary-linuxstatic-x64
2025-07-12 17:06:37 - [32minfo[39m: [BrowserstackCLI] spawning command='/home/dmore/.browserstack/cli/binary-linuxstatic-x64,sdk'
2025-07-12 17:06:37 - [32minfo[39m: [BrowserstackCLI] spawning command='/home/dmore/.browserstack/cli/binary-linuxstatic-x64,sdk'
2025-07-12 17:06:37 - [32minfo[39m: [BrowserstackCLI] CLI params loaded: {"id":"47b2dcd4-676c-48d2-8a0f-458dd1d5d77a","listen":"unix:/tmp/sdk-platform-47b2dcd4-676c-48d2-8a0f-458dd1d5d77a.sock"}
2025-07-12 17:06:37 - [32minfo[39m: [BrowserstackCLI] CLI params loaded: {"id":"47b2dcd4-676c-48d2-8a0f-458dd1d5d77a","listen":"unix:/tmp/sdk-platform-47b2dcd4-676c-48d2-8a0f-458dd1d5d77a.sock"}
2025-07-12 17:06:37 - [32minfo[39m: [GrpcClient] Connected to gRPC server at unix:/tmp/sdk-platform-47b2dcd4-676c-48d2-8a0f-458dd1d5d77a.sock
2025-07-12 17:06:37 - [32minfo[39m: [GrpcClient] Initialized gRPC client with bin session id: 47b2dcd4-676c-48d2-8a0f-458dd1d5d77a and listen address: unix:/tmp/sdk-platform-47b2dcd4-676c-48d2-8a0f-458dd1d5d77a.sock
2025-07-12 17:06:37 - [32minfo[39m: [GrpcClient] startBinSession: Calling startBinSession
2025-07-12 17:06:37 - [32minfo[39m: [GrpcClient] Connected to gRPC server at unix:/tmp/sdk-platform-47b2dcd4-676c-48d2-8a0f-458dd1d5d77a.sock
2025-07-12 17:06:37 - [32minfo[39m: [GrpcClient] Initialized gRPC client with bin session id: 47b2dcd4-676c-48d2-8a0f-458dd1d5d77a and listen address: unix:/tmp/sdk-platform-47b2dcd4-676c-48d2-8a0f-458dd1d5d77a.sock
2025-07-12 17:06:37 - [32minfo[39m: [GrpcClient] startBinSession: Calling startBinSession
2025-07-12 17:06:39 - [32minfo[39m: [GrpcClient] StartBinSession successful
2025-07-12 17:06:39 - [32minfo[39m: [GrpcClient] StartBinSession successful
2025-07-12 17:06:39 - [32minfo[39m: [BrowserstackCLI] loadModules: Loading modules
2025-07-12 17:06:39 - [32minfo[39m: [BrowserstackCLI] loadModules: binSessionId=47b2dcd4-676c-48d2-8a0f-458dd1d5d77a
2025-07-12 17:06:39 - [32minfo[39m: [BrowserstackCLI] loading Modules.
2025-07-12 17:06:39 - [32minfo[39m: [BrowserstackCLI] setCliArgs: cliArgs=["playwright","test","--config","playwright.config.ts","example-pom-fixture.spec.ts","--project=chrome","--workers=2"]
2025-07-12 17:06:39 - [32minfo[39m: [BrowserstackCLI] loadModules: Loading modules
2025-07-12 17:06:39 - [32minfo[39m: [BrowserstackCLI] loadModules: binSessionId=47b2dcd4-676c-48d2-8a0f-458dd1d5d77a
2025-07-12 17:06:39 - [32minfo[39m: [BrowserstackCLI] loading Modules.
2025-07-12 17:06:39 - [32minfo[39m: [BrowserstackCLI] setCliArgs: cliArgs=["playwright","test","--config","playwright.config.ts","example-pom-fixture.spec.ts","--project=chrome","--workers=2"]
2025-07-12 17:06:40 - [32minfo[39m: [BrowserstackCLI] Starting as child process with session ID: 47b2dcd4-676c-48d2-8a0f-458dd1d5d77a
2025-07-12 17:06:40 - [32minfo[39m: [GrpcClient] Connected to gRPC server at unix:/tmp/sdk-platform-47b2dcd4-676c-48d2-8a0f-458dd1d5d77a.sock
2025-07-12 17:06:40 - [32minfo[39m: [GrpcClient] Connecting bin session
2025-07-12 17:06:40 - [31merror[39m: [BrowserstackCLI] bootstrap: failed to bootstrap=TypeError: Cannot read properties of undefined (reading 'name')
    at BrowserstackCLI.setupAutomationFramework (/home/dmore/project/playwright-browserstack-typescript/node_modules/browserstack-node-sdk/src/bin/v2/browserstackCLI.js:1:17224)
    at BrowserstackCLI.bootstrap (/home/dmore/project/playwright-browserstack-typescript/node_modules/browserstack-node-sdk/src/bin/v2/browserstackCLI.js:1:2641)
    at Object._modifyPlaywright (/home/dmore/project/playwright-browserstack-typescript/node_modules/browserstack-node-sdk/src/bin/playwright/modifyPlaywrightConf.js:1:23524)
    at Object.<anonymous> (/home/dmore/project/playwright-browserstack-typescript/playwright-browserstack-sdk.config.ts:4:24)
    at Module._compile (node:internal/modules/cjs/loader:1469:14)
    at Module.f._compile (/home/dmore/project/playwright-browserstack-typescript/node_modules/playwright/lib/utilsBundleImpl.js:16:994)
    at Module._extensions..js (node:internal/modules/cjs/loader:1548:10)
    at Object.i.<computed>.ut._extensions.<computed> [as .ts] (/home/dmore/project/playwright-browserstack-typescript/node_modules/playwright/lib/utilsBundleImpl.js:16:1010)
    at Module.load (node:internal/modules/cjs/loader:1288:32)
    at Function.Module._load (node:internal/modules/cjs/loader:1104:12)
    at Module.require (node:internal/modules/cjs/loader:1311:19)
    at require (node:internal/modules/helpers:179:18)
    at requireOrImport (/home/dmore/project/playwright-browserstack-typescript/node_modules/playwright/lib/transform/transform.js:230:18)
    at loadUserConfig (/home/dmore/project/playwright-browserstack-typescript/node_modules/playwright/lib/common/configLoader.js:94:83)
    at loadConfig (/home/dmore/project/playwright-browserstack-typescript/node_modules/playwright/lib/common/configLoader.js:105:28)
    at TestServerDispatcher._loadConfig (/home/dmore/project/playwright-browserstack-typescript/node_modules/playwright/lib/runner/testServer.js:453:22)
    at TestServerDispatcher._loadConfigOrReportError (/home/dmore/project/playwright-browserstack-typescript/node_modules/playwright/lib/runner/testServer.js:477:9)
    at TestServerDispatcher.listFiles (/home/dmore/project/playwright-browserstack-typescript/node_modules/playwright/lib/runner/testServer.js:227:20)
    at t.<anonymous> (/home/dmore/project/playwright-browserstack-typescript/node_modules/playwright-core/lib/utils/httpServer.js:92:26)
2025-07-12 17:06:40 - [32minfo[39m: [BrowserstackCLI] stop: CLI is not running, skipping stop
2025-07-12 17:06:40 - [32minfo[39m: [GrpcClient] ConnectBinSession successful
2025-07-12 17:06:40 - [32minfo[39m: [BrowserstackCLI] loadModules: Loading modules
2025-07-12 17:06:40 - [32minfo[39m: [BrowserstackCLI] loadModules: binSessionId=47b2dcd4-676c-48d2-8a0f-458dd1d5d77a
2025-07-12 17:06:40 - [32minfo[39m: [BrowserstackCLI] loading Modules.
2025-07-12 17:06:40 - [32minfo[39m: [GrpcClient] Getting Playwright config
2025-07-12 17:06:40 - [32minfo[39m: [GrpcClient] PlaywrightConfig request successful
2025-07-12 17:06:40 - [32minfo[39m: [BrowserstackCLI] stop: CLI stop triggered
2025-07-12 17:06:40 - [32minfo[39m: [BrowserstackCLI] stop: CLI stop triggered
2025-07-12 17:06:40 - [32minfo[39m: [GrpcClient] Stopping bin session
2025-07-12 17:06:40 - [32minfo[39m: [GrpcClient] Stopping bin session
2025-07-12 17:06:46 - [32minfo[39m: [GrpcClient] StopBinSession successful
2025-07-12 17:06:46 - [32minfo[39m: [GrpcClient] StopBinSession successful
2025-07-12 17:06:46 - [32minfo[39m: [BrowserstackCLI] stop: stopBinSession build_link=null hashed_id=null o11y_uuid=gdfirvwsveju6kdalvmurgjfllt4k5wz4feu9l30
2025-07-12 17:06:46 - [32minfo[39m: [BrowserstackCLI] Unconfiguring modules
2025-07-12 17:06:46 - [32minfo[39m: [BrowserstackCLI] stop: channel closed
2025-07-12 17:06:46 - [32minfo[39m: [BrowserstackCLI] stop: stopBinSession build_link=null hashed_id=null o11y_uuid=gdfirvwsveju6kdalvmurgjfllt4k5wz4feu9l30
2025-07-12 17:06:46 - [32minfo[39m: [BrowserstackCLI] Unconfiguring modules
2025-07-12 17:06:46 - [32minfo[39m: [BrowserstackCLI] stop: channel closed
2025-07-12 17:06:51 - [32minfo[39m: [BrowserstackCLI] stop: shutting down CLI
2025-07-12 17:06:51 - [32minfo[39m: [BrowserstackCLI] stop: shutting down CLI
2025-07-12 17:06:51 - [32minfo[39m: [BrowserstackCLI] stop: CLI process exited
2025-07-12 17:06:51 - [32minfo[39m: [BrowserstackCLI] stop: CLI process exited
2025-07-12 17:06:51 - [32minfo[39m: Visit https://observability.browserstack.com/builds/gdfirvwsveju6kdalvmurgjfllt4k5wz4feu9l30 to view build report, insights, and many more debugging information all at one place!

2025-07-12 17:06:51 - [32minfo[39m: Visit https://observability.browserstack.com/builds/gdfirvwsveju6kdalvmurgjfllt4k5wz4feu9l30 to view build report, insights, and many more debugging information all at one place!

2025-07-12 17:06:52 - [32minfo[39m: SDK run ended for id: 0eb2e100-265a-471d-81b1-a73f45e89c2e, testhub id: gdfirvwsveju6kdalvmurgjfllt4k5wz4feu9l30
2025-07-12 17:06:52 - [32minfo[39m: SDK run ended for id: 0eb2e100-265a-471d-81b1-a73f45e89c2e, testhub id: gdfirvwsveju6kdalvmurgjfllt4k5wz4feu9l30
2025-07-12 17:08:03 - [32minfo[39m: Reading configs from /home/dmore/project/playwright-browserstack-typescript/browserstack.yml
2025-07-12 17:08:03 - [32minfo[39m: Log Directory has been set to /home/dmore/project/playwright-browserstack-typescript/log
2025-07-12 17:08:03 - [32minfo[39m: Log Directory has been set to /home/dmore/project/playwright-browserstack-typescript/log
2025-07-12 17:08:03 - [32minfo[39m: Running SDK with args /home/dmore/.nvm/versions/node/v20.18.0/bin/node /home/dmore/project/playwright-browserstack-typescript/node_modules/.bin/browserstack-node-sdk playwright test --config playwright.config.ts example-pom-fixture.spec.ts --project=-120:Windows 10-browserstack --workers=2
2025-07-12 17:08:03 - [32minfo[39m: SDK run started with id: f45658a1-ff19-4144-a515-a28a1a9fa595
2025-07-12 17:08:03 - [32minfo[39m: Project and debug logs are captured by default. To disable, set disableAutoCaptureLogs: true in config.
2025-07-12 17:08:03 - [32minfo[39m: Running SDK with args /home/dmore/.nvm/versions/node/v20.18.0/bin/node /home/dmore/project/playwright-browserstack-typescript/node_modules/.bin/browserstack-node-sdk playwright test --config playwright.config.ts example-pom-fixture.spec.ts --project=-120:Windows 10-browserstack --workers=2
2025-07-12 17:08:03 - [32minfo[39m: SDK run started with id: f45658a1-ff19-4144-a515-a28a1a9fa595
2025-07-12 17:08:03 - [32minfo[39m: Project and debug logs are captured by default. To disable, set disableAutoCaptureLogs: true in config.
2025-07-12 17:08:04 - [32minfo[39m: [BrowserstackCLI] startMain: Starting main process
2025-07-12 17:08:04 - [32minfo[39m: [BrowserstackCLI] startMain: Starting main process
2025-07-12 17:08:04 - [32minfo[39m: [CLIUtils] Current CLI Path Found: /home/dmore/.browserstack/cli/binary-linuxstatic-x64
2025-07-12 17:08:04 - [32minfo[39m: [CLIUtils] Current CLI Path Found: /home/dmore/.browserstack/cli/binary-linuxstatic-x64
2025-07-12 17:08:04 - [32minfo[39m: [BrowserstackCLI] spawning command='/home/dmore/.browserstack/cli/binary-linuxstatic-x64,sdk'
2025-07-12 17:08:04 - [32minfo[39m: [BrowserstackCLI] spawning command='/home/dmore/.browserstack/cli/binary-linuxstatic-x64,sdk'
2025-07-12 17:08:05 - [32minfo[39m: [BrowserstackCLI] CLI params loaded: {"id":"4e35a4b5-7073-42df-b3ea-b929cf565050","listen":"unix:/tmp/sdk-platform-4e35a4b5-7073-42df-b3ea-b929cf565050.sock"}
2025-07-12 17:08:05 - [32minfo[39m: [BrowserstackCLI] CLI params loaded: {"id":"4e35a4b5-7073-42df-b3ea-b929cf565050","listen":"unix:/tmp/sdk-platform-4e35a4b5-7073-42df-b3ea-b929cf565050.sock"}
2025-07-12 17:08:05 - [32minfo[39m: [GrpcClient] Connected to gRPC server at unix:/tmp/sdk-platform-4e35a4b5-7073-42df-b3ea-b929cf565050.sock
2025-07-12 17:08:05 - [32minfo[39m: [GrpcClient] Initialized gRPC client with bin session id: 4e35a4b5-7073-42df-b3ea-b929cf565050 and listen address: unix:/tmp/sdk-platform-4e35a4b5-7073-42df-b3ea-b929cf565050.sock
2025-07-12 17:08:05 - [32minfo[39m: [GrpcClient] startBinSession: Calling startBinSession
2025-07-12 17:08:05 - [32minfo[39m: [GrpcClient] Connected to gRPC server at unix:/tmp/sdk-platform-4e35a4b5-7073-42df-b3ea-b929cf565050.sock
2025-07-12 17:08:05 - [32minfo[39m: [GrpcClient] Initialized gRPC client with bin session id: 4e35a4b5-7073-42df-b3ea-b929cf565050 and listen address: unix:/tmp/sdk-platform-4e35a4b5-7073-42df-b3ea-b929cf565050.sock
2025-07-12 17:08:05 - [32minfo[39m: [GrpcClient] startBinSession: Calling startBinSession
2025-07-12 17:08:06 - [32minfo[39m: [GrpcClient] StartBinSession successful
2025-07-12 17:08:06 - [32minfo[39m: [GrpcClient] StartBinSession successful
2025-07-12 17:08:06 - [32minfo[39m: [BrowserstackCLI] loadModules: Loading modules
2025-07-12 17:08:06 - [32minfo[39m: [BrowserstackCLI] loadModules: binSessionId=4e35a4b5-7073-42df-b3ea-b929cf565050
2025-07-12 17:08:06 - [32minfo[39m: [BrowserstackCLI] loading Modules.
2025-07-12 17:08:06 - [32minfo[39m: [BrowserstackCLI] setCliArgs: cliArgs=["playwright","test","--config","playwright.config.ts","example-pom-fixture.spec.ts","--project=-120:Windows 10-browserstack","--workers=2"]
2025-07-12 17:08:06 - [32minfo[39m: [BrowserstackCLI] loadModules: Loading modules
2025-07-12 17:08:06 - [32minfo[39m: [BrowserstackCLI] loadModules: binSessionId=4e35a4b5-7073-42df-b3ea-b929cf565050
2025-07-12 17:08:06 - [32minfo[39m: [BrowserstackCLI] loading Modules.
2025-07-12 17:08:06 - [32minfo[39m: [BrowserstackCLI] setCliArgs: cliArgs=["playwright","test","--config","playwright.config.ts","example-pom-fixture.spec.ts","--project=-120:Windows 10-browserstack","--workers=2"]
2025-07-12 17:08:07 - [32minfo[39m: [BrowserstackCLI] Starting as child process with session ID: 4e35a4b5-7073-42df-b3ea-b929cf565050
2025-07-12 17:08:07 - [32minfo[39m: [GrpcClient] Connected to gRPC server at unix:/tmp/sdk-platform-4e35a4b5-7073-42df-b3ea-b929cf565050.sock
2025-07-12 17:08:07 - [32minfo[39m: [GrpcClient] Connecting bin session
2025-07-12 17:08:07 - [31merror[39m: [BrowserstackCLI] bootstrap: failed to bootstrap=TypeError: Cannot read properties of undefined (reading 'name')
    at BrowserstackCLI.setupAutomationFramework (/home/dmore/project/playwright-browserstack-typescript/node_modules/browserstack-node-sdk/src/bin/v2/browserstackCLI.js:1:17224)
    at BrowserstackCLI.bootstrap (/home/dmore/project/playwright-browserstack-typescript/node_modules/browserstack-node-sdk/src/bin/v2/browserstackCLI.js:1:2641)
    at Object._modifyPlaywright (/home/dmore/project/playwright-browserstack-typescript/node_modules/browserstack-node-sdk/src/bin/playwright/modifyPlaywrightConf.js:1:23524)
    at Object.<anonymous> (/home/dmore/project/playwright-browserstack-typescript/playwright-browserstack-sdk.config.ts:4:24)
    at Module._compile (node:internal/modules/cjs/loader:1469:14)
    at Module.f._compile (/home/dmore/project/playwright-browserstack-typescript/node_modules/playwright/lib/utilsBundleImpl.js:16:994)
    at Module._extensions..js (node:internal/modules/cjs/loader:1548:10)
    at Object.i.<computed>.ut._extensions.<computed> [as .ts] (/home/dmore/project/playwright-browserstack-typescript/node_modules/playwright/lib/utilsBundleImpl.js:16:1010)
    at Module.load (node:internal/modules/cjs/loader:1288:32)
    at Function.Module._load (node:internal/modules/cjs/loader:1104:12)
    at Module.require (node:internal/modules/cjs/loader:1311:19)
    at require (node:internal/modules/helpers:179:18)
    at requireOrImport (/home/dmore/project/playwright-browserstack-typescript/node_modules/playwright/lib/transform/transform.js:230:18)
    at loadUserConfig (/home/dmore/project/playwright-browserstack-typescript/node_modules/playwright/lib/common/configLoader.js:94:83)
    at loadConfig (/home/dmore/project/playwright-browserstack-typescript/node_modules/playwright/lib/common/configLoader.js:105:28)
    at TestServerDispatcher._loadConfig (/home/dmore/project/playwright-browserstack-typescript/node_modules/playwright/lib/runner/testServer.js:453:22)
    at TestServerDispatcher._loadConfigOrReportError (/home/dmore/project/playwright-browserstack-typescript/node_modules/playwright/lib/runner/testServer.js:477:9)
    at TestServerDispatcher.listFiles (/home/dmore/project/playwright-browserstack-typescript/node_modules/playwright/lib/runner/testServer.js:227:20)
    at t.<anonymous> (/home/dmore/project/playwright-browserstack-typescript/node_modules/playwright-core/lib/utils/httpServer.js:92:26)
2025-07-12 17:08:07 - [32minfo[39m: [BrowserstackCLI] stop: CLI is not running, skipping stop
2025-07-12 17:08:07 - [32minfo[39m: [GrpcClient] ConnectBinSession successful
2025-07-12 17:08:07 - [32minfo[39m: [BrowserstackCLI] loadModules: Loading modules
2025-07-12 17:08:07 - [32minfo[39m: [BrowserstackCLI] loadModules: binSessionId=4e35a4b5-7073-42df-b3ea-b929cf565050
2025-07-12 17:08:07 - [32minfo[39m: [BrowserstackCLI] loading Modules.
2025-07-12 17:08:07 - [32minfo[39m: [GrpcClient] Getting Playwright config
2025-07-12 17:08:07 - [32minfo[39m: [GrpcClient] PlaywrightConfig request successful
2025-07-12 17:08:07 - [32minfo[39m: Setting up TestInfo directory at /home/dmore/project/playwright-browserstack-typescript/log/.obs_test_details-undefined
2025-07-12 17:08:07 - [32minfo[39m: [PlaywrightTestFramework] trackPlaywrightInstance: created instance for target=14339:0, state=TestFrameworkState.INIT_TEST
2025-07-12 17:08:07 - [32minfo[39m: [PlaywrightTestFramework] trackPlaywrightInstance: saved instance contextId=22b2980d151dc11faf1f5fea89352f9dc1bbb77655e8896d87f60dbb4651e879 target=14339:0
2025-07-12 17:08:08 - [32minfo[39m: [BrowserstackCLI] Starting as child process with session ID: 4e35a4b5-7073-42df-b3ea-b929cf565050
2025-07-12 17:08:08 - [32minfo[39m: [GrpcClient] Connected to gRPC server at unix:/tmp/sdk-platform-4e35a4b5-7073-42df-b3ea-b929cf565050.sock
2025-07-12 17:08:08 - [32minfo[39m: [GrpcClient] Connecting bin session
2025-07-12 17:08:08 - [32minfo[39m: [GrpcClient] ConnectBinSession successful
2025-07-12 17:08:08 - [32minfo[39m: [BrowserstackCLI] loadModules: Loading modules
2025-07-12 17:08:08 - [32minfo[39m: [BrowserstackCLI] loadModules: binSessionId=4e35a4b5-7073-42df-b3ea-b929cf565050
2025-07-12 17:08:08 - [32minfo[39m: [BrowserstackCLI] loading Modules.
2025-07-12 17:08:08 - [32minfo[39m: [GrpcClient] Getting Playwright config
2025-07-12 17:08:08 - [32minfo[39m: [GrpcClient] PlaywrightConfig request successful
2025-07-12 17:08:08 - [32minfo[39m: [GrpcClient] Sending TestFrameworkEvent
2025-07-12 17:08:08 - [32minfo[39m: [GrpcClient] TestFrameworkEvent request successful
2025-07-12 17:08:14 - [32minfo[39m: [PlaywrightAutomationFramework] trackPlaywrightInstance: created instance for target=14466:0, state=AutomationFrameworkState.PLAYWRIGHT_DISPATCH
2025-07-12 17:08:14 - [32minfo[39m: [PlaywrightAutomationFramework] trackPlaywrightInstance: saved instance contextId=04b54b21b516bf6589f47ce45b539f5a959c7448a2f07fd21cced012442f3a29 target=14466:0
2025-07-12 17:08:18 - [32minfo[39m: [GrpcClient] Sending TestFrameworkEvent
2025-07-12 17:08:18 - [32minfo[39m: getting screenshots results.
2025-07-12 17:08:18 - [32minfo[39m: [GrpcClient] Sending LogCreatedEvent
2025-07-12 17:08:18 - [32minfo[39m: [GrpcClient] TestFrameworkEvent request successful
2025-07-12 17:08:18 - [32minfo[39m: [GrpcClient] LogCreatedEvent request successful
2025-07-12 17:08:21 - [32minfo[39m: [BrowserstackCLI] stop: CLI stop triggered
2025-07-12 17:08:21 - [32minfo[39m: [BrowserstackCLI] stop: CLI stop triggered
2025-07-12 17:08:21 - [32minfo[39m: [GrpcClient] Stopping bin session
2025-07-12 17:08:21 - [32minfo[39m: [GrpcClient] Stopping bin session
2025-07-12 17:08:32 - [32minfo[39m: [GrpcClient] StopBinSession successful
2025-07-12 17:08:32 - [32minfo[39m: [GrpcClient] StopBinSession successful
2025-07-12 17:08:32 - [32minfo[39m: [BrowserstackCLI] stop: stopBinSession build_link=https://automate.browserstack.com/dashboard/v2/builds/2a415ea5193157627578440f0affc7edb1c01a8f hashed_id=2a415ea5193157627578440f0affc7edb1c01a8f o11y_uuid=nnwwyoidyyub8sdjvrpfyhpixu7vgstrkazy1nyr
2025-07-12 17:08:32 - [32minfo[39m: [BrowserstackCLI] Unconfiguring modules
2025-07-12 17:08:32 - [32minfo[39m: [BrowserstackCLI] stop: channel closed
2025-07-12 17:08:32 - [32minfo[39m: [BrowserstackCLI] stop: stopBinSession build_link=https://automate.browserstack.com/dashboard/v2/builds/2a415ea5193157627578440f0affc7edb1c01a8f hashed_id=2a415ea5193157627578440f0affc7edb1c01a8f o11y_uuid=nnwwyoidyyub8sdjvrpfyhpixu7vgstrkazy1nyr
2025-07-12 17:08:32 - [32minfo[39m: [BrowserstackCLI] Unconfiguring modules
2025-07-12 17:08:32 - [32minfo[39m: [BrowserstackCLI] stop: channel closed
2025-07-12 17:08:37 - [32minfo[39m: [BrowserstackCLI] stop: shutting down CLI
2025-07-12 17:08:37 - [32minfo[39m: [BrowserstackCLI] stop: shutting down CLI
2025-07-12 17:08:37 - [32minfo[39m: [BrowserstackCLI] stop: CLI process exited
2025-07-12 17:08:37 - [32minfo[39m: [BrowserstackCLI] stop: CLI process exited
2025-07-12 17:08:37 - [32minfo[39m: Visit https://observability.browserstack.com/builds/nnwwyoidyyub8sdjvrpfyhpixu7vgstrkazy1nyr to view build report, insights, and many more debugging information all at one place!

2025-07-12 17:08:37 - [32minfo[39m: Visit https://observability.browserstack.com/builds/nnwwyoidyyub8sdjvrpfyhpixu7vgstrkazy1nyr to view build report, insights, and many more debugging information all at one place!

2025-07-12 17:08:37 - [32minfo[39m: SDK run ended for id: f45658a1-ff19-4144-a515-a28a1a9fa595, testhub id: nnwwyoidyyub8sdjvrpfyhpixu7vgstrkazy1nyr
2025-07-12 17:08:37 - [32minfo[39m: SDK run ended for id: f45658a1-ff19-4144-a515-a28a1a9fa595, testhub id: nnwwyoidyyub8sdjvrpfyhpixu7vgstrkazy1nyr
2025-07-12 17:08:40 - [32minfo[39m: Deleting /home/dmore/project/playwright-browserstack-typescript/playwright-browserstack-sdk.config.ts
2025-07-12 17:08:40 - [32minfo[39m: Deleting /home/dmore/project/playwright-browserstack-typescript/playwright-browserstack-sdk.config.ts
2025-07-12 17:08:40 - [32minfo[39m: [BrowserstackCLI] stop: CLI is not running, skipping stop
2025-07-12 17:08:40 - [32minfo[39m: [BrowserstackCLI] stop: CLI is not running, skipping stop
2025-07-12 17:08:46 - [31merror[39m: Error in sending request to BrowserStack Server : {
  status: 'failed',
  message: 'Invalid username or access-key. Visit https://www.browserstack.com/accounts/profile/details for more details.'
}
2025-07-12 17:08:46 - [31merror[39m: Error in sending request to BrowserStack Server : {
  status: 'failed',
  message: 'Invalid username or access-key. Visit https://www.browserstack.com/accounts/profile/details for more details.'
}
2025-07-12 17:09:24 - [32minfo[39m: Reading configs from /home/dmore/project/playwright-browserstack-typescript/browserstack.yml
2025-07-12 17:09:24 - [32minfo[39m: Log Directory has been set to /home/dmore/project/playwright-browserstack-typescript/log
2025-07-12 17:09:24 - [32minfo[39m: Log Directory has been set to /home/dmore/project/playwright-browserstack-typescript/log
2025-07-12 17:09:24 - [32minfo[39m: Running SDK with args /home/dmore/.nvm/versions/node/v20.18.0/bin/node /home/dmore/project/playwright-browserstack-typescript/node_modules/.bin/browserstack-node-sdk playwright test --config playwright.config.ts example-pom-fixture.spec.ts --project=chrome --workers=2
2025-07-12 17:09:24 - [32minfo[39m: SDK run started with id: 84ef2f28-5c16-4432-a200-f35f093db535
2025-07-12 17:09:24 - [32minfo[39m: Project and debug logs are captured by default. To disable, set disableAutoCaptureLogs: true in config.
2025-07-12 17:09:24 - [32minfo[39m: Running SDK with args /home/dmore/.nvm/versions/node/v20.18.0/bin/node /home/dmore/project/playwright-browserstack-typescript/node_modules/.bin/browserstack-node-sdk playwright test --config playwright.config.ts example-pom-fixture.spec.ts --project=chrome --workers=2
2025-07-12 17:09:24 - [32minfo[39m: SDK run started with id: 84ef2f28-5c16-4432-a200-f35f093db535
2025-07-12 17:09:24 - [32minfo[39m: Project and debug logs are captured by default. To disable, set disableAutoCaptureLogs: true in config.
2025-07-12 17:09:25 - [32minfo[39m: [BrowserstackCLI] startMain: Starting main process
2025-07-12 17:09:25 - [32minfo[39m: [BrowserstackCLI] startMain: Starting main process
2025-07-12 17:09:25 - [32minfo[39m: [CLIUtils] Current CLI Path Found: /home/dmore/.browserstack/cli/binary-linuxstatic-x64
2025-07-12 17:09:25 - [32minfo[39m: [CLIUtils] Current CLI Path Found: /home/dmore/.browserstack/cli/binary-linuxstatic-x64
2025-07-12 17:09:25 - [32minfo[39m: [BrowserstackCLI] spawning command='/home/dmore/.browserstack/cli/binary-linuxstatic-x64,sdk'
2025-07-12 17:09:25 - [32minfo[39m: [BrowserstackCLI] spawning command='/home/dmore/.browserstack/cli/binary-linuxstatic-x64,sdk'
2025-07-12 17:09:26 - [32minfo[39m: [BrowserstackCLI] CLI params loaded: {"id":"a02fe7e5-d4ef-4ddc-8293-2078f9a50561","listen":"unix:/tmp/sdk-platform-a02fe7e5-d4ef-4ddc-8293-2078f9a50561.sock"}
2025-07-12 17:09:26 - [32minfo[39m: [BrowserstackCLI] CLI params loaded: {"id":"a02fe7e5-d4ef-4ddc-8293-2078f9a50561","listen":"unix:/tmp/sdk-platform-a02fe7e5-d4ef-4ddc-8293-2078f9a50561.sock"}
2025-07-12 17:09:26 - [32minfo[39m: [GrpcClient] Connected to gRPC server at unix:/tmp/sdk-platform-a02fe7e5-d4ef-4ddc-8293-2078f9a50561.sock
2025-07-12 17:09:26 - [32minfo[39m: [GrpcClient] Initialized gRPC client with bin session id: a02fe7e5-d4ef-4ddc-8293-2078f9a50561 and listen address: unix:/tmp/sdk-platform-a02fe7e5-d4ef-4ddc-8293-2078f9a50561.sock
2025-07-12 17:09:26 - [32minfo[39m: [GrpcClient] startBinSession: Calling startBinSession
2025-07-12 17:09:26 - [32minfo[39m: [GrpcClient] Connected to gRPC server at unix:/tmp/sdk-platform-a02fe7e5-d4ef-4ddc-8293-2078f9a50561.sock
2025-07-12 17:09:26 - [32minfo[39m: [GrpcClient] Initialized gRPC client with bin session id: a02fe7e5-d4ef-4ddc-8293-2078f9a50561 and listen address: unix:/tmp/sdk-platform-a02fe7e5-d4ef-4ddc-8293-2078f9a50561.sock
2025-07-12 17:09:26 - [32minfo[39m: [GrpcClient] startBinSession: Calling startBinSession
2025-07-12 17:09:27 - [32minfo[39m: [GrpcClient] StartBinSession successful
2025-07-12 17:09:27 - [32minfo[39m: [GrpcClient] StartBinSession successful
2025-07-12 17:09:27 - [32minfo[39m: [BrowserstackCLI] loadModules: Loading modules
2025-07-12 17:09:27 - [32minfo[39m: [BrowserstackCLI] loadModules: binSessionId=a02fe7e5-d4ef-4ddc-8293-2078f9a50561
2025-07-12 17:09:27 - [32minfo[39m: [BrowserstackCLI] loading Modules.
2025-07-12 17:09:27 - [32minfo[39m: [BrowserstackCLI] setCliArgs: cliArgs=["playwright","test","--config","playwright.config.ts","example-pom-fixture.spec.ts","--project=chrome","--workers=2"]
2025-07-12 17:09:27 - [32minfo[39m: [BrowserstackCLI] loadModules: Loading modules
2025-07-12 17:09:27 - [32minfo[39m: [BrowserstackCLI] loadModules: binSessionId=a02fe7e5-d4ef-4ddc-8293-2078f9a50561
2025-07-12 17:09:27 - [32minfo[39m: [BrowserstackCLI] loading Modules.
2025-07-12 17:09:27 - [32minfo[39m: [BrowserstackCLI] setCliArgs: cliArgs=["playwright","test","--config","playwright.config.ts","example-pom-fixture.spec.ts","--project=chrome","--workers=2"]
2025-07-12 17:09:28 - [32minfo[39m: [BrowserstackCLI] Starting as child process with session ID: a02fe7e5-d4ef-4ddc-8293-2078f9a50561
2025-07-12 17:09:28 - [32minfo[39m: [GrpcClient] Connected to gRPC server at unix:/tmp/sdk-platform-a02fe7e5-d4ef-4ddc-8293-2078f9a50561.sock
2025-07-12 17:09:28 - [32minfo[39m: [GrpcClient] Connecting bin session
2025-07-12 17:09:28 - [32minfo[39m: [GrpcClient] ConnectBinSession successful
2025-07-12 17:09:28 - [32minfo[39m: [BrowserstackCLI] loadModules: Loading modules
2025-07-12 17:09:28 - [32minfo[39m: [BrowserstackCLI] loadModules: binSessionId=a02fe7e5-d4ef-4ddc-8293-2078f9a50561
2025-07-12 17:09:28 - [32minfo[39m: [BrowserstackCLI] loading Modules.
2025-07-12 17:09:28 - [32minfo[39m: [GrpcClient] Getting Playwright config
2025-07-12 17:09:28 - [32minfo[39m: [GrpcClient] PlaywrightConfig request successful
2025-07-12 17:09:28 - [32minfo[39m: [BrowserstackCLI] stop: CLI stop triggered
2025-07-12 17:09:28 - [32minfo[39m: [BrowserstackCLI] stop: CLI stop triggered
2025-07-12 17:09:28 - [31merror[39m: [BrowserstackCLI] bootstrap: failed to bootstrap=TypeError: Cannot read properties of undefined (reading 'name')
    at BrowserstackCLI.setupAutomationFramework (/home/dmore/project/playwright-browserstack-typescript/node_modules/browserstack-node-sdk/src/bin/v2/browserstackCLI.js:1:17224)
    at BrowserstackCLI.bootstrap (/home/dmore/project/playwright-browserstack-typescript/node_modules/browserstack-node-sdk/src/bin/v2/browserstackCLI.js:1:2641)
    at Object._modifyPlaywright (/home/dmore/project/playwright-browserstack-typescript/node_modules/browserstack-node-sdk/src/bin/playwright/modifyPlaywrightConf.js:1:23524)
    at Object.<anonymous> (/home/dmore/project/playwright-browserstack-typescript/playwright-browserstack-sdk.config.ts:4:24)
    at Module._compile (node:internal/modules/cjs/loader:1469:14)
    at Module.f._compile (/home/dmore/project/playwright-browserstack-typescript/node_modules/playwright/lib/utilsBundleImpl.js:16:994)
    at Module._extensions..js (node:internal/modules/cjs/loader:1548:10)
    at Object.i.<computed>.ut._extensions.<computed> [as .ts] (/home/dmore/project/playwright-browserstack-typescript/node_modules/playwright/lib/utilsBundleImpl.js:16:1010)
    at Module.load (node:internal/modules/cjs/loader:1288:32)
    at Function.Module._load (node:internal/modules/cjs/loader:1104:12)
    at Module.require (node:internal/modules/cjs/loader:1311:19)
    at require (node:internal/modules/helpers:179:18)
    at requireOrImport (/home/dmore/project/playwright-browserstack-typescript/node_modules/playwright/lib/transform/transform.js:230:18)
    at loadUserConfig (/home/dmore/project/playwright-browserstack-typescript/node_modules/playwright/lib/common/configLoader.js:94:83)
    at loadConfig (/home/dmore/project/playwright-browserstack-typescript/node_modules/playwright/lib/common/configLoader.js:105:28)
    at TestServerDispatcher._loadConfig (/home/dmore/project/playwright-browserstack-typescript/node_modules/playwright/lib/runner/testServer.js:453:22)
    at TestServerDispatcher._loadConfigOrReportError (/home/dmore/project/playwright-browserstack-typescript/node_modules/playwright/lib/runner/testServer.js:477:9)
    at TestServerDispatcher.listFiles (/home/dmore/project/playwright-browserstack-typescript/node_modules/playwright/lib/runner/testServer.js:227:20)
    at t.<anonymous> (/home/dmore/project/playwright-browserstack-typescript/node_modules/playwright-core/lib/utils/httpServer.js:92:26)
2025-07-12 17:09:28 - [32minfo[39m: [BrowserstackCLI] stop: CLI is not running, skipping stop
2025-07-12 17:09:28 - [32minfo[39m: [GrpcClient] Stopping bin session
2025-07-12 17:09:28 - [32minfo[39m: [GrpcClient] Stopping bin session
2025-07-12 17:09:37 - [32minfo[39m: [GrpcClient] StopBinSession successful
2025-07-12 17:09:37 - [32minfo[39m: [GrpcClient] StopBinSession successful
2025-07-12 17:09:37 - [32minfo[39m: [BrowserstackCLI] stop: stopBinSession build_link=null hashed_id=null o11y_uuid=9daazgeqrp4ksohuicwvmu6acictnt1tvhzrpsyu
2025-07-12 17:09:37 - [32minfo[39m: [BrowserstackCLI] Unconfiguring modules
2025-07-12 17:09:37 - [32minfo[39m: [BrowserstackCLI] stop: channel closed
2025-07-12 17:09:37 - [32minfo[39m: [BrowserstackCLI] stop: stopBinSession build_link=null hashed_id=null o11y_uuid=9daazgeqrp4ksohuicwvmu6acictnt1tvhzrpsyu
2025-07-12 17:09:37 - [32minfo[39m: [BrowserstackCLI] Unconfiguring modules
2025-07-12 17:09:37 - [32minfo[39m: [BrowserstackCLI] stop: channel closed
2025-07-12 17:09:42 - [32minfo[39m: [BrowserstackCLI] stop: shutting down CLI
2025-07-12 17:09:42 - [32minfo[39m: [BrowserstackCLI] stop: shutting down CLI
2025-07-12 17:09:42 - [32minfo[39m: [BrowserstackCLI] stop: CLI process exited
2025-07-12 17:09:42 - [32minfo[39m: [BrowserstackCLI] stop: CLI process exited
2025-07-12 17:09:42 - [32minfo[39m: Visit https://observability.browserstack.com/builds/9daazgeqrp4ksohuicwvmu6acictnt1tvhzrpsyu to view build report, insights, and many more debugging information all at one place!

2025-07-12 17:09:42 - [32minfo[39m: Visit https://observability.browserstack.com/builds/9daazgeqrp4ksohuicwvmu6acictnt1tvhzrpsyu to view build report, insights, and many more debugging information all at one place!

2025-07-12 17:09:43 - [32minfo[39m: SDK run ended for id: 84ef2f28-5c16-4432-a200-f35f093db535, testhub id: 9daazgeqrp4ksohuicwvmu6acictnt1tvhzrpsyu
2025-07-12 17:09:43 - [32minfo[39m: SDK run ended for id: 84ef2f28-5c16-4432-a200-f35f093db535, testhub id: 9daazgeqrp4ksohuicwvmu6acictnt1tvhzrpsyu
2025-07-12 17:10:21 - [32minfo[39m: Reading configs from /home/dmore/project/playwright-browserstack-typescript/browserstack.yml
2025-07-12 17:10:21 - [32minfo[39m: Log Directory has been set to /home/dmore/project/playwright-browserstack-typescript/log
2025-07-12 17:10:21 - [32minfo[39m: Log Directory has been set to /home/dmore/project/playwright-browserstack-typescript/log
2025-07-12 17:10:21 - [32minfo[39m: Running SDK with args /home/dmore/.nvm/versions/node/v20.18.0/bin/node /home/dmore/project/playwright-browserstack-typescript/node_modules/.bin/browserstack-node-sdk playwright test --config playwright.config.ts example-pom-fixture.spec.ts --project=-Samsung Galaxy S22 Ultra:12-browserstack-mobile --workers=2
2025-07-12 17:10:21 - [32minfo[39m: SDK run started with id: 4813ad76-6b70-42ed-bb27-7c775fd2e964
2025-07-12 17:10:22 - [32minfo[39m: Project and debug logs are captured by default. To disable, set disableAutoCaptureLogs: true in config.
2025-07-12 17:10:21 - [32minfo[39m: Running SDK with args /home/dmore/.nvm/versions/node/v20.18.0/bin/node /home/dmore/project/playwright-browserstack-typescript/node_modules/.bin/browserstack-node-sdk playwright test --config playwright.config.ts example-pom-fixture.spec.ts --project=-Samsung Galaxy S22 Ultra:12-browserstack-mobile --workers=2
2025-07-12 17:10:21 - [32minfo[39m: SDK run started with id: 4813ad76-6b70-42ed-bb27-7c775fd2e964
2025-07-12 17:10:22 - [32minfo[39m: Project and debug logs are captured by default. To disable, set disableAutoCaptureLogs: true in config.
2025-07-12 17:10:23 - [32minfo[39m: [BrowserstackCLI] startMain: Starting main process
2025-07-12 17:10:23 - [32minfo[39m: [BrowserstackCLI] startMain: Starting main process
2025-07-12 17:10:23 - [32minfo[39m: [CLIUtils] Current CLI Path Found: /home/dmore/.browserstack/cli/binary-linuxstatic-x64
2025-07-12 17:10:23 - [32minfo[39m: [CLIUtils] Current CLI Path Found: /home/dmore/.browserstack/cli/binary-linuxstatic-x64
2025-07-12 17:10:23 - [32minfo[39m: [BrowserstackCLI] spawning command='/home/dmore/.browserstack/cli/binary-linuxstatic-x64,sdk'
2025-07-12 17:10:23 - [32minfo[39m: [BrowserstackCLI] spawning command='/home/dmore/.browserstack/cli/binary-linuxstatic-x64,sdk'
2025-07-12 17:10:23 - [32minfo[39m: [BrowserstackCLI] CLI params loaded: {"id":"8f35e668-a0c6-43f1-9726-f0de5f3cdd50","listen":"unix:/tmp/sdk-platform-8f35e668-a0c6-43f1-9726-f0de5f3cdd50.sock"}
2025-07-12 17:10:23 - [32minfo[39m: [BrowserstackCLI] CLI params loaded: {"id":"8f35e668-a0c6-43f1-9726-f0de5f3cdd50","listen":"unix:/tmp/sdk-platform-8f35e668-a0c6-43f1-9726-f0de5f3cdd50.sock"}
2025-07-12 17:10:23 - [32minfo[39m: [GrpcClient] Connected to gRPC server at unix:/tmp/sdk-platform-8f35e668-a0c6-43f1-9726-f0de5f3cdd50.sock
2025-07-12 17:10:23 - [32minfo[39m: [GrpcClient] Initialized gRPC client with bin session id: 8f35e668-a0c6-43f1-9726-f0de5f3cdd50 and listen address: unix:/tmp/sdk-platform-8f35e668-a0c6-43f1-9726-f0de5f3cdd50.sock
2025-07-12 17:10:23 - [32minfo[39m: [GrpcClient] startBinSession: Calling startBinSession
2025-07-12 17:10:23 - [32minfo[39m: [GrpcClient] Connected to gRPC server at unix:/tmp/sdk-platform-8f35e668-a0c6-43f1-9726-f0de5f3cdd50.sock
2025-07-12 17:10:23 - [32minfo[39m: [GrpcClient] Initialized gRPC client with bin session id: 8f35e668-a0c6-43f1-9726-f0de5f3cdd50 and listen address: unix:/tmp/sdk-platform-8f35e668-a0c6-43f1-9726-f0de5f3cdd50.sock
2025-07-12 17:10:23 - [32minfo[39m: [GrpcClient] startBinSession: Calling startBinSession
2025-07-12 17:10:24 - [32minfo[39m: [GrpcClient] StartBinSession successful
2025-07-12 17:10:24 - [32minfo[39m: [GrpcClient] StartBinSession successful
2025-07-12 17:10:24 - [32minfo[39m: [BrowserstackCLI] loadModules: Loading modules
2025-07-12 17:10:24 - [32minfo[39m: [BrowserstackCLI] loadModules: binSessionId=8f35e668-a0c6-43f1-9726-f0de5f3cdd50
2025-07-12 17:10:24 - [32minfo[39m: [BrowserstackCLI] loading Modules.
2025-07-12 17:10:24 - [32minfo[39m: [BrowserstackCLI] setCliArgs: cliArgs=["playwright","test","--config","playwright.config.ts","example-pom-fixture.spec.ts","--project=-Samsung Galaxy S22 Ultra:12-browserstack-mobile","--workers=2"]
2025-07-12 17:10:24 - [32minfo[39m: [BrowserstackCLI] loadModules: Loading modules
2025-07-12 17:10:24 - [32minfo[39m: [BrowserstackCLI] loadModules: binSessionId=8f35e668-a0c6-43f1-9726-f0de5f3cdd50
2025-07-12 17:10:24 - [32minfo[39m: [BrowserstackCLI] loading Modules.
2025-07-12 17:10:24 - [32minfo[39m: [BrowserstackCLI] setCliArgs: cliArgs=["playwright","test","--config","playwright.config.ts","example-pom-fixture.spec.ts","--project=-Samsung Galaxy S22 Ultra:12-browserstack-mobile","--workers=2"]
2025-07-12 17:10:26 - [32minfo[39m: [BrowserstackCLI] Starting as child process with session ID: 8f35e668-a0c6-43f1-9726-f0de5f3cdd50
2025-07-12 17:10:26 - [32minfo[39m: [GrpcClient] Connected to gRPC server at unix:/tmp/sdk-platform-8f35e668-a0c6-43f1-9726-f0de5f3cdd50.sock
2025-07-12 17:10:26 - [32minfo[39m: [GrpcClient] Connecting bin session
2025-07-12 17:10:26 - [31merror[39m: [BrowserstackCLI] bootstrap: failed to bootstrap=TypeError: Cannot read properties of undefined (reading 'name')
    at BrowserstackCLI.setupAutomationFramework (/home/dmore/project/playwright-browserstack-typescript/node_modules/browserstack-node-sdk/src/bin/v2/browserstackCLI.js:1:17224)
    at BrowserstackCLI.bootstrap (/home/dmore/project/playwright-browserstack-typescript/node_modules/browserstack-node-sdk/src/bin/v2/browserstackCLI.js:1:2641)
    at Object._modifyPlaywright (/home/dmore/project/playwright-browserstack-typescript/node_modules/browserstack-node-sdk/src/bin/playwright/modifyPlaywrightConf.js:1:23524)
    at Object.<anonymous> (/home/dmore/project/playwright-browserstack-typescript/playwright-browserstack-sdk.config.ts:4:24)
    at Module._compile (node:internal/modules/cjs/loader:1469:14)
    at Module.f._compile (/home/dmore/project/playwright-browserstack-typescript/node_modules/playwright/lib/utilsBundleImpl.js:16:994)
    at Module._extensions..js (node:internal/modules/cjs/loader:1548:10)
    at Object.i.<computed>.ut._extensions.<computed> [as .ts] (/home/dmore/project/playwright-browserstack-typescript/node_modules/playwright/lib/utilsBundleImpl.js:16:1010)
    at Module.load (node:internal/modules/cjs/loader:1288:32)
    at Function.Module._load (node:internal/modules/cjs/loader:1104:12)
    at Module.require (node:internal/modules/cjs/loader:1311:19)
    at require (node:internal/modules/helpers:179:18)
    at requireOrImport (/home/dmore/project/playwright-browserstack-typescript/node_modules/playwright/lib/transform/transform.js:230:18)
    at loadUserConfig (/home/dmore/project/playwright-browserstack-typescript/node_modules/playwright/lib/common/configLoader.js:94:83)
    at loadConfig (/home/dmore/project/playwright-browserstack-typescript/node_modules/playwright/lib/common/configLoader.js:105:28)
    at TestServerDispatcher._loadConfig (/home/dmore/project/playwright-browserstack-typescript/node_modules/playwright/lib/runner/testServer.js:453:22)
    at TestServerDispatcher._loadConfigOrReportError (/home/dmore/project/playwright-browserstack-typescript/node_modules/playwright/lib/runner/testServer.js:477:9)
    at TestServerDispatcher.listFiles (/home/dmore/project/playwright-browserstack-typescript/node_modules/playwright/lib/runner/testServer.js:227:20)
    at t.<anonymous> (/home/dmore/project/playwright-browserstack-typescript/node_modules/playwright-core/lib/utils/httpServer.js:92:26)
2025-07-12 17:10:26 - [32minfo[39m: [BrowserstackCLI] stop: CLI is not running, skipping stop
2025-07-12 17:10:26 - [32minfo[39m: [GrpcClient] ConnectBinSession successful
2025-07-12 17:10:26 - [32minfo[39m: [BrowserstackCLI] loadModules: Loading modules
2025-07-12 17:10:26 - [32minfo[39m: [BrowserstackCLI] loadModules: binSessionId=8f35e668-a0c6-43f1-9726-f0de5f3cdd50
2025-07-12 17:10:26 - [32minfo[39m: [BrowserstackCLI] loading Modules.
2025-07-12 17:10:26 - [32minfo[39m: [GrpcClient] Getting Playwright config
2025-07-12 17:10:26 - [32minfo[39m: [GrpcClient] PlaywrightConfig request successful
2025-07-12 17:10:26 - [32minfo[39m: Setting up TestInfo directory at /home/dmore/project/playwright-browserstack-typescript/log/.obs_test_details-undefined
2025-07-12 17:10:26 - [32minfo[39m: [PlaywrightTestFramework] trackPlaywrightInstance: created instance for target=16803:0, state=TestFrameworkState.INIT_TEST
2025-07-12 17:10:26 - [32minfo[39m: [PlaywrightTestFramework] trackPlaywrightInstance: saved instance contextId=f4b3a85c3298e5a0a17ce273ba88e380eb6633432f62e45772ca6014b3948d66 target=16803:0
2025-07-12 17:10:27 - [32minfo[39m: [BrowserstackCLI] Starting as child process with session ID: 8f35e668-a0c6-43f1-9726-f0de5f3cdd50
2025-07-12 17:10:27 - [32minfo[39m: [GrpcClient] Connected to gRPC server at unix:/tmp/sdk-platform-8f35e668-a0c6-43f1-9726-f0de5f3cdd50.sock
2025-07-12 17:10:27 - [32minfo[39m: [GrpcClient] Connecting bin session
2025-07-12 17:10:27 - [32minfo[39m: [GrpcClient] ConnectBinSession successful
2025-07-12 17:10:27 - [32minfo[39m: [BrowserstackCLI] loadModules: Loading modules
2025-07-12 17:10:27 - [32minfo[39m: [BrowserstackCLI] loadModules: binSessionId=8f35e668-a0c6-43f1-9726-f0de5f3cdd50
2025-07-12 17:10:27 - [32minfo[39m: [BrowserstackCLI] loading Modules.
2025-07-12 17:10:27 - [32minfo[39m: [GrpcClient] Getting Playwright config
2025-07-12 17:10:27 - [32minfo[39m: [GrpcClient] PlaywrightConfig request successful
2025-07-12 17:10:27 - [32minfo[39m: [GrpcClient] Sending TestFrameworkEvent
2025-07-12 17:10:27 - [32minfo[39m: [GrpcClient] TestFrameworkEvent request successful
2025-07-12 17:10:34 - [32minfo[39m: [PlaywrightAutomationFramework] trackPlaywrightInstance: created instance for target=16930:0, state=AutomationFrameworkState.PLAYWRIGHT_DISPATCH
2025-07-12 17:10:34 - [32minfo[39m: [PlaywrightAutomationFramework] trackPlaywrightInstance: saved instance contextId=307eaed4329a7e861b7e0b91bf3d79c8997039488e248b88b7adec2cb84bd188 target=16930:0
2025-07-12 17:10:34 - [32minfo[39m: [GrpcClient] Sending TestFrameworkEvent
2025-07-12 17:10:34 - [32minfo[39m: getting screenshots results.
2025-07-12 17:10:34 - [32minfo[39m: [GrpcClient] Sending LogCreatedEvent
2025-07-12 17:10:34 - [32minfo[39m: [GrpcClient] TestFrameworkEvent request successful
2025-07-12 17:10:34 - [32minfo[39m: [GrpcClient] LogCreatedEvent request successful
2025-07-12 17:12:07 - [32minfo[39m: Reading configs from /home/dmore/project/playwright-browserstack-typescript/browserstack.yml
2025-07-12 17:12:07 - [32minfo[39m: Log Directory has been set to /home/dmore/project/playwright-browserstack-typescript/log
2025-07-12 17:12:07 - [32minfo[39m: Log Directory has been set to /home/dmore/project/playwright-browserstack-typescript/log
2025-07-12 17:12:07 - [32minfo[39m: Running SDK with args /home/dmore/.nvm/versions/node/v20.18.0/bin/node /home/dmore/project/playwright-browserstack-typescript/node_modules/.bin/browserstack-node-sdk playwright test --config playwright.config.ts example-pom-fixture.spec.ts --project=-18:OSX Monterey-browserstack --workers=2
2025-07-12 17:12:07 - [32minfo[39m: SDK run started with id: 5206d929-2371-46d6-a288-47f3c7afb46e
2025-07-12 17:12:07 - [32minfo[39m: Project and debug logs are captured by default. To disable, set disableAutoCaptureLogs: true in config.
2025-07-12 17:12:07 - [32minfo[39m: Running SDK with args /home/dmore/.nvm/versions/node/v20.18.0/bin/node /home/dmore/project/playwright-browserstack-typescript/node_modules/.bin/browserstack-node-sdk playwright test --config playwright.config.ts example-pom-fixture.spec.ts --project=-18:OSX Monterey-browserstack --workers=2
2025-07-12 17:12:07 - [32minfo[39m: SDK run started with id: 5206d929-2371-46d6-a288-47f3c7afb46e
2025-07-12 17:12:07 - [32minfo[39m: Project and debug logs are captured by default. To disable, set disableAutoCaptureLogs: true in config.
2025-07-12 17:12:07 - [32minfo[39m: [BrowserstackCLI] startMain: Starting main process
2025-07-12 17:12:07 - [32minfo[39m: [BrowserstackCLI] startMain: Starting main process
2025-07-12 17:12:07 - [32minfo[39m: [CLIUtils] Current CLI Path Found: /home/dmore/.browserstack/cli/binary-linuxstatic-x64
2025-07-12 17:12:07 - [32minfo[39m: [CLIUtils] Current CLI Path Found: /home/dmore/.browserstack/cli/binary-linuxstatic-x64
2025-07-12 17:12:08 - [32minfo[39m: [BrowserstackCLI] spawning command='/home/dmore/.browserstack/cli/binary-linuxstatic-x64,sdk'
2025-07-12 17:12:08 - [32minfo[39m: [BrowserstackCLI] spawning command='/home/dmore/.browserstack/cli/binary-linuxstatic-x64,sdk'
2025-07-12 17:12:09 - [32minfo[39m: [BrowserstackCLI] CLI params loaded: {"id":"ee7bf7bb-4690-4d01-8078-895f1501113e","listen":"unix:/tmp/sdk-platform-ee7bf7bb-4690-4d01-8078-895f1501113e.sock"}
2025-07-12 17:12:09 - [32minfo[39m: [BrowserstackCLI] CLI params loaded: {"id":"ee7bf7bb-4690-4d01-8078-895f1501113e","listen":"unix:/tmp/sdk-platform-ee7bf7bb-4690-4d01-8078-895f1501113e.sock"}
2025-07-12 17:12:09 - [32minfo[39m: [GrpcClient] Connected to gRPC server at unix:/tmp/sdk-platform-ee7bf7bb-4690-4d01-8078-895f1501113e.sock
2025-07-12 17:12:09 - [32minfo[39m: [GrpcClient] Initialized gRPC client with bin session id: ee7bf7bb-4690-4d01-8078-895f1501113e and listen address: unix:/tmp/sdk-platform-ee7bf7bb-4690-4d01-8078-895f1501113e.sock
2025-07-12 17:12:09 - [32minfo[39m: [GrpcClient] startBinSession: Calling startBinSession
2025-07-12 17:12:09 - [32minfo[39m: [GrpcClient] Connected to gRPC server at unix:/tmp/sdk-platform-ee7bf7bb-4690-4d01-8078-895f1501113e.sock
2025-07-12 17:12:09 - [32minfo[39m: [GrpcClient] Initialized gRPC client with bin session id: ee7bf7bb-4690-4d01-8078-895f1501113e and listen address: unix:/tmp/sdk-platform-ee7bf7bb-4690-4d01-8078-895f1501113e.sock
2025-07-12 17:12:09 - [32minfo[39m: [GrpcClient] startBinSession: Calling startBinSession
2025-07-12 17:12:10 - [32minfo[39m: [GrpcClient] StartBinSession successful
2025-07-12 17:12:10 - [32minfo[39m: [GrpcClient] StartBinSession successful
2025-07-12 17:12:10 - [32minfo[39m: [BrowserstackCLI] loadModules: Loading modules
2025-07-12 17:12:10 - [32minfo[39m: [BrowserstackCLI] loadModules: binSessionId=ee7bf7bb-4690-4d01-8078-895f1501113e
2025-07-12 17:12:10 - [32minfo[39m: [BrowserstackCLI] loading Modules.
2025-07-12 17:12:10 - [32minfo[39m: [BrowserstackCLI] setCliArgs: cliArgs=["playwright","test","--config","playwright.config.ts","example-pom-fixture.spec.ts","--project=-18:OSX Monterey-browserstack","--workers=2"]
2025-07-12 17:12:10 - [32minfo[39m: [BrowserstackCLI] loadModules: Loading modules
2025-07-12 17:12:10 - [32minfo[39m: [BrowserstackCLI] loadModules: binSessionId=ee7bf7bb-4690-4d01-8078-895f1501113e
2025-07-12 17:12:10 - [32minfo[39m: [BrowserstackCLI] loading Modules.
2025-07-12 17:12:10 - [32minfo[39m: [BrowserstackCLI] setCliArgs: cliArgs=["playwright","test","--config","playwright.config.ts","example-pom-fixture.spec.ts","--project=-18:OSX Monterey-browserstack","--workers=2"]
2025-07-12 17:12:11 - [32minfo[39m: [BrowserstackCLI] Starting as child process with session ID: ee7bf7bb-4690-4d01-8078-895f1501113e
2025-07-12 17:12:11 - [32minfo[39m: [GrpcClient] Connected to gRPC server at unix:/tmp/sdk-platform-ee7bf7bb-4690-4d01-8078-895f1501113e.sock
2025-07-12 17:12:11 - [32minfo[39m: [GrpcClient] Connecting bin session
2025-07-12 17:12:11 - [31merror[39m: [BrowserstackCLI] bootstrap: failed to bootstrap=TypeError: Cannot read properties of undefined (reading 'name')
    at BrowserstackCLI.setupAutomationFramework (/home/dmore/project/playwright-browserstack-typescript/node_modules/browserstack-node-sdk/src/bin/v2/browserstackCLI.js:1:17224)
    at BrowserstackCLI.bootstrap (/home/dmore/project/playwright-browserstack-typescript/node_modules/browserstack-node-sdk/src/bin/v2/browserstackCLI.js:1:2641)
    at Object._modifyPlaywright (/home/dmore/project/playwright-browserstack-typescript/node_modules/browserstack-node-sdk/src/bin/playwright/modifyPlaywrightConf.js:1:23524)
    at Object.<anonymous> (/home/dmore/project/playwright-browserstack-typescript/playwright-browserstack-sdk.config.ts:4:24)
    at Module._compile (node:internal/modules/cjs/loader:1469:14)
    at Module.f._compile (/home/dmore/project/playwright-browserstack-typescript/node_modules/playwright/lib/utilsBundleImpl.js:16:994)
    at Module._extensions..js (node:internal/modules/cjs/loader:1548:10)
    at Object.i.<computed>.ut._extensions.<computed> [as .ts] (/home/dmore/project/playwright-browserstack-typescript/node_modules/playwright/lib/utilsBundleImpl.js:16:1010)
    at Module.load (node:internal/modules/cjs/loader:1288:32)
    at Function.Module._load (node:internal/modules/cjs/loader:1104:12)
    at Module.require (node:internal/modules/cjs/loader:1311:19)
    at require (node:internal/modules/helpers:179:18)
    at requireOrImport (/home/dmore/project/playwright-browserstack-typescript/node_modules/playwright/lib/transform/transform.js:230:18)
    at loadUserConfig (/home/dmore/project/playwright-browserstack-typescript/node_modules/playwright/lib/common/configLoader.js:94:83)
    at loadConfig (/home/dmore/project/playwright-browserstack-typescript/node_modules/playwright/lib/common/configLoader.js:105:28)
    at TestServerDispatcher._loadConfig (/home/dmore/project/playwright-browserstack-typescript/node_modules/playwright/lib/runner/testServer.js:453:22)
    at TestServerDispatcher._loadConfigOrReportError (/home/dmore/project/playwright-browserstack-typescript/node_modules/playwright/lib/runner/testServer.js:477:9)
    at TestServerDispatcher.listFiles (/home/dmore/project/playwright-browserstack-typescript/node_modules/playwright/lib/runner/testServer.js:227:20)
    at t.<anonymous> (/home/dmore/project/playwright-browserstack-typescript/node_modules/playwright-core/lib/utils/httpServer.js:92:26)
2025-07-12 17:12:11 - [32minfo[39m: [BrowserstackCLI] stop: CLI is not running, skipping stop
2025-07-12 17:12:11 - [32minfo[39m: [GrpcClient] ConnectBinSession successful
2025-07-12 17:12:11 - [32minfo[39m: [BrowserstackCLI] loadModules: Loading modules
2025-07-12 17:12:11 - [32minfo[39m: [BrowserstackCLI] loadModules: binSessionId=ee7bf7bb-4690-4d01-8078-895f1501113e
2025-07-12 17:12:11 - [32minfo[39m: [BrowserstackCLI] loading Modules.
2025-07-12 17:12:11 - [32minfo[39m: [GrpcClient] Getting Playwright config
2025-07-12 17:12:11 - [32minfo[39m: [GrpcClient] PlaywrightConfig request successful
2025-07-12 17:12:11 - [32minfo[39m: Setting up TestInfo directory at /home/dmore/project/playwright-browserstack-typescript/log/.obs_test_details-undefined
2025-07-12 17:12:11 - [32minfo[39m: [PlaywrightTestFramework] trackPlaywrightInstance: created instance for target=18051:0, state=TestFrameworkState.INIT_TEST
2025-07-12 17:12:11 - [32minfo[39m: [PlaywrightTestFramework] trackPlaywrightInstance: saved instance contextId=19a4c255c5fa57d26f7ea7353c0b74a0db7a5151618d8a525d472bb9d58ea2eb target=18051:0
2025-07-12 17:12:12 - [32minfo[39m: [BrowserstackCLI] Starting as child process with session ID: ee7bf7bb-4690-4d01-8078-895f1501113e
2025-07-12 17:12:12 - [32minfo[39m: [GrpcClient] Connected to gRPC server at unix:/tmp/sdk-platform-ee7bf7bb-4690-4d01-8078-895f1501113e.sock
2025-07-12 17:12:12 - [32minfo[39m: [GrpcClient] Connecting bin session
2025-07-12 17:12:12 - [32minfo[39m: [GrpcClient] ConnectBinSession successful
2025-07-12 17:12:12 - [32minfo[39m: [BrowserstackCLI] loadModules: Loading modules
2025-07-12 17:12:12 - [32minfo[39m: [BrowserstackCLI] loadModules: binSessionId=ee7bf7bb-4690-4d01-8078-895f1501113e
2025-07-12 17:12:12 - [32minfo[39m: [BrowserstackCLI] loading Modules.
2025-07-12 17:12:12 - [32minfo[39m: [GrpcClient] Getting Playwright config
2025-07-12 17:12:12 - [32minfo[39m: [GrpcClient] PlaywrightConfig request successful
2025-07-12 17:12:12 - [32minfo[39m: [GrpcClient] Sending TestFrameworkEvent
2025-07-12 17:12:12 - [32minfo[39m: [GrpcClient] TestFrameworkEvent request successful
2025-07-12 17:12:16 - [32minfo[39m: [PlaywrightAutomationFramework] trackPlaywrightInstance: created instance for target=18178:0, state=AutomationFrameworkState.PLAYWRIGHT_DISPATCH
2025-07-12 17:12:16 - [32minfo[39m: [PlaywrightAutomationFramework] trackPlaywrightInstance: saved instance contextId=5604ed3ff555ab3812cb78f2eaa71136ae89da02a5ff0ea1da6d8851d69d4f07 target=18178:0
2025-07-12 17:12:20 - [32minfo[39m: [GrpcClient] Sending TestFrameworkEvent
2025-07-12 17:12:20 - [32minfo[39m: getting screenshots results.
2025-07-12 17:12:20 - [32minfo[39m: [GrpcClient] Sending LogCreatedEvent
2025-07-12 17:12:20 - [32minfo[39m: [GrpcClient] TestFrameworkEvent request successful
2025-07-12 17:12:20 - [32minfo[39m: [GrpcClient] LogCreatedEvent request successful
2025-07-12 17:12:20 - [32minfo[39m: [BrowserstackCLI] stop: CLI stop triggered
2025-07-12 17:12:20 - [32minfo[39m: [BrowserstackCLI] stop: CLI stop triggered
2025-07-12 17:12:20 - [32minfo[39m: [GrpcClient] Stopping bin session
2025-07-12 17:12:20 - [32minfo[39m: [GrpcClient] Stopping bin session
2025-07-12 17:12:29 - [32minfo[39m: [GrpcClient] StopBinSession successful
2025-07-12 17:12:29 - [32minfo[39m: [GrpcClient] StopBinSession successful
2025-07-12 17:12:29 - [32minfo[39m: [BrowserstackCLI] stop: stopBinSession build_link=https://automate.browserstack.com/dashboard/v2/builds/c88fb162011317adfdf618600d41adc0ad0e1070 hashed_id=c88fb162011317adfdf618600d41adc0ad0e1070 o11y_uuid=ljr13mz76wjfb5zsygnyjlcepxfr7bwsiyqduaor
2025-07-12 17:12:29 - [32minfo[39m: [BrowserstackCLI] Unconfiguring modules
2025-07-12 17:12:29 - [32minfo[39m: [BrowserstackCLI] stop: channel closed
2025-07-12 17:12:29 - [32minfo[39m: [BrowserstackCLI] stop: stopBinSession build_link=https://automate.browserstack.com/dashboard/v2/builds/c88fb162011317adfdf618600d41adc0ad0e1070 hashed_id=c88fb162011317adfdf618600d41adc0ad0e1070 o11y_uuid=ljr13mz76wjfb5zsygnyjlcepxfr7bwsiyqduaor
2025-07-12 17:12:29 - [32minfo[39m: [BrowserstackCLI] Unconfiguring modules
2025-07-12 17:12:29 - [32minfo[39m: [BrowserstackCLI] stop: channel closed
2025-07-12 17:12:34 - [32minfo[39m: [BrowserstackCLI] stop: shutting down CLI
2025-07-12 17:12:34 - [32minfo[39m: [BrowserstackCLI] stop: shutting down CLI
2025-07-12 17:12:34 - [32minfo[39m: [BrowserstackCLI] stop: CLI process exited
2025-07-12 17:12:34 - [32minfo[39m: [BrowserstackCLI] stop: CLI process exited
2025-07-12 17:12:34 - [32minfo[39m: Visit https://observability.browserstack.com/builds/ljr13mz76wjfb5zsygnyjlcepxfr7bwsiyqduaor to view build report, insights, and many more debugging information all at one place!

2025-07-12 17:12:34 - [32minfo[39m: Visit https://observability.browserstack.com/builds/ljr13mz76wjfb5zsygnyjlcepxfr7bwsiyqduaor to view build report, insights, and many more debugging information all at one place!

2025-07-12 17:12:35 - [32minfo[39m: SDK run ended for id: 5206d929-2371-46d6-a288-47f3c7afb46e, testhub id: ljr13mz76wjfb5zsygnyjlcepxfr7bwsiyqduaor
2025-07-12 17:12:35 - [32minfo[39m: SDK run ended for id: 5206d929-2371-46d6-a288-47f3c7afb46e, testhub id: ljr13mz76wjfb5zsygnyjlcepxfr7bwsiyqduaor
2025-07-12 17:12:37 - [32minfo[39m: Deleting /home/dmore/project/playwright-browserstack-typescript/playwright-browserstack-sdk.config.ts
2025-07-12 17:12:37 - [32minfo[39m: Deleting /home/dmore/project/playwright-browserstack-typescript/playwright-browserstack-sdk.config.ts
2025-07-12 17:12:38 - [32minfo[39m: [BrowserstackCLI] stop: CLI is not running, skipping stop
2025-07-12 17:12:38 - [32minfo[39m: [BrowserstackCLI] stop: CLI is not running, skipping stop
2025-07-12 17:12:38 - [31merror[39m: Error in sending request to BrowserStack Server : RequestError: ENOENT: no such file or directory, stat '/home/dmore/project/playwright-browserstack-typescript/test-results/spec-example-pom-fixture-e2e-test---1--120-Windows-10-browserstack/trace.zip'
    at Request._destroy (/home/dmore/project/playwright-browserstack-typescript/node_modules/got/dist/source/core/index.js:1386:21)
    at _destroy (node:internal/streams/destroy:121:10)
    at Request.destroy (node:internal/streams/destroy:83:5)
    at Writable.destroy (node:internal/streams/writable:1120:11)
    at /home/dmore/project/playwright-browserstack-typescript/node_modules/got/dist/source/core/index.js:354:26
    at runNextTicks (node:internal/process/task_queues:60:5)
    at process.processImmediate (node:internal/timers:454:9) {
  code: 'ENOENT',
  timings: undefined
}
2025-07-12 17:12:38 - [31merror[39m: Error in sending request to BrowserStack Server : RequestError: ENOENT: no such file or directory, stat '/home/dmore/project/playwright-browserstack-typescript/test-results/spec-example-pom-fixture-e2e-test---1--120-Windows-10-browserstack/trace.zip'
    at Request._destroy (/home/dmore/project/playwright-browserstack-typescript/node_modules/got/dist/source/core/index.js:1386:21)
    at _destroy (node:internal/streams/destroy:121:10)
    at Request.destroy (node:internal/streams/destroy:83:5)
    at Writable.destroy (node:internal/streams/writable:1120:11)
    at /home/dmore/project/playwright-browserstack-typescript/node_modules/got/dist/source/core/index.js:354:26
    at runNextTicks (node:internal/process/task_queues:60:5)
    at process.processImmediate (node:internal/timers:454:9) {
  code: 'ENOENT',
  timings: undefined
}
2025-07-12 17:12:38 - [31merror[39m: Error in sending request to BrowserStack Server : RequestError: ENOENT: no such file or directory, stat '/home/dmore/project/playwright-browserstack-typescript/test-results/spec-example-pom-fixture-e2e-test---1--Samsung-Galaxy-S22-Ultra-12-browserstack-mobile/trace.zip'
    at Request._destroy (/home/dmore/project/playwright-browserstack-typescript/node_modules/got/dist/source/core/index.js:1386:21)
    at _destroy (node:internal/streams/destroy:121:10)
    at Request.destroy (node:internal/streams/destroy:83:5)
    at Writable.destroy (node:internal/streams/writable:1120:11)
    at /home/dmore/project/playwright-browserstack-typescript/node_modules/got/dist/source/core/index.js:354:26
    at runNextTicks (node:internal/process/task_queues:60:5)
    at process.processImmediate (node:internal/timers:454:9) {
  code: 'ENOENT',
  timings: undefined
}
2025-07-12 17:12:38 - [31merror[39m: Error in sending request to BrowserStack Server : RequestError: ENOENT: no such file or directory, stat '/home/dmore/project/playwright-browserstack-typescript/test-results/spec-example-pom-fixture-e2e-test---1--Samsung-Galaxy-S22-Ultra-12-browserstack-mobile/trace.zip'
    at Request._destroy (/home/dmore/project/playwright-browserstack-typescript/node_modules/got/dist/source/core/index.js:1386:21)
    at _destroy (node:internal/streams/destroy:121:10)
    at Request.destroy (node:internal/streams/destroy:83:5)
    at Writable.destroy (node:internal/streams/writable:1120:11)
    at /home/dmore/project/playwright-browserstack-typescript/node_modules/got/dist/source/core/index.js:354:26
    at runNextTicks (node:internal/process/task_queues:60:5)
    at process.processImmediate (node:internal/timers:454:9) {
  code: 'ENOENT',
  timings: undefined
}
2025-07-12 17:12:41 - [31merror[39m: Error in sending request to BrowserStack Server : {
  status: 'failed',
  message: 'Invalid username or access-key. Visit https://www.browserstack.com/accounts/profile/details for more details.'
}
2025-07-12 17:12:41 - [31merror[39m: Error in sending request to BrowserStack Server : {
  status: 'failed',
  message: 'Invalid username or access-key. Visit https://www.browserstack.com/accounts/profile/details for more details.'
}
2025-07-12 17:14:20 - [32minfo[39m: Reading configs from /home/dmore/project/playwright-browserstack-typescript/browserstack.yml
2025-07-12 17:14:20 - [32minfo[39m: Log Directory has been set to /home/dmore/project/playwright-browserstack-typescript/log
2025-07-12 17:14:20 - [32minfo[39m: Log Directory has been set to /home/dmore/project/playwright-browserstack-typescript/log
2025-07-12 17:14:20 - [32minfo[39m: Running SDK with args /home/dmore/.nvm/versions/node/v20.18.0/bin/node /home/dmore/project/playwright-browserstack-typescript/node_modules/.bin/browserstack-node-sdk playwright test --config playwright.config.ts example-pom-fixture.spec.ts --project=chrome --workers=2
2025-07-12 17:14:20 - [32minfo[39m: SDK run started with id: 32bcf134-d57b-44f0-829e-4e023d6e4f5d
2025-07-12 17:14:20 - [32minfo[39m: Project and debug logs are captured by default. To disable, set disableAutoCaptureLogs: true in config.
2025-07-12 17:14:20 - [32minfo[39m: Running SDK with args /home/dmore/.nvm/versions/node/v20.18.0/bin/node /home/dmore/project/playwright-browserstack-typescript/node_modules/.bin/browserstack-node-sdk playwright test --config playwright.config.ts example-pom-fixture.spec.ts --project=chrome --workers=2
2025-07-12 17:14:20 - [32minfo[39m: SDK run started with id: 32bcf134-d57b-44f0-829e-4e023d6e4f5d
2025-07-12 17:14:20 - [32minfo[39m: Project and debug logs are captured by default. To disable, set disableAutoCaptureLogs: true in config.
2025-07-12 17:14:21 - [32minfo[39m: [BrowserstackCLI] startMain: Starting main process
2025-07-12 17:14:21 - [32minfo[39m: [BrowserstackCLI] startMain: Starting main process
2025-07-12 17:14:21 - [32minfo[39m: [CLIUtils] Current CLI Path Found: /home/dmore/.browserstack/cli/binary-linuxstatic-x64
2025-07-12 17:14:21 - [32minfo[39m: [CLIUtils] Current CLI Path Found: /home/dmore/.browserstack/cli/binary-linuxstatic-x64
2025-07-12 17:14:21 - [32minfo[39m: [BrowserstackCLI] spawning command='/home/dmore/.browserstack/cli/binary-linuxstatic-x64,sdk'
2025-07-12 17:14:21 - [32minfo[39m: [BrowserstackCLI] spawning command='/home/dmore/.browserstack/cli/binary-linuxstatic-x64,sdk'
2025-07-12 17:14:21 - [32minfo[39m: [BrowserstackCLI] CLI params loaded: {"id":"adcb1563-ca59-4ba7-8a00-f933d1750281","listen":"unix:/tmp/sdk-platform-adcb1563-ca59-4ba7-8a00-f933d1750281.sock"}
2025-07-12 17:14:21 - [32minfo[39m: [BrowserstackCLI] CLI params loaded: {"id":"adcb1563-ca59-4ba7-8a00-f933d1750281","listen":"unix:/tmp/sdk-platform-adcb1563-ca59-4ba7-8a00-f933d1750281.sock"}
2025-07-12 17:14:21 - [32minfo[39m: [GrpcClient] Connected to gRPC server at unix:/tmp/sdk-platform-adcb1563-ca59-4ba7-8a00-f933d1750281.sock
2025-07-12 17:14:21 - [32minfo[39m: [GrpcClient] Initialized gRPC client with bin session id: adcb1563-ca59-4ba7-8a00-f933d1750281 and listen address: unix:/tmp/sdk-platform-adcb1563-ca59-4ba7-8a00-f933d1750281.sock
2025-07-12 17:14:21 - [32minfo[39m: [GrpcClient] startBinSession: Calling startBinSession
2025-07-12 17:14:21 - [32minfo[39m: [GrpcClient] Connected to gRPC server at unix:/tmp/sdk-platform-adcb1563-ca59-4ba7-8a00-f933d1750281.sock
2025-07-12 17:14:21 - [32minfo[39m: [GrpcClient] Initialized gRPC client with bin session id: adcb1563-ca59-4ba7-8a00-f933d1750281 and listen address: unix:/tmp/sdk-platform-adcb1563-ca59-4ba7-8a00-f933d1750281.sock
2025-07-12 17:14:21 - [32minfo[39m: [GrpcClient] startBinSession: Calling startBinSession
2025-07-12 17:14:22 - [32minfo[39m: [GrpcClient] StartBinSession successful
2025-07-12 17:14:22 - [32minfo[39m: [GrpcClient] StartBinSession successful
2025-07-12 17:14:22 - [32minfo[39m: [BrowserstackCLI] loadModules: Loading modules
2025-07-12 17:14:22 - [32minfo[39m: [BrowserstackCLI] loadModules: binSessionId=adcb1563-ca59-4ba7-8a00-f933d1750281
2025-07-12 17:14:22 - [32minfo[39m: [BrowserstackCLI] loading Modules.
2025-07-12 17:14:22 - [32minfo[39m: [BrowserstackCLI] setCliArgs: cliArgs=["playwright","test","--config","playwright.config.ts","example-pom-fixture.spec.ts","--project=chrome","--workers=2"]
2025-07-12 17:14:22 - [32minfo[39m: [BrowserstackCLI] loadModules: Loading modules
2025-07-12 17:14:22 - [32minfo[39m: [BrowserstackCLI] loadModules: binSessionId=adcb1563-ca59-4ba7-8a00-f933d1750281
2025-07-12 17:14:22 - [32minfo[39m: [BrowserstackCLI] loading Modules.
2025-07-12 17:14:22 - [32minfo[39m: [BrowserstackCLI] setCliArgs: cliArgs=["playwright","test","--config","playwright.config.ts","example-pom-fixture.spec.ts","--project=chrome","--workers=2"]
2025-07-12 17:14:24 - [32minfo[39m: [BrowserstackCLI] Starting as child process with session ID: adcb1563-ca59-4ba7-8a00-f933d1750281
2025-07-12 17:14:24 - [32minfo[39m: [GrpcClient] Connected to gRPC server at unix:/tmp/sdk-platform-adcb1563-ca59-4ba7-8a00-f933d1750281.sock
2025-07-12 17:14:24 - [32minfo[39m: [GrpcClient] Connecting bin session
2025-07-12 17:14:24 - [31merror[39m: [BrowserstackCLI] bootstrap: failed to bootstrap=TypeError: Cannot read properties of undefined (reading 'name')
    at BrowserstackCLI.setupAutomationFramework (/home/dmore/project/playwright-browserstack-typescript/node_modules/browserstack-node-sdk/src/bin/v2/browserstackCLI.js:1:17224)
    at BrowserstackCLI.bootstrap (/home/dmore/project/playwright-browserstack-typescript/node_modules/browserstack-node-sdk/src/bin/v2/browserstackCLI.js:1:2641)
    at Object._modifyPlaywright (/home/dmore/project/playwright-browserstack-typescript/node_modules/browserstack-node-sdk/src/bin/playwright/modifyPlaywrightConf.js:1:23524)
    at Object.<anonymous> (/home/dmore/project/playwright-browserstack-typescript/playwright-browserstack-sdk.config.ts:4:24)
    at Module._compile (node:internal/modules/cjs/loader:1469:14)
    at Module.f._compile (/home/dmore/project/playwright-browserstack-typescript/node_modules/playwright/lib/utilsBundleImpl.js:16:994)
    at Module._extensions..js (node:internal/modules/cjs/loader:1548:10)
    at Object.i.<computed>.ut._extensions.<computed> [as .ts] (/home/dmore/project/playwright-browserstack-typescript/node_modules/playwright/lib/utilsBundleImpl.js:16:1010)
    at Module.load (node:internal/modules/cjs/loader:1288:32)
    at Function.Module._load (node:internal/modules/cjs/loader:1104:12)
    at Module.require (node:internal/modules/cjs/loader:1311:19)
    at require (node:internal/modules/helpers:179:18)
    at requireOrImport (/home/dmore/project/playwright-browserstack-typescript/node_modules/playwright/lib/transform/transform.js:230:18)
    at loadUserConfig (/home/dmore/project/playwright-browserstack-typescript/node_modules/playwright/lib/common/configLoader.js:94:83)
    at loadConfig (/home/dmore/project/playwright-browserstack-typescript/node_modules/playwright/lib/common/configLoader.js:105:28)
    at TestServerDispatcher._loadConfig (/home/dmore/project/playwright-browserstack-typescript/node_modules/playwright/lib/runner/testServer.js:453:22)
    at TestServerDispatcher._loadConfigOrReportError (/home/dmore/project/playwright-browserstack-typescript/node_modules/playwright/lib/runner/testServer.js:477:9)
    at TestServerDispatcher.listFiles (/home/dmore/project/playwright-browserstack-typescript/node_modules/playwright/lib/runner/testServer.js:227:20)
    at t.<anonymous> (/home/dmore/project/playwright-browserstack-typescript/node_modules/playwright-core/lib/utils/httpServer.js:92:26)
2025-07-12 17:14:24 - [32minfo[39m: [BrowserstackCLI] stop: CLI is not running, skipping stop
2025-07-12 17:14:24 - [32minfo[39m: [GrpcClient] ConnectBinSession successful
2025-07-12 17:14:24 - [32minfo[39m: [BrowserstackCLI] loadModules: Loading modules
2025-07-12 17:14:24 - [32minfo[39m: [BrowserstackCLI] loadModules: binSessionId=adcb1563-ca59-4ba7-8a00-f933d1750281
2025-07-12 17:14:24 - [32minfo[39m: [BrowserstackCLI] loading Modules.
2025-07-12 17:14:24 - [32minfo[39m: [GrpcClient] Getting Playwright config
2025-07-12 17:14:24 - [32minfo[39m: [GrpcClient] PlaywrightConfig request successful
2025-07-12 17:14:24 - [32minfo[39m: [BrowserstackCLI] stop: CLI stop triggered
2025-07-12 17:14:24 - [32minfo[39m: [BrowserstackCLI] stop: CLI stop triggered
2025-07-12 17:14:24 - [32minfo[39m: [GrpcClient] Stopping bin session
2025-07-12 17:14:24 - [32minfo[39m: [GrpcClient] Stopping bin session
2025-07-12 17:15:04 - [32minfo[39m: Reading configs from /home/dmore/project/playwright-browserstack-typescript/browserstack.yml
2025-07-12 17:15:04 - [32minfo[39m: Log Directory has been set to /home/dmore/project/playwright-browserstack-typescript/log
2025-07-12 17:15:04 - [32minfo[39m: Log Directory has been set to /home/dmore/project/playwright-browserstack-typescript/log
2025-07-12 17:15:04 - [32minfo[39m: Running SDK with args /home/dmore/.nvm/versions/node/v20.18.0/bin/node /home/dmore/project/playwright-browserstack-typescript/node_modules/.bin/browserstack-node-sdk playwright test --config playwright.config.ts example-pom-fixture.spec.ts --project=-iPhone SE 2020:16.6-browserstack-mobile --workers=2
2025-07-12 17:15:04 - [32minfo[39m: SDK run started with id: 90a6eb8c-6dd1-4a34-9165-80d13e577c89
2025-07-12 17:15:04 - [32minfo[39m: Project and debug logs are captured by default. To disable, set disableAutoCaptureLogs: true in config.
2025-07-12 17:15:04 - [32minfo[39m: Running SDK with args /home/dmore/.nvm/versions/node/v20.18.0/bin/node /home/dmore/project/playwright-browserstack-typescript/node_modules/.bin/browserstack-node-sdk playwright test --config playwright.config.ts example-pom-fixture.spec.ts --project=-iPhone SE 2020:16.6-browserstack-mobile --workers=2
2025-07-12 17:15:04 - [32minfo[39m: SDK run started with id: 90a6eb8c-6dd1-4a34-9165-80d13e577c89
2025-07-12 17:15:04 - [32minfo[39m: Project and debug logs are captured by default. To disable, set disableAutoCaptureLogs: true in config.
2025-07-12 17:15:05 - [32minfo[39m: [BrowserstackCLI] startMain: Starting main process
2025-07-12 17:15:05 - [32minfo[39m: [BrowserstackCLI] startMain: Starting main process
2025-07-12 17:15:05 - [32minfo[39m: [CLIUtils] Current CLI Path Found: /home/dmore/.browserstack/cli/binary-linuxstatic-x64
2025-07-12 17:15:05 - [32minfo[39m: [CLIUtils] Current CLI Path Found: /home/dmore/.browserstack/cli/binary-linuxstatic-x64
2025-07-12 17:15:05 - [32minfo[39m: [BrowserstackCLI] spawning command='/home/dmore/.browserstack/cli/binary-linuxstatic-x64,sdk'
2025-07-12 17:15:05 - [32minfo[39m: [BrowserstackCLI] spawning command='/home/dmore/.browserstack/cli/binary-linuxstatic-x64,sdk'
2025-07-12 17:15:06 - [32minfo[39m: [BrowserstackCLI] CLI params loaded: {"id":"b2365d30-360d-4111-ae1e-5fbbdf10e174","listen":"unix:/tmp/sdk-platform-b2365d30-360d-4111-ae1e-5fbbdf10e174.sock"}
2025-07-12 17:15:06 - [32minfo[39m: [BrowserstackCLI] CLI params loaded: {"id":"b2365d30-360d-4111-ae1e-5fbbdf10e174","listen":"unix:/tmp/sdk-platform-b2365d30-360d-4111-ae1e-5fbbdf10e174.sock"}
2025-07-12 17:15:06 - [32minfo[39m: [GrpcClient] Connected to gRPC server at unix:/tmp/sdk-platform-b2365d30-360d-4111-ae1e-5fbbdf10e174.sock
2025-07-12 17:15:06 - [32minfo[39m: [GrpcClient] Initialized gRPC client with bin session id: b2365d30-360d-4111-ae1e-5fbbdf10e174 and listen address: unix:/tmp/sdk-platform-b2365d30-360d-4111-ae1e-5fbbdf10e174.sock
2025-07-12 17:15:06 - [32minfo[39m: [GrpcClient] startBinSession: Calling startBinSession
2025-07-12 17:15:06 - [32minfo[39m: [GrpcClient] Connected to gRPC server at unix:/tmp/sdk-platform-b2365d30-360d-4111-ae1e-5fbbdf10e174.sock
2025-07-12 17:15:06 - [32minfo[39m: [GrpcClient] Initialized gRPC client with bin session id: b2365d30-360d-4111-ae1e-5fbbdf10e174 and listen address: unix:/tmp/sdk-platform-b2365d30-360d-4111-ae1e-5fbbdf10e174.sock
2025-07-12 17:15:06 - [32minfo[39m: [GrpcClient] startBinSession: Calling startBinSession
2025-07-12 17:15:07 - [32minfo[39m: [GrpcClient] StartBinSession successful
2025-07-12 17:15:07 - [32minfo[39m: [GrpcClient] StartBinSession successful
2025-07-12 17:15:07 - [32minfo[39m: [BrowserstackCLI] loadModules: Loading modules
2025-07-12 17:15:07 - [32minfo[39m: [BrowserstackCLI] loadModules: binSessionId=b2365d30-360d-4111-ae1e-5fbbdf10e174
2025-07-12 17:15:07 - [32minfo[39m: [BrowserstackCLI] loading Modules.
2025-07-12 17:15:07 - [32minfo[39m: [BrowserstackCLI] setCliArgs: cliArgs=["playwright","test","--config","playwright.config.ts","example-pom-fixture.spec.ts","--project=-iPhone SE 2020:16.6-browserstack-mobile","--workers=2"]
2025-07-12 17:15:07 - [32minfo[39m: [BrowserstackCLI] loadModules: Loading modules
2025-07-12 17:15:07 - [32minfo[39m: [BrowserstackCLI] loadModules: binSessionId=b2365d30-360d-4111-ae1e-5fbbdf10e174
2025-07-12 17:15:07 - [32minfo[39m: [BrowserstackCLI] loading Modules.
2025-07-12 17:15:07 - [32minfo[39m: [BrowserstackCLI] setCliArgs: cliArgs=["playwright","test","--config","playwright.config.ts","example-pom-fixture.spec.ts","--project=-iPhone SE 2020:16.6-browserstack-mobile","--workers=2"]
2025-07-12 17:15:08 - [32minfo[39m: [BrowserstackCLI] Starting as child process with session ID: b2365d30-360d-4111-ae1e-5fbbdf10e174
2025-07-12 17:15:08 - [32minfo[39m: [GrpcClient] Connected to gRPC server at unix:/tmp/sdk-platform-b2365d30-360d-4111-ae1e-5fbbdf10e174.sock
2025-07-12 17:15:08 - [32minfo[39m: [GrpcClient] Connecting bin session
2025-07-12 17:15:08 - [31merror[39m: [BrowserstackCLI] bootstrap: failed to bootstrap=TypeError: Cannot read properties of undefined (reading 'name')
    at BrowserstackCLI.setupAutomationFramework (/home/dmore/project/playwright-browserstack-typescript/node_modules/browserstack-node-sdk/src/bin/v2/browserstackCLI.js:1:17224)
    at BrowserstackCLI.bootstrap (/home/dmore/project/playwright-browserstack-typescript/node_modules/browserstack-node-sdk/src/bin/v2/browserstackCLI.js:1:2641)
    at Object._modifyPlaywright (/home/dmore/project/playwright-browserstack-typescript/node_modules/browserstack-node-sdk/src/bin/playwright/modifyPlaywrightConf.js:1:23524)
    at Object.<anonymous> (/home/dmore/project/playwright-browserstack-typescript/playwright-browserstack-sdk.config.ts:4:24)
    at Module._compile (node:internal/modules/cjs/loader:1469:14)
    at Module.f._compile (/home/dmore/project/playwright-browserstack-typescript/node_modules/playwright/lib/utilsBundleImpl.js:16:994)
    at Module._extensions..js (node:internal/modules/cjs/loader:1548:10)
    at Object.i.<computed>.ut._extensions.<computed> [as .ts] (/home/dmore/project/playwright-browserstack-typescript/node_modules/playwright/lib/utilsBundleImpl.js:16:1010)
    at Module.load (node:internal/modules/cjs/loader:1288:32)
    at Function.Module._load (node:internal/modules/cjs/loader:1104:12)
    at Module.require (node:internal/modules/cjs/loader:1311:19)
    at require (node:internal/modules/helpers:179:18)
    at requireOrImport (/home/dmore/project/playwright-browserstack-typescript/node_modules/playwright/lib/transform/transform.js:230:18)
    at loadUserConfig (/home/dmore/project/playwright-browserstack-typescript/node_modules/playwright/lib/common/configLoader.js:94:83)
    at loadConfig (/home/dmore/project/playwright-browserstack-typescript/node_modules/playwright/lib/common/configLoader.js:105:28)
    at TestServerDispatcher._loadConfig (/home/dmore/project/playwright-browserstack-typescript/node_modules/playwright/lib/runner/testServer.js:453:22)
    at TestServerDispatcher._loadConfigOrReportError (/home/dmore/project/playwright-browserstack-typescript/node_modules/playwright/lib/runner/testServer.js:477:9)
    at TestServerDispatcher.listFiles (/home/dmore/project/playwright-browserstack-typescript/node_modules/playwright/lib/runner/testServer.js:227:20)
    at t.<anonymous> (/home/dmore/project/playwright-browserstack-typescript/node_modules/playwright-core/lib/utils/httpServer.js:92:26)
2025-07-12 17:15:08 - [32minfo[39m: [BrowserstackCLI] stop: CLI is not running, skipping stop
2025-07-12 17:15:08 - [32minfo[39m: [GrpcClient] ConnectBinSession successful
2025-07-12 17:15:08 - [32minfo[39m: [BrowserstackCLI] loadModules: Loading modules
2025-07-12 17:15:08 - [32minfo[39m: [BrowserstackCLI] loadModules: binSessionId=b2365d30-360d-4111-ae1e-5fbbdf10e174
2025-07-12 17:15:08 - [32minfo[39m: [BrowserstackCLI] loading Modules.
2025-07-12 17:15:08 - [32minfo[39m: [GrpcClient] Getting Playwright config
2025-07-12 17:15:08 - [32minfo[39m: [GrpcClient] PlaywrightConfig request successful
2025-07-12 17:15:08 - [32minfo[39m: Setting up TestInfo directory at /home/dmore/project/playwright-browserstack-typescript/log/.obs_test_details-undefined
2025-07-12 17:15:08 - [32minfo[39m: [PlaywrightTestFramework] trackPlaywrightInstance: created instance for target=20091:0, state=TestFrameworkState.INIT_TEST
2025-07-12 17:15:08 - [32minfo[39m: [PlaywrightTestFramework] trackPlaywrightInstance: saved instance contextId=3b3603d48defa2b4ea2fe337489b3dc566a7cb313645660e4379c842d6f3980c target=20091:0
2025-07-12 17:15:09 - [32minfo[39m: [BrowserstackCLI] Starting as child process with session ID: b2365d30-360d-4111-ae1e-5fbbdf10e174
2025-07-12 17:15:09 - [32minfo[39m: [GrpcClient] Connected to gRPC server at unix:/tmp/sdk-platform-b2365d30-360d-4111-ae1e-5fbbdf10e174.sock
2025-07-12 17:15:09 - [32minfo[39m: [GrpcClient] Connecting bin session
2025-07-12 17:15:09 - [32minfo[39m: [GrpcClient] ConnectBinSession successful
2025-07-12 17:15:09 - [32minfo[39m: [BrowserstackCLI] loadModules: Loading modules
2025-07-12 17:15:09 - [32minfo[39m: [BrowserstackCLI] loadModules: binSessionId=b2365d30-360d-4111-ae1e-5fbbdf10e174
2025-07-12 17:15:09 - [32minfo[39m: [BrowserstackCLI] loading Modules.
2025-07-12 17:15:09 - [32minfo[39m: [GrpcClient] Getting Playwright config
2025-07-12 17:15:09 - [32minfo[39m: [GrpcClient] PlaywrightConfig request successful
2025-07-12 17:15:09 - [32minfo[39m: [GrpcClient] Sending TestFrameworkEvent
2025-07-12 17:15:09 - [32minfo[39m: [GrpcClient] TestFrameworkEvent request successful
2025-07-12 17:15:28 - [32minfo[39m: [PlaywrightAutomationFramework] trackPlaywrightInstance: created instance for target=20203:0, state=AutomationFrameworkState.PLAYWRIGHT_DISPATCH
2025-07-12 17:15:28 - [32minfo[39m: [PlaywrightAutomationFramework] trackPlaywrightInstance: saved instance contextId=96c500b84d95e0b4ac6271c8af37c37b30d1eb266b4079b0d35014550d06983d target=20203:0
2025-07-12 17:15:31 - [32minfo[39m: [GrpcClient] Sending TestFrameworkEvent
2025-07-12 17:15:31 - [32minfo[39m: getting screenshots results.
2025-07-12 17:15:31 - [32minfo[39m: [GrpcClient] Sending LogCreatedEvent
2025-07-12 17:15:31 - [32minfo[39m: [GrpcClient] TestFrameworkEvent request successful
2025-07-12 17:15:31 - [32minfo[39m: [GrpcClient] LogCreatedEvent request successful
2025-07-12 17:17:38 - [32minfo[39m: Reading configs from /home/dmore/project/playwright-browserstack-typescript/browserstack.yml
2025-07-12 17:17:38 - [32minfo[39m: Log Directory has been set to /home/dmore/project/playwright-browserstack-typescript/log
2025-07-12 17:17:38 - [32minfo[39m: Log Directory has been set to /home/dmore/project/playwright-browserstack-typescript/log
2025-07-12 17:17:38 - [32minfo[39m: Running SDK with args /home/dmore/.nvm/versions/node/v20.18.0/bin/node /home/dmore/project/playwright-browserstack-typescript/node_modules/.bin/browserstack-node-sdk playwright test --config playwright.config.ts example-pom-fixture.spec.ts --project=chrome --workers=2
2025-07-12 17:17:38 - [32minfo[39m: SDK run started with id: 1d1d6742-cea4-4518-95cf-c2632883b2fd
2025-07-12 17:17:39 - [32minfo[39m: Project and debug logs are captured by default. To disable, set disableAutoCaptureLogs: true in config.
2025-07-12 17:17:38 - [32minfo[39m: Running SDK with args /home/dmore/.nvm/versions/node/v20.18.0/bin/node /home/dmore/project/playwright-browserstack-typescript/node_modules/.bin/browserstack-node-sdk playwright test --config playwright.config.ts example-pom-fixture.spec.ts --project=chrome --workers=2
2025-07-12 17:17:38 - [32minfo[39m: SDK run started with id: 1d1d6742-cea4-4518-95cf-c2632883b2fd
2025-07-12 17:17:39 - [32minfo[39m: Project and debug logs are captured by default. To disable, set disableAutoCaptureLogs: true in config.
2025-07-12 17:17:39 - [32minfo[39m: [BrowserstackCLI] startMain: Starting main process
2025-07-12 17:17:39 - [32minfo[39m: [BrowserstackCLI] startMain: Starting main process
2025-07-12 17:17:39 - [32minfo[39m: [CLIUtils] Current CLI Path Found: /home/dmore/.browserstack/cli/binary-linuxstatic-x64
2025-07-12 17:17:39 - [32minfo[39m: [CLIUtils] Current CLI Path Found: /home/dmore/.browserstack/cli/binary-linuxstatic-x64
2025-07-12 17:17:40 - [32minfo[39m: [BrowserstackCLI] spawning command='/home/dmore/.browserstack/cli/binary-linuxstatic-x64,sdk'
2025-07-12 17:17:40 - [32minfo[39m: [BrowserstackCLI] spawning command='/home/dmore/.browserstack/cli/binary-linuxstatic-x64,sdk'
2025-07-12 17:17:40 - [32minfo[39m: [BrowserstackCLI] CLI params loaded: {"id":"5f612b3d-dfa2-4a1c-a217-3d6212d6de7e","listen":"unix:/tmp/sdk-platform-5f612b3d-dfa2-4a1c-a217-3d6212d6de7e.sock"}
2025-07-12 17:17:40 - [32minfo[39m: [BrowserstackCLI] CLI params loaded: {"id":"5f612b3d-dfa2-4a1c-a217-3d6212d6de7e","listen":"unix:/tmp/sdk-platform-5f612b3d-dfa2-4a1c-a217-3d6212d6de7e.sock"}
2025-07-12 17:17:40 - [32minfo[39m: [GrpcClient] Connected to gRPC server at unix:/tmp/sdk-platform-5f612b3d-dfa2-4a1c-a217-3d6212d6de7e.sock
2025-07-12 17:17:40 - [32minfo[39m: [GrpcClient] Initialized gRPC client with bin session id: 5f612b3d-dfa2-4a1c-a217-3d6212d6de7e and listen address: unix:/tmp/sdk-platform-5f612b3d-dfa2-4a1c-a217-3d6212d6de7e.sock
2025-07-12 17:17:40 - [32minfo[39m: [GrpcClient] startBinSession: Calling startBinSession
2025-07-12 17:17:40 - [32minfo[39m: [GrpcClient] Connected to gRPC server at unix:/tmp/sdk-platform-5f612b3d-dfa2-4a1c-a217-3d6212d6de7e.sock
2025-07-12 17:17:40 - [32minfo[39m: [GrpcClient] Initialized gRPC client with bin session id: 5f612b3d-dfa2-4a1c-a217-3d6212d6de7e and listen address: unix:/tmp/sdk-platform-5f612b3d-dfa2-4a1c-a217-3d6212d6de7e.sock
2025-07-12 17:17:40 - [32minfo[39m: [GrpcClient] startBinSession: Calling startBinSession
2025-07-12 17:17:44 - [32minfo[39m: [GrpcClient] StartBinSession successful
2025-07-12 17:17:44 - [32minfo[39m: [GrpcClient] StartBinSession successful
2025-07-12 17:17:44 - [32minfo[39m: [BrowserstackCLI] loadModules: Loading modules
2025-07-12 17:17:44 - [32minfo[39m: [BrowserstackCLI] loadModules: binSessionId=5f612b3d-dfa2-4a1c-a217-3d6212d6de7e
2025-07-12 17:17:44 - [32minfo[39m: [BrowserstackCLI] loading Modules.
2025-07-12 17:17:44 - [32minfo[39m: [BrowserstackCLI] setCliArgs: cliArgs=["playwright","test","--config","playwright.config.ts","example-pom-fixture.spec.ts","--project=chrome","--workers=2"]
2025-07-12 17:17:44 - [32minfo[39m: [BrowserstackCLI] loadModules: Loading modules
2025-07-12 17:17:44 - [32minfo[39m: [BrowserstackCLI] loadModules: binSessionId=5f612b3d-dfa2-4a1c-a217-3d6212d6de7e
2025-07-12 17:17:44 - [32minfo[39m: [BrowserstackCLI] loading Modules.
2025-07-12 17:17:44 - [32minfo[39m: [BrowserstackCLI] setCliArgs: cliArgs=["playwright","test","--config","playwright.config.ts","example-pom-fixture.spec.ts","--project=chrome","--workers=2"]
2025-07-12 17:17:45 - [32minfo[39m: [BrowserstackCLI] Starting as child process with session ID: 5f612b3d-dfa2-4a1c-a217-3d6212d6de7e
2025-07-12 17:17:45 - [32minfo[39m: [GrpcClient] Connected to gRPC server at unix:/tmp/sdk-platform-5f612b3d-dfa2-4a1c-a217-3d6212d6de7e.sock
2025-07-12 17:17:45 - [32minfo[39m: [GrpcClient] Connecting bin session
2025-07-12 17:17:45 - [31merror[39m: [BrowserstackCLI] bootstrap: failed to bootstrap=TypeError: Cannot read properties of undefined (reading 'name')
    at BrowserstackCLI.setupAutomationFramework (/home/dmore/project/playwright-browserstack-typescript/node_modules/browserstack-node-sdk/src/bin/v2/browserstackCLI.js:1:17224)
    at BrowserstackCLI.bootstrap (/home/dmore/project/playwright-browserstack-typescript/node_modules/browserstack-node-sdk/src/bin/v2/browserstackCLI.js:1:2641)
    at Object._modifyPlaywright (/home/dmore/project/playwright-browserstack-typescript/node_modules/browserstack-node-sdk/src/bin/playwright/modifyPlaywrightConf.js:1:23524)
    at Object.<anonymous> (/home/dmore/project/playwright-browserstack-typescript/playwright-browserstack-sdk.config.ts:4:24)
    at Module._compile (node:internal/modules/cjs/loader:1469:14)
    at Module.f._compile (/home/dmore/project/playwright-browserstack-typescript/node_modules/playwright/lib/utilsBundleImpl.js:16:994)
    at Module._extensions..js (node:internal/modules/cjs/loader:1548:10)
    at Object.i.<computed>.ut._extensions.<computed> [as .ts] (/home/dmore/project/playwright-browserstack-typescript/node_modules/playwright/lib/utilsBundleImpl.js:16:1010)
    at Module.load (node:internal/modules/cjs/loader:1288:32)
    at Function.Module._load (node:internal/modules/cjs/loader:1104:12)
    at Module.require (node:internal/modules/cjs/loader:1311:19)
    at require (node:internal/modules/helpers:179:18)
    at requireOrImport (/home/dmore/project/playwright-browserstack-typescript/node_modules/playwright/lib/transform/transform.js:230:18)
    at loadUserConfig (/home/dmore/project/playwright-browserstack-typescript/node_modules/playwright/lib/common/configLoader.js:94:83)
    at loadConfig (/home/dmore/project/playwright-browserstack-typescript/node_modules/playwright/lib/common/configLoader.js:105:28)
    at TestServerDispatcher._loadConfig (/home/dmore/project/playwright-browserstack-typescript/node_modules/playwright/lib/runner/testServer.js:453:22)
    at TestServerDispatcher._loadConfigOrReportError (/home/dmore/project/playwright-browserstack-typescript/node_modules/playwright/lib/runner/testServer.js:477:9)
    at TestServerDispatcher.listFiles (/home/dmore/project/playwright-browserstack-typescript/node_modules/playwright/lib/runner/testServer.js:227:20)
    at t.<anonymous> (/home/dmore/project/playwright-browserstack-typescript/node_modules/playwright-core/lib/utils/httpServer.js:92:26)
2025-07-12 17:17:45 - [32minfo[39m: [BrowserstackCLI] stop: CLI is not running, skipping stop
2025-07-12 17:17:45 - [32minfo[39m: [GrpcClient] ConnectBinSession successful
2025-07-12 17:17:45 - [32minfo[39m: [BrowserstackCLI] loadModules: Loading modules
2025-07-12 17:17:45 - [32minfo[39m: [BrowserstackCLI] loadModules: binSessionId=5f612b3d-dfa2-4a1c-a217-3d6212d6de7e
2025-07-12 17:17:45 - [32minfo[39m: [BrowserstackCLI] loading Modules.
2025-07-12 17:17:45 - [32minfo[39m: [GrpcClient] Getting Playwright config
2025-07-12 17:17:45 - [32minfo[39m: [GrpcClient] PlaywrightConfig request successful
2025-07-12 17:17:45 - [32minfo[39m: [BrowserstackCLI] stop: CLI stop triggered
2025-07-12 17:17:45 - [32minfo[39m: [BrowserstackCLI] stop: CLI stop triggered
2025-07-12 17:17:45 - [32minfo[39m: [GrpcClient] Stopping bin session
2025-07-12 17:17:45 - [32minfo[39m: [GrpcClient] Stopping bin session
2025-07-12 17:17:52 - [32minfo[39m: [GrpcClient] StopBinSession successful
2025-07-12 17:17:52 - [32minfo[39m: [GrpcClient] StopBinSession successful
2025-07-12 17:17:52 - [32minfo[39m: [BrowserstackCLI] stop: stopBinSession build_link=null hashed_id=null o11y_uuid=jopnpvfteb1yojhm3vqh5klffwmodvvdkyynvdbx
2025-07-12 17:17:52 - [32minfo[39m: [BrowserstackCLI] Unconfiguring modules
2025-07-12 17:17:52 - [32minfo[39m: [BrowserstackCLI] stop: channel closed
2025-07-12 17:17:52 - [32minfo[39m: [BrowserstackCLI] stop: stopBinSession build_link=null hashed_id=null o11y_uuid=jopnpvfteb1yojhm3vqh5klffwmodvvdkyynvdbx
2025-07-12 17:17:52 - [32minfo[39m: [BrowserstackCLI] Unconfiguring modules
2025-07-12 17:17:52 - [32minfo[39m: [BrowserstackCLI] stop: channel closed
2025-07-12 17:17:57 - [32minfo[39m: [BrowserstackCLI] stop: shutting down CLI
2025-07-12 17:17:57 - [32minfo[39m: [BrowserstackCLI] stop: shutting down CLI
2025-07-12 17:17:57 - [32minfo[39m: [BrowserstackCLI] stop: CLI process exited
2025-07-12 17:17:57 - [32minfo[39m: [BrowserstackCLI] stop: CLI process exited
2025-07-12 17:17:57 - [32minfo[39m: Visit https://observability.browserstack.com/builds/jopnpvfteb1yojhm3vqh5klffwmodvvdkyynvdbx to view build report, insights, and many more debugging information all at one place!

2025-07-12 17:17:57 - [32minfo[39m: Visit https://observability.browserstack.com/builds/jopnpvfteb1yojhm3vqh5klffwmodvvdkyynvdbx to view build report, insights, and many more debugging information all at one place!

2025-07-12 17:17:58 - [32minfo[39m: SDK run ended for id: 1d1d6742-cea4-4518-95cf-c2632883b2fd, testhub id: jopnpvfteb1yojhm3vqh5klffwmodvvdkyynvdbx
2025-07-12 17:17:58 - [32minfo[39m: SDK run ended for id: 1d1d6742-cea4-4518-95cf-c2632883b2fd, testhub id: jopnpvfteb1yojhm3vqh5klffwmodvvdkyynvdbx
